[0.000000] (-) TimerEvent: {}
[0.003372] (ros2_exercises) JobQueued: {'identifier': 'ros2_exercises', 'dependencies': OrderedDict()}
[0.003436] (ros2_exercises) JobStarted: {'identifier': 'ros2_exercises'}
[0.098030] (-) TimerEvent: {}
[0.198594] (-) TimerEvent: {}
[0.299145] (-) TimerEvent: {}
[0.400405] (-) TimerEvent: {}
[0.501308] (-) TimerEvent: {}
[0.601806] (-) TimerEvent: {}
[0.702580] (-) TimerEvent: {}
[0.803093] (-) TimerEvent: {}
[0.903596] (-) TimerEvent: {}
[1.004121] (-) TimerEvent: {}
[1.104663] (-) TimerEvent: {}
[1.205208] (-) TimerEvent: {}
[1.290643] (ros2_exercises) Command: {'cmd': ['/usr/bin/python3', '-W', 'ignore:setup.py install is deprecated', '-W', 'ignore:easy_install command is deprecated', 'setup.py', 'develop', '--editable', '--build-directory', '/home/sjamil/exercises_ws/build/ros2_exercises/build', '--no-deps', 'symlink_data'], 'cwd': '/home/sjamil/exercises_ws/build/ros2_exercises', 'env': {'VNCDESKTOP': '2ee51c06e6d0:1 (sjamil)', 'QT_SCALE_FACTOR': '1', 'USER': 'sjamil', 'SUPERVISOR_GROUP_NAME': 'vnc', 'HOSTNAME': '2ee51c06e6d0', 'XDG_SESSION_TYPE': 'x11', '__GLX_VENDOR_LIBRARY_NAME': 'nvidia', 'SHLVL': '2', 'LD_LIBRARY_PATH': '/home/sjamil/install/custom_nav2_planner/lib:/home/sjamil/install/create_plan_msgs/lib:/home/sjamil/ros2_ws/install/custom_nav2_planner/lib:/home/sjamil/ros2_ws/install/create_plan_msgs/lib:/opt/ros/humble/opt/rviz_ogre_vendor/lib:/opt/ros/humble/lib/x86_64-linux-gnu:/opt/ros/humble/lib', 'HOME': '/home/sjamil', 'OLDPWD': '/home/sjamil', 'GIO_LAUNCHED_DESKTOP_FILE': '/home/sjamil/Desktop/terminator.desktop', 'ROS_PYTHON_VERSION': '3', 'LC_CTYPE': 'C.UTF-8', 'DBUS_SESSION_BUS_ADDRESS': 'unix:abstract=/tmp/dbus-MF5OJvllFM,guid=8de91efeedb348c1c08c028f674f9ab4', 'COLORTERM': 'truecolor', 'TERMINATOR_DBUS_NAME': 'net.tenshu.Terminator23558193cd9818af7fe4d2c2f5bd9d00f', 'GIO_LAUNCHED_DESKTOP_FILE_PID': '2422', 'GNOME_KEYRING_CONTROL': '/home/sjamil/.cache/keyring-6OE7X2', 'COLCON_PREFIX_PATH': '/home/sjamil/install:/home/sjamil/exercises_ws/install:/home/sjamil/ros2_ws/install', 'ROS_DISTRO': 'humble', '_': '/usr/bin/colcon', 'ROS_VERSION': '2', 'NVIDIA_DRIVER_CAPABILITIES': 'all', 'XDG_SESSION_CLASS': 'user', 'TERM': 'xterm-256color', 'GTK_OVERLAY_SCROLLING': '0', 'ROS_LOCALHOST_ONLY': '0', 'INSIDE_CAJA_PYTHON': '', 'PATH': '/opt/ros/humble/bin:/usr/local/sbin:/usr/local/bin:/usr/sbin:/usr/bin:/sbin:/bin', 'SESSION_MANAGER': 'local/2ee51c06e6d0:@/tmp/.ICE-unix/788,unix/2ee51c06e6d0:/tmp/.ICE-unix/788', 'DISPLAY': ':1', 'TERMINATOR_DBUS_PATH': '/net/tenshu/Terminator2', 'EXERCISES_WS': '/home/sjamil/exercises_ws', 'XDG_CURRENT_DESKTOP': 'MATE', 'SUPERVISOR_ENABLED': '1', 'SSH_AUTH_SOCK': '/home/sjamil/.cache/keyring-6OE7X2/ssh', 'ROS_DOMAIN_ID': '7', 'AMENT_PREFIX_PATH': '/home/sjamil/install/ros2_exercises:/home/sjamil/install/custom_nav2_planner:/home/sjamil/install/create_plan_msgs:/home/sjamil/install/andino_gz:/home/sjamil/exercises_ws/install/ros2_exercises:/home/sjamil/ros2_ws/install/custom_nav2_planner:/home/sjamil/ros2_ws/install/create_plan_msgs:/home/sjamil/ros2_ws/install/andino_gz:/opt/ros/humble', 'DEBIAN_FRONTEND': 'noninteractive', 'TERMINATOR_UUID': 'urn:uuid:309fee9d-c3fb-4644-985d-30d3ae27fa47', 'VNC_PASSWORD': '', 'IGN_GAZEBO_RESOURCE_PATH': '/home/sjamil/install/andino_gz/share/andino_gz/models:/home/sjamil/ros2_ws/install/andino_gz/share/andino_gz/models', 'PASSWD': 'ubuntu', 'SUPERVISOR_SERVER_URL': 'unix:///var/run/supervisor.sock', 'SUPERVISOR_PROCESS_NAME': 'vnc', 'PWD': '/home/sjamil/exercises_ws/build/ros2_exercises', 'PASSWORD': '', 'PYTHONPATH': '/home/sjamil/exercises_ws/build/ros2_exercises/prefix_override:/usr/lib/python3/dist-packages/colcon_core/task/python/colcon_distutils_commands:/home/sjamil/exercises_ws/install/ros2_exercises/lib/python3.10/site-packages:/home/sjamil/build/ros2_exercises:/home/sjamil/install/ros2_exercises/lib/python3.10/site-packages:/home/sjamil/install/create_plan_msgs/local/lib/python3.10/dist-packages:/home/sjamil/install/andino_gz/local/lib/python3.10/dist-packages:/home/sjamil/exercises_ws/build/ros2_exercises:/home/sjamil/exercises_ws/install/ros2_exercises/lib/python3.10/site-packages:/home/sjamil/ros2_ws/install/create_plan_msgs/local/lib/python3.10/dist-packages:/home/sjamil/ros2_ws/install/andino_gz/local/lib/python3.10/dist-packages:/opt/ros/humble/lib/python3.10/site-packages:/opt/ros/humble/local/lib/python3.10/dist-packages', 'NVIDIA_VISIBLE_DEVICES': 'all', 'MATE_DESKTOP_SESSION_ID': 'this-is-deprecated', 'COLCON': '1', 'VTE_VERSION': '6800', 'CMAKE_PREFIX_PATH': '/home/sjamil/install/custom_nav2_planner:/home/sjamil/install/create_plan_msgs:/home/sjamil/install/andino_gz:/home/sjamil/ros2_ws/install/custom_nav2_planner:/home/sjamil/ros2_ws/install/create_plan_msgs:/home/sjamil/ros2_ws/install/andino_gz', 'ROS2_WS': '/home/sjamil/ros2_ws', 'QT_FONT_DPI': '96'}, 'shell': False}
[1.305360] (-) TimerEvent: {}
[1.405855] (-) TimerEvent: {}
[1.506362] (-) TimerEvent: {}
[1.606905] (-) TimerEvent: {}
[1.707429] (-) TimerEvent: {}
[1.715640] (ros2_exercises) StdoutLine: {'line': b'running develop\n'}
[1.807625] (-) TimerEvent: {}
[1.908206] (-) TimerEvent: {}
[1.996730] (ros2_exercises) StdoutLine: {'line': b'running egg_info\n'}
[1.997316] (ros2_exercises) StdoutLine: {'line': b'writing ros2_exercises.egg-info/PKG-INFO\n'}
[1.997567] (ros2_exercises) StdoutLine: {'line': b'writing dependency_links to ros2_exercises.egg-info/dependency_links.txt\n'}
[1.997859] (ros2_exercises) StdoutLine: {'line': b'writing entry points to ros2_exercises.egg-info/entry_points.txt\n'}
[1.998063] (ros2_exercises) StdoutLine: {'line': b'writing requirements to ros2_exercises.egg-info/requires.txt\n'}
[1.998254] (ros2_exercises) StdoutLine: {'line': b'writing top-level names to ros2_exercises.egg-info/top_level.txt\n'}
[2.001112] (ros2_exercises) StdoutLine: {'line': b"reading manifest file 'ros2_exercises.egg-info/SOURCES.txt'\n"}
[2.008345] (-) TimerEvent: {}
[2.022197] (ros2_exercises) StdoutLine: {'line': b"writing manifest file 'ros2_exercises.egg-info/SOURCES.txt'\n"}
[2.024797] (ros2_exercises) StdoutLine: {'line': b'running build_ext\n'}
[2.025102] (ros2_exercises) StdoutLine: {'line': b'Creating /home/sjamil/exercises_ws/install/ros2_exercises/lib/python3.10/site-packages/ros2-exercises.egg-link (link to .)\n'}
[2.026935] (ros2_exercises) StdoutLine: {'line': b'Installing odometry_publisher script to /home/sjamil/exercises_ws/install/ros2_exercises/lib/ros2_exercises\n'}
[2.027147] (ros2_exercises) StdoutLine: {'line': b'\n'}
[2.027288] (ros2_exercises) StdoutLine: {'line': b'Installed /home/sjamil/exercises_ws/build/ros2_exercises\n'}
[2.027428] (ros2_exercises) StdoutLine: {'line': b'running symlink_data\n'}
[2.081370] (ros2_exercises) CommandEnded: {'returncode': 0}
[2.110271] (-) TimerEvent: {}
[2.114668] (ros2_exercises) JobEnded: {'identifier': 'ros2_exercises', 'rc': 0}
[2.116045] (-) EventReactorShutdown: {}
