[0.000000] (-) TimerEvent: {}
[0.001092] (path_planner_example) JobQueued: {'identifier': 'path_planner_example', 'dependencies': OrderedDict()}
[0.001252] (ros2_exercises) JobQueued: {'identifier': 'ros2_exercises', 'dependencies': OrderedDict()}
[0.001295] (ros2_exercises2) JobQueued: {'identifier': 'ros2_exercises2', 'dependencies': OrderedDict()}
[0.001329] (path_planner_example) JobStarted: {'identifier': 'path_planner_example'}
[0.033350] (ros2_exercises) JobStarted: {'identifier': 'ros2_exercises'}
[0.074179] (ros2_exercises2) JobStarted: {'identifier': 'ros2_exercises2'}
[0.097795] (-) TimerEvent: {}
[0.198700] (-) TimerEvent: {}
[0.299682] (-) TimerEvent: {}
[0.400286] (-) TimerEvent: {}
[0.500987] (-) TimerEvent: {}
[0.601912] (-) TimerEvent: {}
[0.702748] (-) TimerEvent: {}
[0.803366] (-) TimerEvent: {}
[0.903966] (-) TimerEvent: {}
[1.004516] (-) TimerEvent: {}
[1.105100] (-) TimerEvent: {}
[1.205617] (-) TimerEvent: {}
[1.306134] (-) TimerEvent: {}
[1.407070] (-) TimerEvent: {}
[1.508021] (-) TimerEvent: {}
[1.609134] (-) TimerEvent: {}
[1.709670] (-) TimerEvent: {}
[1.810190] (-) TimerEvent: {}
[1.910833] (-) TimerEvent: {}
[2.012373] (-) TimerEvent: {}
[2.112885] (-) TimerEvent: {}
[2.213782] (-) TimerEvent: {}
[2.314997] (-) TimerEvent: {}
[2.415580] (-) TimerEvent: {}
[2.516239] (-) TimerEvent: {}
[2.617125] (-) TimerEvent: {}
[2.717734] (-) TimerEvent: {}
[2.818390] (-) TimerEvent: {}
[2.920994] (-) TimerEvent: {}
[3.021761] (-) TimerEvent: {}
[3.122287] (-) TimerEvent: {}
[3.222789] (-) TimerEvent: {}
[3.323320] (-) TimerEvent: {}
[3.423908] (-) TimerEvent: {}
[3.524616] (-) TimerEvent: {}
[3.625309] (-) TimerEvent: {}
[3.725836] (-) TimerEvent: {}
[3.826789] (-) TimerEvent: {}
[3.927498] (-) TimerEvent: {}
[4.029467] (-) TimerEvent: {}
[4.100202] (path_planner_example) Command: {'cmd': ['/usr/bin/python3', '-W', 'ignore:setup.py install is deprecated', '-W', 'ignore:easy_install command is deprecated', 'setup.py', 'develop', '--editable', '--build-directory', '/home/sjamil/exercises_ws/build/path_planner_example/build', '--no-deps', 'symlink_data'], 'cwd': '/home/sjamil/exercises_ws/build/path_planner_example', 'env': {'VNCDESKTOP': 'e996850caebf:1 (sjamil)', 'QT_SCALE_FACTOR': '1', 'USER': 'sjamil', 'SUPERVISOR_GROUP_NAME': 'vnc', 'HOSTNAME': 'e996850caebf', 'XDG_SESSION_TYPE': 'x11', '__GLX_VENDOR_LIBRARY_NAME': 'nvidia', 'SHLVL': '2', 'LD_LIBRARY_PATH': '/home/sjamil/install/custom_nav2_planner/lib:/home/sjamil/install/create_plan_msgs/lib:/home/sjamil/ros2_ws/install/custom_nav2_planner/lib:/home/sjamil/ros2_ws/install/create_plan_msgs/lib:/opt/ros/humble/opt/rviz_ogre_vendor/lib:/opt/ros/humble/lib/x86_64-linux-gnu:/opt/ros/humble/lib', 'HOME': '/home/sjamil', 'OLDPWD': '/home/sjamil', 'GIO_LAUNCHED_DESKTOP_FILE': '/home/sjamil/Desktop/terminator.desktop', 'ROS_PYTHON_VERSION': '3', 'LC_CTYPE': 'C.UTF-8', 'DBUS_SESSION_BUS_ADDRESS': 'unix:abstract=/tmp/dbus-KJHoYzjLbJ,guid=437af6764aed8ebc8c6877c267535b69', 'COLORTERM': 'truecolor', 'TERMINATOR_DBUS_NAME': 'net.tenshu.Terminator23558193cd9818af7fe4d2c2f5bd9d00f', 'GIO_LAUNCHED_DESKTOP_FILE_PID': '6501', 'GNOME_KEYRING_CONTROL': '/home/sjamil/.cache/keyring-3BHAY2', 'COLCON_PREFIX_PATH': '/home/sjamil/exercises_ws/install:/home/sjamil/install:/home/sjamil/ros2_ws/install', 'ROS_DISTRO': 'humble', '_': '/usr/bin/colcon', 'ROS_VERSION': '2', 'NVIDIA_DRIVER_CAPABILITIES': 'all', 'XDG_SESSION_CLASS': 'user', 'TERM': 'xterm-256color', 'GTK_OVERLAY_SCROLLING': '0', 'ROS_LOCALHOST_ONLY': '0', 'INSIDE_CAJA_PYTHON': '', 'PATH': '/opt/ros/humble/bin:/usr/local/sbin:/usr/local/bin:/usr/sbin:/usr/bin:/sbin:/bin', 'SESSION_MANAGER': 'local/e996850caebf:@/tmp/.ICE-unix/1117,unix/e996850caebf:/tmp/.ICE-unix/1117', 'DISPLAY': ':1', 'TERMINATOR_DBUS_PATH': '/net/tenshu/Terminator2', 'EXERCISES_WS': '/home/sjamil/exercises_ws', 'XDG_CURRENT_DESKTOP': 'MATE', 'SUPERVISOR_ENABLED': '1', 'SSH_AUTH_SOCK': '/home/sjamil/.cache/keyring-3BHAY2/ssh', 'ROS_DOMAIN_ID': '7', 'AMENT_PREFIX_PATH': '/home/sjamil/exercises_ws/install/ros2_exercises2:/home/sjamil/exercises_ws/install/ros2_exercises:/home/sjamil/exercises_ws/install/path_planner_example:/home/sjamil/install/ros2_exercises:/home/sjamil/install/custom_nav2_planner:/home/sjamil/install/create_plan_msgs:/home/sjamil/install/andino_gz:/home/sjamil/ros2_ws/install/custom_nav2_planner:/home/sjamil/ros2_ws/install/create_plan_msgs:/home/sjamil/ros2_ws/install/andino_gz:/opt/ros/humble', 'DEBIAN_FRONTEND': 'noninteractive', 'TERMINATOR_UUID': 'urn:uuid:47551c6a-d5a4-4fcd-a43d-2d34bf235735', 'VNC_PASSWORD': '', 'IGN_GAZEBO_RESOURCE_PATH': '/home/sjamil/install/andino_gz/share/andino_gz/models:/home/sjamil/ros2_ws/install/andino_gz/share/andino_gz/models', 'PASSWD': 'ubuntu', 'SUPERVISOR_SERVER_URL': 'unix:///var/run/supervisor.sock', 'SUPERVISOR_PROCESS_NAME': 'vnc', 'PWD': '/home/sjamil/exercises_ws/build/path_planner_example', 'PASSWORD': '', 'PYTHONPATH': '/home/sjamil/exercises_ws/build/path_planner_example/prefix_override:/usr/lib/python3/dist-packages/colcon_core/task/python/colcon_distutils_commands:/home/sjamil/exercises_ws/install/path_planner_example/lib/python3.10/site-packages:/home/sjamil/exercises_ws/build/ros2_exercises2:/home/sjamil/exercises_ws/install/ros2_exercises2/lib/python3.10/site-packages:/home/sjamil/exercises_ws/build/ros2_exercises:/home/sjamil/exercises_ws/install/ros2_exercises/lib/python3.10/site-packages:/home/sjamil/exercises_ws/build/path_planner_example:/home/sjamil/exercises_ws/install/path_planner_example/lib/python3.10/site-packages:/home/sjamil/build/ros2_exercises:/home/sjamil/install/ros2_exercises/lib/python3.10/site-packages:/home/sjamil/install/create_plan_msgs/local/lib/python3.10/dist-packages:/home/sjamil/install/andino_gz/local/lib/python3.10/dist-packages:/home/sjamil/ros2_ws/install/create_plan_msgs/local/lib/python3.10/dist-packages:/home/sjamil/ros2_ws/install/andino_gz/local/lib/python3.10/dist-packages:/opt/ros/humble/lib/python3.10/site-packages:/opt/ros/humble/local/lib/python3.10/dist-packages', 'NVIDIA_VISIBLE_DEVICES': 'all', 'MATE_DESKTOP_SESSION_ID': 'this-is-deprecated', 'COLCON': '1', 'VTE_VERSION': '6800', 'CMAKE_PREFIX_PATH': '/home/sjamil/install/custom_nav2_planner:/home/sjamil/install/create_plan_msgs:/home/sjamil/install/andino_gz:/home/sjamil/ros2_ws/install/custom_nav2_planner:/home/sjamil/ros2_ws/install/create_plan_msgs:/home/sjamil/ros2_ws/install/andino_gz', 'ROS2_WS': '/home/sjamil/ros2_ws', 'QT_FONT_DPI': '96'}, 'shell': False}
[4.129677] (-) TimerEvent: {}
[4.131689] (ros2_exercises2) Command: {'cmd': ['/usr/bin/python3', '-W', 'ignore:setup.py install is deprecated', '-W', 'ignore:easy_install command is deprecated', 'setup.py', 'develop', '--editable', '--build-directory', '/home/sjamil/exercises_ws/build/ros2_exercises2/build', '--no-deps', 'symlink_data'], 'cwd': '/home/sjamil/exercises_ws/build/ros2_exercises2', 'env': {'VNCDESKTOP': 'e996850caebf:1 (sjamil)', 'QT_SCALE_FACTOR': '1', 'USER': 'sjamil', 'SUPERVISOR_GROUP_NAME': 'vnc', 'HOSTNAME': 'e996850caebf', 'XDG_SESSION_TYPE': 'x11', '__GLX_VENDOR_LIBRARY_NAME': 'nvidia', 'SHLVL': '2', 'LD_LIBRARY_PATH': '/home/sjamil/install/custom_nav2_planner/lib:/home/sjamil/install/create_plan_msgs/lib:/home/sjamil/ros2_ws/install/custom_nav2_planner/lib:/home/sjamil/ros2_ws/install/create_plan_msgs/lib:/opt/ros/humble/opt/rviz_ogre_vendor/lib:/opt/ros/humble/lib/x86_64-linux-gnu:/opt/ros/humble/lib', 'HOME': '/home/sjamil', 'OLDPWD': '/home/sjamil', 'GIO_LAUNCHED_DESKTOP_FILE': '/home/sjamil/Desktop/terminator.desktop', 'ROS_PYTHON_VERSION': '3', 'LC_CTYPE': 'C.UTF-8', 'DBUS_SESSION_BUS_ADDRESS': 'unix:abstract=/tmp/dbus-KJHoYzjLbJ,guid=437af6764aed8ebc8c6877c267535b69', 'COLORTERM': 'truecolor', 'TERMINATOR_DBUS_NAME': 'net.tenshu.Terminator23558193cd9818af7fe4d2c2f5bd9d00f', 'GIO_LAUNCHED_DESKTOP_FILE_PID': '6501', 'GNOME_KEYRING_CONTROL': '/home/sjamil/.cache/keyring-3BHAY2', 'COLCON_PREFIX_PATH': '/home/sjamil/exercises_ws/install:/home/sjamil/install:/home/sjamil/ros2_ws/install', 'ROS_DISTRO': 'humble', '_': '/usr/bin/colcon', 'ROS_VERSION': '2', 'NVIDIA_DRIVER_CAPABILITIES': 'all', 'XDG_SESSION_CLASS': 'user', 'TERM': 'xterm-256color', 'GTK_OVERLAY_SCROLLING': '0', 'ROS_LOCALHOST_ONLY': '0', 'INSIDE_CAJA_PYTHON': '', 'PATH': '/opt/ros/humble/bin:/usr/local/sbin:/usr/local/bin:/usr/sbin:/usr/bin:/sbin:/bin', 'SESSION_MANAGER': 'local/e996850caebf:@/tmp/.ICE-unix/1117,unix/e996850caebf:/tmp/.ICE-unix/1117', 'DISPLAY': ':1', 'TERMINATOR_DBUS_PATH': '/net/tenshu/Terminator2', 'EXERCISES_WS': '/home/sjamil/exercises_ws', 'XDG_CURRENT_DESKTOP': 'MATE', 'SUPERVISOR_ENABLED': '1', 'SSH_AUTH_SOCK': '/home/sjamil/.cache/keyring-3BHAY2/ssh', 'ROS_DOMAIN_ID': '7', 'AMENT_PREFIX_PATH': '/home/sjamil/exercises_ws/install/ros2_exercises2:/home/sjamil/exercises_ws/install/ros2_exercises:/home/sjamil/exercises_ws/install/path_planner_example:/home/sjamil/install/ros2_exercises:/home/sjamil/install/custom_nav2_planner:/home/sjamil/install/create_plan_msgs:/home/sjamil/install/andino_gz:/home/sjamil/ros2_ws/install/custom_nav2_planner:/home/sjamil/ros2_ws/install/create_plan_msgs:/home/sjamil/ros2_ws/install/andino_gz:/opt/ros/humble', 'DEBIAN_FRONTEND': 'noninteractive', 'TERMINATOR_UUID': 'urn:uuid:47551c6a-d5a4-4fcd-a43d-2d34bf235735', 'VNC_PASSWORD': '', 'IGN_GAZEBO_RESOURCE_PATH': '/home/sjamil/install/andino_gz/share/andino_gz/models:/home/sjamil/ros2_ws/install/andino_gz/share/andino_gz/models', 'PASSWD': 'ubuntu', 'SUPERVISOR_SERVER_URL': 'unix:///var/run/supervisor.sock', 'SUPERVISOR_PROCESS_NAME': 'vnc', 'PWD': '/home/sjamil/exercises_ws/build/ros2_exercises2', 'PASSWORD': '', 'PYTHONPATH': '/home/sjamil/exercises_ws/build/ros2_exercises2/prefix_override:/usr/lib/python3/dist-packages/colcon_core/task/python/colcon_distutils_commands:/home/sjamil/exercises_ws/install/ros2_exercises2/lib/python3.10/site-packages:/home/sjamil/exercises_ws/build/ros2_exercises2:/home/sjamil/exercises_ws/install/ros2_exercises2/lib/python3.10/site-packages:/home/sjamil/exercises_ws/build/ros2_exercises:/home/sjamil/exercises_ws/install/ros2_exercises/lib/python3.10/site-packages:/home/sjamil/exercises_ws/build/path_planner_example:/home/sjamil/exercises_ws/install/path_planner_example/lib/python3.10/site-packages:/home/sjamil/build/ros2_exercises:/home/sjamil/install/ros2_exercises/lib/python3.10/site-packages:/home/sjamil/install/create_plan_msgs/local/lib/python3.10/dist-packages:/home/sjamil/install/andino_gz/local/lib/python3.10/dist-packages:/home/sjamil/ros2_ws/install/create_plan_msgs/local/lib/python3.10/dist-packages:/home/sjamil/ros2_ws/install/andino_gz/local/lib/python3.10/dist-packages:/opt/ros/humble/lib/python3.10/site-packages:/opt/ros/humble/local/lib/python3.10/dist-packages', 'NVIDIA_VISIBLE_DEVICES': 'all', 'MATE_DESKTOP_SESSION_ID': 'this-is-deprecated', 'COLCON': '1', 'VTE_VERSION': '6800', 'CMAKE_PREFIX_PATH': '/home/sjamil/install/custom_nav2_planner:/home/sjamil/install/create_plan_msgs:/home/sjamil/install/andino_gz:/home/sjamil/ros2_ws/install/custom_nav2_planner:/home/sjamil/ros2_ws/install/create_plan_msgs:/home/sjamil/ros2_ws/install/andino_gz', 'ROS2_WS': '/home/sjamil/ros2_ws', 'QT_FONT_DPI': '96'}, 'shell': False}
[4.229825] (-) TimerEvent: {}
[4.330315] (-) TimerEvent: {}
[4.335615] (ros2_exercises) Command: {'cmd': ['/usr/bin/python3', '-W', 'ignore:setup.py install is deprecated', '-W', 'ignore:easy_install command is deprecated', 'setup.py', 'develop', '--editable', '--build-directory', '/home/sjamil/exercises_ws/build/ros2_exercises/build', '--no-deps', 'symlink_data'], 'cwd': '/home/sjamil/exercises_ws/build/ros2_exercises', 'env': {'VNCDESKTOP': 'e996850caebf:1 (sjamil)', 'QT_SCALE_FACTOR': '1', 'USER': 'sjamil', 'SUPERVISOR_GROUP_NAME': 'vnc', 'HOSTNAME': 'e996850caebf', 'XDG_SESSION_TYPE': 'x11', '__GLX_VENDOR_LIBRARY_NAME': 'nvidia', 'SHLVL': '2', 'LD_LIBRARY_PATH': '/home/sjamil/install/custom_nav2_planner/lib:/home/sjamil/install/create_plan_msgs/lib:/home/sjamil/ros2_ws/install/custom_nav2_planner/lib:/home/sjamil/ros2_ws/install/create_plan_msgs/lib:/opt/ros/humble/opt/rviz_ogre_vendor/lib:/opt/ros/humble/lib/x86_64-linux-gnu:/opt/ros/humble/lib', 'HOME': '/home/sjamil', 'OLDPWD': '/home/sjamil', 'GIO_LAUNCHED_DESKTOP_FILE': '/home/sjamil/Desktop/terminator.desktop', 'ROS_PYTHON_VERSION': '3', 'LC_CTYPE': 'C.UTF-8', 'DBUS_SESSION_BUS_ADDRESS': 'unix:abstract=/tmp/dbus-KJHoYzjLbJ,guid=437af6764aed8ebc8c6877c267535b69', 'COLORTERM': 'truecolor', 'TERMINATOR_DBUS_NAME': 'net.tenshu.Terminator23558193cd9818af7fe4d2c2f5bd9d00f', 'GIO_LAUNCHED_DESKTOP_FILE_PID': '6501', 'GNOME_KEYRING_CONTROL': '/home/sjamil/.cache/keyring-3BHAY2', 'COLCON_PREFIX_PATH': '/home/sjamil/exercises_ws/install:/home/sjamil/install:/home/sjamil/ros2_ws/install', 'ROS_DISTRO': 'humble', '_': '/usr/bin/colcon', 'ROS_VERSION': '2', 'NVIDIA_DRIVER_CAPABILITIES': 'all', 'XDG_SESSION_CLASS': 'user', 'TERM': 'xterm-256color', 'GTK_OVERLAY_SCROLLING': '0', 'ROS_LOCALHOST_ONLY': '0', 'INSIDE_CAJA_PYTHON': '', 'PATH': '/opt/ros/humble/bin:/usr/local/sbin:/usr/local/bin:/usr/sbin:/usr/bin:/sbin:/bin', 'SESSION_MANAGER': 'local/e996850caebf:@/tmp/.ICE-unix/1117,unix/e996850caebf:/tmp/.ICE-unix/1117', 'DISPLAY': ':1', 'TERMINATOR_DBUS_PATH': '/net/tenshu/Terminator2', 'EXERCISES_WS': '/home/sjamil/exercises_ws', 'XDG_CURRENT_DESKTOP': 'MATE', 'SUPERVISOR_ENABLED': '1', 'SSH_AUTH_SOCK': '/home/sjamil/.cache/keyring-3BHAY2/ssh', 'ROS_DOMAIN_ID': '7', 'AMENT_PREFIX_PATH': '/home/sjamil/exercises_ws/install/ros2_exercises2:/home/sjamil/exercises_ws/install/ros2_exercises:/home/sjamil/exercises_ws/install/path_planner_example:/home/sjamil/install/ros2_exercises:/home/sjamil/install/custom_nav2_planner:/home/sjamil/install/create_plan_msgs:/home/sjamil/install/andino_gz:/home/sjamil/ros2_ws/install/custom_nav2_planner:/home/sjamil/ros2_ws/install/create_plan_msgs:/home/sjamil/ros2_ws/install/andino_gz:/opt/ros/humble', 'DEBIAN_FRONTEND': 'noninteractive', 'TERMINATOR_UUID': 'urn:uuid:47551c6a-d5a4-4fcd-a43d-2d34bf235735', 'VNC_PASSWORD': '', 'IGN_GAZEBO_RESOURCE_PATH': '/home/sjamil/install/andino_gz/share/andino_gz/models:/home/sjamil/ros2_ws/install/andino_gz/share/andino_gz/models', 'PASSWD': 'ubuntu', 'SUPERVISOR_SERVER_URL': 'unix:///var/run/supervisor.sock', 'SUPERVISOR_PROCESS_NAME': 'vnc', 'PWD': '/home/sjamil/exercises_ws/build/ros2_exercises', 'PASSWORD': '', 'PYTHONPATH': '/home/sjamil/exercises_ws/build/ros2_exercises/prefix_override:/usr/lib/python3/dist-packages/colcon_core/task/python/colcon_distutils_commands:/home/sjamil/exercises_ws/install/ros2_exercises/lib/python3.10/site-packages:/home/sjamil/exercises_ws/build/ros2_exercises2:/home/sjamil/exercises_ws/install/ros2_exercises2/lib/python3.10/site-packages:/home/sjamil/exercises_ws/build/ros2_exercises:/home/sjamil/exercises_ws/install/ros2_exercises/lib/python3.10/site-packages:/home/sjamil/exercises_ws/build/path_planner_example:/home/sjamil/exercises_ws/install/path_planner_example/lib/python3.10/site-packages:/home/sjamil/build/ros2_exercises:/home/sjamil/install/ros2_exercises/lib/python3.10/site-packages:/home/sjamil/install/create_plan_msgs/local/lib/python3.10/dist-packages:/home/sjamil/install/andino_gz/local/lib/python3.10/dist-packages:/home/sjamil/ros2_ws/install/create_plan_msgs/local/lib/python3.10/dist-packages:/home/sjamil/ros2_ws/install/andino_gz/local/lib/python3.10/dist-packages:/opt/ros/humble/lib/python3.10/site-packages:/opt/ros/humble/local/lib/python3.10/dist-packages', 'NVIDIA_VISIBLE_DEVICES': 'all', 'MATE_DESKTOP_SESSION_ID': 'this-is-deprecated', 'COLCON': '1', 'VTE_VERSION': '6800', 'CMAKE_PREFIX_PATH': '/home/sjamil/install/custom_nav2_planner:/home/sjamil/install/create_plan_msgs:/home/sjamil/install/andino_gz:/home/sjamil/ros2_ws/install/custom_nav2_planner:/home/sjamil/ros2_ws/install/create_plan_msgs:/home/sjamil/ros2_ws/install/andino_gz', 'ROS2_WS': '/home/sjamil/ros2_ws', 'QT_FONT_DPI': '96'}, 'shell': False}
[4.430458] (-) TimerEvent: {}
[4.531090] (-) TimerEvent: {}
[4.633726] (-) TimerEvent: {}
[4.736312] (-) TimerEvent: {}
[4.836911] (-) TimerEvent: {}
[4.864370] (ros2_exercises2) StdoutLine: {'line': b'running develop\n'}
[4.937177] (-) TimerEvent: {}
[5.028848] (path_planner_example) StdoutLine: {'line': b'running develop\n'}
[5.037263] (-) TimerEvent: {}
[5.138078] (-) TimerEvent: {}
[5.238600] (-) TimerEvent: {}
[5.339254] (-) TimerEvent: {}
[5.439833] (-) TimerEvent: {}
[5.540397] (-) TimerEvent: {}
[5.555850] (path_planner_example) StdoutLine: {'line': b'running egg_info\n'}
[5.556169] (path_planner_example) StdoutLine: {'line': b'writing path_planner_example.egg-info/PKG-INFO\n'}
[5.556282] (path_planner_example) StdoutLine: {'line': b'writing dependency_links to path_planner_example.egg-info/dependency_links.txt\n'}
[5.556389] (path_planner_example) StdoutLine: {'line': b'writing entry points to path_planner_example.egg-info/entry_points.txt\n'}
[5.557963] (path_planner_example) StdoutLine: {'line': b'writing requirements to path_planner_example.egg-info/requires.txt\n'}
[5.558115] (path_planner_example) StdoutLine: {'line': b'writing top-level names to path_planner_example.egg-info/top_level.txt\n'}
[5.560911] (path_planner_example) StdoutLine: {'line': b"reading manifest file 'path_planner_example.egg-info/SOURCES.txt'\n"}
[5.562217] (path_planner_example) StdoutLine: {'line': b"writing manifest file 'path_planner_example.egg-info/SOURCES.txt'\n"}
[5.565342] (path_planner_example) StdoutLine: {'line': b'running build_ext\n'}
[5.565682] (path_planner_example) StdoutLine: {'line': b'Creating /home/sjamil/exercises_ws/install/path_planner_example/lib/python3.10/site-packages/path-planner-example.egg-link (link to .)\n'}
[5.568051] (path_planner_example) StdoutLine: {'line': b'Installing path_planner_node script to /home/sjamil/exercises_ws/install/path_planner_example/lib/path_planner_example\n'}
[5.569614] (path_planner_example) StdoutLine: {'line': b'\n'}
[5.569783] (path_planner_example) StdoutLine: {'line': b'Installed /home/sjamil/exercises_ws/build/path_planner_example\n'}
[5.569893] (path_planner_example) StdoutLine: {'line': b'running symlink_data\n'}
[5.583940] (ros2_exercises2) StdoutLine: {'line': b'running egg_info\n'}
[5.584314] (ros2_exercises2) StdoutLine: {'line': b'writing ros2_exercises2.egg-info/PKG-INFO\n'}
[5.585036] (ros2_exercises2) StdoutLine: {'line': b'writing dependency_links to ros2_exercises2.egg-info/dependency_links.txt\n'}
[5.585651] (ros2_exercises2) StdoutLine: {'line': b'writing entry points to ros2_exercises2.egg-info/entry_points.txt\n'}
[5.587084] (ros2_exercises2) StdoutLine: {'line': b'writing requirements to ros2_exercises2.egg-info/requires.txt\n'}
[5.587229] (ros2_exercises2) StdoutLine: {'line': b'writing top-level names to ros2_exercises2.egg-info/top_level.txt\n'}
[5.595169] (ros2_exercises2) StdoutLine: {'line': b"reading manifest file 'ros2_exercises2.egg-info/SOURCES.txt'\n"}
[5.596866] (ros2_exercises2) StdoutLine: {'line': b"writing manifest file 'ros2_exercises2.egg-info/SOURCES.txt'\n"}
[5.602289] (ros2_exercises2) StdoutLine: {'line': b'running build_ext\n'}
[5.607076] (ros2_exercises2) StdoutLine: {'line': b'Creating /home/sjamil/exercises_ws/install/ros2_exercises2/lib/python3.10/site-packages/ros2-exercises2.egg-link (link to .)\n'}
[5.609967] (ros2_exercises2) StdoutLine: {'line': b'Installing odometry_publsiher script to /home/sjamil/exercises_ws/install/ros2_exercises2/lib/ros2_exercises2\n'}
[5.610164] (ros2_exercises2) StdoutLine: {'line': b'\n'}
[5.610262] (ros2_exercises2) StdoutLine: {'line': b'Installed /home/sjamil/exercises_ws/build/ros2_exercises2\n'}
[5.610985] (ros2_exercises2) StdoutLine: {'line': b'running symlink_data\n'}
[5.640838] (-) TimerEvent: {}
[5.644240] (path_planner_example) CommandEnded: {'returncode': 0}
[5.682477] (path_planner_example) JobEnded: {'identifier': 'path_planner_example', 'rc': 0}
[5.709101] (ros2_exercises2) CommandEnded: {'returncode': 0}
[5.741114] (-) TimerEvent: {}
[5.756816] (ros2_exercises2) JobEnded: {'identifier': 'ros2_exercises2', 'rc': 0}
[5.784569] (ros2_exercises) StdoutLine: {'line': b'running develop\n'}
[5.841259] (-) TimerEvent: {}
[5.942667] (-) TimerEvent: {}
[6.043488] (-) TimerEvent: {}
[6.144045] (-) TimerEvent: {}
[6.245103] (-) TimerEvent: {}
[6.345654] (-) TimerEvent: {}
[6.372828] (ros2_exercises) StdoutLine: {'line': b'running egg_info\n'}
[6.373368] (ros2_exercises) StdoutLine: {'line': b'writing ros2_exercises.egg-info/PKG-INFO\n'}
[6.375385] (ros2_exercises) StdoutLine: {'line': b'writing dependency_links to ros2_exercises.egg-info/dependency_links.txt\n'}
[6.375738] (ros2_exercises) StdoutLine: {'line': b'writing entry points to ros2_exercises.egg-info/entry_points.txt\n'}
[6.375866] (ros2_exercises) StdoutLine: {'line': b'writing requirements to ros2_exercises.egg-info/requires.txt\n'}
[6.375994] (ros2_exercises) StdoutLine: {'line': b'writing top-level names to ros2_exercises.egg-info/top_level.txt\n'}
[6.387805] (ros2_exercises) StdoutLine: {'line': b"reading manifest file 'ros2_exercises.egg-info/SOURCES.txt'\n"}
[6.389035] (ros2_exercises) StdoutLine: {'line': b"writing manifest file 'ros2_exercises.egg-info/SOURCES.txt'\n"}
[6.394700] (ros2_exercises) StdoutLine: {'line': b'running build_ext\n'}
[6.394949] (ros2_exercises) StdoutLine: {'line': b'Creating /home/sjamil/exercises_ws/install/ros2_exercises/lib/python3.10/site-packages/ros2-exercises.egg-link (link to .)\n'}
[6.396016] (ros2_exercises) StdoutLine: {'line': b'Installing odometry_publisher script to /home/sjamil/exercises_ws/install/ros2_exercises/lib/ros2_exercises\n'}
[6.397063] (ros2_exercises) StdoutLine: {'line': b'\n'}
[6.397224] (ros2_exercises) StdoutLine: {'line': b'Installed /home/sjamil/exercises_ws/build/ros2_exercises\n'}
[6.397357] (ros2_exercises) StdoutLine: {'line': b'running symlink_data\n'}
[6.445865] (-) TimerEvent: {}
[6.525581] (ros2_exercises) CommandEnded: {'returncode': 0}
[6.546454] (-) TimerEvent: {}
[6.551159] (ros2_exercises) JobEnded: {'identifier': 'ros2_exercises', 'rc': 0}
[6.559724] (-) EventReactorShutdown: {}
