[0.324s] DEBUG:colcon:Command line arguments: ['/usr/bin/colcon', 'build', '--symlink-install']
[0.324s] DEBUG:colcon:Parsed command line arguments: Namespace(log_base=None, log_level=None, verb_name='build', build_base='build', install_base='install', merge_install=False, symlink_install=True, test_result_base=None, continue_on_error=False, executor='parallel', parallel_workers=14, event_handlers=None, ignore_user_meta=False, metas=['./colcon.meta'], base_paths=['.'], packages_ignore=None, packages_ignore_regex=None, paths=None, packages_up_to=None, packages_up_to_regex=None, packages_above=None, packages_above_and_dependencies=None, packages_above_depth=None, packages_select_by_dep=None, packages_skip_by_dep=None, packages_skip_up_to=None, packages_select_build_failed=False, packages_skip_build_finished=False, packages_select_test_failures=False, packages_skip_test_passed=False, packages_select=None, packages_skip=None, packages_select_regex=None, packages_skip_regex=None, packages_start=None, packages_end=None, allow_overriding=[], cmake_args=None, cmake_target=None, cmake_target_skip_unavailable=False, cmake_clean_cache=False, cmake_clean_first=False, cmake_force_configure=False, ament_cmake_args=None, catkin_cmake_args=None, catkin_skip_building_tests=False, verb_parser=<colcon_defaults.argument_parser.defaults.DefaultArgumentsDecorator object at 0x7fd0d1a85840>, verb_extension=<colcon_core.verb.build.BuildVerb object at 0x7fd0d1a84a00>, main=<bound method BuildVerb.main of <colcon_core.verb.build.BuildVerb object at 0x7fd0d1a84a00>>)
[1.100s] Level 1:colcon.colcon_core.package_discovery:discover_packages(colcon_meta) check parameters
[1.100s] Level 1:colcon.colcon_core.package_discovery:discover_packages(recursive) check parameters
[1.100s] Level 1:colcon.colcon_core.package_discovery:discover_packages(ignore) check parameters
[1.101s] Level 1:colcon.colcon_core.package_discovery:discover_packages(path) check parameters
[1.101s] Level 1:colcon.colcon_core.package_discovery:discover_packages(colcon_meta) discover
[1.101s] Level 1:colcon.colcon_core.package_discovery:discover_packages(recursive) discover
[1.101s] INFO:colcon.colcon_core.package_discovery:Crawling recursively for packages in '/home/sjamil/exercises_ws'
[1.101s] Level 1:colcon.colcon_core.package_identification:_identify(.) by extensions ['ignore', 'ignore_ament_install']
[1.102s] Level 1:colcon.colcon_core.package_identification:_identify(.) by extension 'ignore'
[1.102s] Level 1:colcon.colcon_core.package_identification:_identify(.) by extension 'ignore_ament_install'
[1.102s] Level 1:colcon.colcon_core.package_identification:_identify(.) by extensions ['colcon_pkg']
[1.102s] Level 1:colcon.colcon_core.package_identification:_identify(.) by extension 'colcon_pkg'
[1.102s] Level 1:colcon.colcon_core.package_identification:_identify(.) by extensions ['colcon_meta']
[1.102s] Level 1:colcon.colcon_core.package_identification:_identify(.) by extension 'colcon_meta'
[1.102s] Level 1:colcon.colcon_core.package_identification:_identify(.) by extensions ['ros']
[1.102s] Level 1:colcon.colcon_core.package_identification:_identify(.) by extension 'ros'
[1.165s] Level 1:colcon.colcon_core.package_identification:_identify(.) by extensions ['cmake', 'python']
[1.166s] Level 1:colcon.colcon_core.package_identification:_identify(.) by extension 'cmake'
[1.166s] Level 1:colcon.colcon_core.package_identification:_identify(.) by extension 'python'
[1.166s] Level 1:colcon.colcon_core.package_identification:_identify(.) by extensions ['python_setup_py']
[1.166s] Level 1:colcon.colcon_core.package_identification:_identify(.) by extension 'python_setup_py'
[1.166s] Level 1:colcon.colcon_core.package_identification:_identify(build) by extensions ['ignore', 'ignore_ament_install']
[1.166s] Level 1:colcon.colcon_core.package_identification:_identify(build) by extension 'ignore'
[1.166s] Level 1:colcon.colcon_core.package_identification:_identify(build) ignored
[1.167s] Level 1:colcon.colcon_core.package_identification:_identify(install) by extensions ['ignore', 'ignore_ament_install']
[1.167s] Level 1:colcon.colcon_core.package_identification:_identify(install) by extension 'ignore'
[1.167s] Level 1:colcon.colcon_core.package_identification:_identify(install) ignored
[1.167s] Level 1:colcon.colcon_core.package_identification:_identify(log) by extensions ['ignore', 'ignore_ament_install']
[1.167s] Level 1:colcon.colcon_core.package_identification:_identify(log) by extension 'ignore'
[1.168s] Level 1:colcon.colcon_core.package_identification:_identify(log) ignored
[1.168s] Level 1:colcon.colcon_core.package_identification:_identify(src) by extensions ['ignore', 'ignore_ament_install']
[1.169s] Level 1:colcon.colcon_core.package_identification:_identify(src) by extension 'ignore'
[1.169s] Level 1:colcon.colcon_core.package_identification:_identify(src) by extension 'ignore_ament_install'
[1.169s] Level 1:colcon.colcon_core.package_identification:_identify(src) by extensions ['colcon_pkg']
[1.169s] Level 1:colcon.colcon_core.package_identification:_identify(src) by extension 'colcon_pkg'
[1.169s] Level 1:colcon.colcon_core.package_identification:_identify(src) by extensions ['colcon_meta']
[1.169s] Level 1:colcon.colcon_core.package_identification:_identify(src) by extension 'colcon_meta'
[1.169s] Level 1:colcon.colcon_core.package_identification:_identify(src) by extensions ['ros']
[1.169s] Level 1:colcon.colcon_core.package_identification:_identify(src) by extension 'ros'
[1.169s] Level 1:colcon.colcon_core.package_identification:_identify(src) by extensions ['cmake', 'python']
[1.169s] Level 1:colcon.colcon_core.package_identification:_identify(src) by extension 'cmake'
[1.169s] Level 1:colcon.colcon_core.package_identification:_identify(src) by extension 'python'
[1.169s] Level 1:colcon.colcon_core.package_identification:_identify(src) by extensions ['python_setup_py']
[1.169s] Level 1:colcon.colcon_core.package_identification:_identify(src) by extension 'python_setup_py'
[1.170s] Level 1:colcon.colcon_core.package_identification:_identify(src/path_planner_example) by extensions ['ignore', 'ignore_ament_install']
[1.170s] Level 1:colcon.colcon_core.package_identification:_identify(src/path_planner_example) by extension 'ignore'
[1.170s] Level 1:colcon.colcon_core.package_identification:_identify(src/path_planner_example) by extension 'ignore_ament_install'
[1.170s] Level 1:colcon.colcon_core.package_identification:_identify(src/path_planner_example) by extensions ['colcon_pkg']
[1.170s] Level 1:colcon.colcon_core.package_identification:_identify(src/path_planner_example) by extension 'colcon_pkg'
[1.170s] Level 1:colcon.colcon_core.package_identification:_identify(src/path_planner_example) by extensions ['colcon_meta']
[1.170s] Level 1:colcon.colcon_core.package_identification:_identify(src/path_planner_example) by extension 'colcon_meta'
[1.170s] Level 1:colcon.colcon_core.package_identification:_identify(src/path_planner_example) by extensions ['ros']
[1.171s] Level 1:colcon.colcon_core.package_identification:_identify(src/path_planner_example) by extension 'ros'
[1.180s] DEBUG:colcon.colcon_core.package_identification:Package 'src/path_planner_example' with type 'ros.ament_python' and name 'path_planner_example'
[1.180s] Level 1:colcon.colcon_core.package_identification:_identify(src/ros2_exercises) by extensions ['ignore', 'ignore_ament_install']
[1.181s] Level 1:colcon.colcon_core.package_identification:_identify(src/ros2_exercises) by extension 'ignore'
[1.181s] Level 1:colcon.colcon_core.package_identification:_identify(src/ros2_exercises) by extension 'ignore_ament_install'
[1.181s] Level 1:colcon.colcon_core.package_identification:_identify(src/ros2_exercises) by extensions ['colcon_pkg']
[1.181s] Level 1:colcon.colcon_core.package_identification:_identify(src/ros2_exercises) by extension 'colcon_pkg'
[1.181s] Level 1:colcon.colcon_core.package_identification:_identify(src/ros2_exercises) by extensions ['colcon_meta']
[1.181s] Level 1:colcon.colcon_core.package_identification:_identify(src/ros2_exercises) by extension 'colcon_meta'
[1.181s] Level 1:colcon.colcon_core.package_identification:_identify(src/ros2_exercises) by extensions ['ros']
[1.181s] Level 1:colcon.colcon_core.package_identification:_identify(src/ros2_exercises) by extension 'ros'
[1.183s] DEBUG:colcon.colcon_core.package_identification:Package 'src/ros2_exercises' with type 'ros.ament_python' and name 'ros2_exercises'
[1.184s] Level 1:colcon.colcon_core.package_identification:_identify(src/ros2_exercises2) by extensions ['ignore', 'ignore_ament_install']
[1.184s] Level 1:colcon.colcon_core.package_identification:_identify(src/ros2_exercises2) by extension 'ignore'
[1.184s] Level 1:colcon.colcon_core.package_identification:_identify(src/ros2_exercises2) by extension 'ignore_ament_install'
[1.184s] Level 1:colcon.colcon_core.package_identification:_identify(src/ros2_exercises2) by extensions ['colcon_pkg']
[1.184s] Level 1:colcon.colcon_core.package_identification:_identify(src/ros2_exercises2) by extension 'colcon_pkg'
[1.184s] Level 1:colcon.colcon_core.package_identification:_identify(src/ros2_exercises2) by extensions ['colcon_meta']
[1.184s] Level 1:colcon.colcon_core.package_identification:_identify(src/ros2_exercises2) by extension 'colcon_meta'
[1.184s] Level 1:colcon.colcon_core.package_identification:_identify(src/ros2_exercises2) by extensions ['ros']
[1.184s] Level 1:colcon.colcon_core.package_identification:_identify(src/ros2_exercises2) by extension 'ros'
[1.186s] DEBUG:colcon.colcon_core.package_identification:Package 'src/ros2_exercises2' with type 'ros.ament_python' and name 'ros2_exercises2'
[1.186s] Level 1:colcon.colcon_core.package_discovery:discover_packages(recursive) using defaults
[1.187s] Level 1:colcon.colcon_core.package_discovery:discover_packages(ignore) discover
[1.187s] Level 1:colcon.colcon_core.package_discovery:discover_packages(ignore) using defaults
[1.187s] Level 1:colcon.colcon_core.package_discovery:discover_packages(path) discover
[1.187s] Level 1:colcon.colcon_core.package_discovery:discover_packages(path) using defaults
[1.250s] Level 1:colcon.colcon_core.package_discovery:discover_packages(prefix_path) check parameters
[1.250s] Level 1:colcon.colcon_core.package_discovery:discover_packages(prefix_path) discover
[1.258s] DEBUG:colcon.colcon_installed_package_information.package_discovery:Found 3 installed packages in /home/sjamil/exercises_ws/install
[1.259s] DEBUG:colcon.colcon_installed_package_information.package_discovery:Found 4 installed packages in /home/sjamil/install
[1.260s] DEBUG:colcon.colcon_installed_package_information.package_discovery:Found 3 installed packages in /home/sjamil/ros2_ws/install
[1.263s] DEBUG:colcon.colcon_installed_package_information.package_discovery:Found 327 installed packages in /opt/ros/humble
[1.288s] Level 1:colcon.colcon_core.package_discovery:discover_packages(prefix_path) using defaults
[1.427s] Level 5:colcon.colcon_core.verb:set package 'path_planner_example' build argument 'cmake_args' from command line to 'None'
[1.427s] Level 5:colcon.colcon_core.verb:set package 'path_planner_example' build argument 'cmake_target' from command line to 'None'
[1.427s] Level 5:colcon.colcon_core.verb:set package 'path_planner_example' build argument 'cmake_target_skip_unavailable' from command line to 'False'
[1.427s] Level 5:colcon.colcon_core.verb:set package 'path_planner_example' build argument 'cmake_clean_cache' from command line to 'False'
[1.427s] Level 5:colcon.colcon_core.verb:set package 'path_planner_example' build argument 'cmake_clean_first' from command line to 'False'
[1.427s] Level 5:colcon.colcon_core.verb:set package 'path_planner_example' build argument 'cmake_force_configure' from command line to 'False'
[1.427s] Level 5:colcon.colcon_core.verb:set package 'path_planner_example' build argument 'ament_cmake_args' from command line to 'None'
[1.427s] Level 5:colcon.colcon_core.verb:set package 'path_planner_example' build argument 'catkin_cmake_args' from command line to 'None'
[1.427s] Level 5:colcon.colcon_core.verb:set package 'path_planner_example' build argument 'catkin_skip_building_tests' from command line to 'False'
[1.428s] DEBUG:colcon.colcon_core.verb:Building package 'path_planner_example' with the following arguments: {'ament_cmake_args': None, 'build_base': '/home/sjamil/exercises_ws/build/path_planner_example', 'catkin_cmake_args': None, 'catkin_skip_building_tests': False, 'cmake_args': None, 'cmake_clean_cache': False, 'cmake_clean_first': False, 'cmake_force_configure': False, 'cmake_target': None, 'cmake_target_skip_unavailable': False, 'install_base': '/home/sjamil/exercises_ws/install/path_planner_example', 'merge_install': False, 'path': '/home/sjamil/exercises_ws/src/path_planner_example', 'symlink_install': True, 'test_result_base': None}
[1.428s] Level 5:colcon.colcon_core.verb:set package 'ros2_exercises' build argument 'cmake_args' from command line to 'None'
[1.428s] Level 5:colcon.colcon_core.verb:set package 'ros2_exercises' build argument 'cmake_target' from command line to 'None'
[1.428s] Level 5:colcon.colcon_core.verb:set package 'ros2_exercises' build argument 'cmake_target_skip_unavailable' from command line to 'False'
[1.428s] Level 5:colcon.colcon_core.verb:set package 'ros2_exercises' build argument 'cmake_clean_cache' from command line to 'False'
[1.428s] Level 5:colcon.colcon_core.verb:set package 'ros2_exercises' build argument 'cmake_clean_first' from command line to 'False'
[1.428s] Level 5:colcon.colcon_core.verb:set package 'ros2_exercises' build argument 'cmake_force_configure' from command line to 'False'
[1.428s] Level 5:colcon.colcon_core.verb:set package 'ros2_exercises' build argument 'ament_cmake_args' from command line to 'None'
[1.428s] Level 5:colcon.colcon_core.verb:set package 'ros2_exercises' build argument 'catkin_cmake_args' from command line to 'None'
[1.428s] Level 5:colcon.colcon_core.verb:set package 'ros2_exercises' build argument 'catkin_skip_building_tests' from command line to 'False'
[1.428s] DEBUG:colcon.colcon_core.verb:Building package 'ros2_exercises' with the following arguments: {'ament_cmake_args': None, 'build_base': '/home/sjamil/exercises_ws/build/ros2_exercises', 'catkin_cmake_args': None, 'catkin_skip_building_tests': False, 'cmake_args': None, 'cmake_clean_cache': False, 'cmake_clean_first': False, 'cmake_force_configure': False, 'cmake_target': None, 'cmake_target_skip_unavailable': False, 'install_base': '/home/sjamil/exercises_ws/install/ros2_exercises', 'merge_install': False, 'path': '/home/sjamil/exercises_ws/src/ros2_exercises', 'symlink_install': True, 'test_result_base': None}
[1.429s] Level 5:colcon.colcon_core.verb:set package 'ros2_exercises2' build argument 'cmake_args' from command line to 'None'
[1.429s] Level 5:colcon.colcon_core.verb:set package 'ros2_exercises2' build argument 'cmake_target' from command line to 'None'
[1.430s] Level 5:colcon.colcon_core.verb:set package 'ros2_exercises2' build argument 'cmake_target_skip_unavailable' from command line to 'False'
[1.430s] Level 5:colcon.colcon_core.verb:set package 'ros2_exercises2' build argument 'cmake_clean_cache' from command line to 'False'
[1.430s] Level 5:colcon.colcon_core.verb:set package 'ros2_exercises2' build argument 'cmake_clean_first' from command line to 'False'
[1.431s] Level 5:colcon.colcon_core.verb:set package 'ros2_exercises2' build argument 'cmake_force_configure' from command line to 'False'
[1.431s] Level 5:colcon.colcon_core.verb:set package 'ros2_exercises2' build argument 'ament_cmake_args' from command line to 'None'
[1.431s] Level 5:colcon.colcon_core.verb:set package 'ros2_exercises2' build argument 'catkin_cmake_args' from command line to 'None'
[1.431s] Level 5:colcon.colcon_core.verb:set package 'ros2_exercises2' build argument 'catkin_skip_building_tests' from command line to 'False'
[1.432s] DEBUG:colcon.colcon_core.verb:Building package 'ros2_exercises2' with the following arguments: {'ament_cmake_args': None, 'build_base': '/home/sjamil/exercises_ws/build/ros2_exercises2', 'catkin_cmake_args': None, 'catkin_skip_building_tests': False, 'cmake_args': None, 'cmake_clean_cache': False, 'cmake_clean_first': False, 'cmake_force_configure': False, 'cmake_target': None, 'cmake_target_skip_unavailable': False, 'install_base': '/home/sjamil/exercises_ws/install/ros2_exercises2', 'merge_install': False, 'path': '/home/sjamil/exercises_ws/src/ros2_exercises2', 'symlink_install': True, 'test_result_base': None}
[1.432s] INFO:colcon.colcon_core.executor:Executing jobs using 'parallel' executor
[1.434s] DEBUG:colcon.colcon_parallel_executor.executor.parallel:run_until_complete
[1.435s] INFO:colcon.colcon_ros.task.ament_python.build:Building ROS package in '/home/sjamil/exercises_ws/src/path_planner_example' with build type 'ament_python'
[1.435s] Level 1:colcon.colcon_core.shell:create_environment_hook('path_planner_example', 'ament_prefix_path')
[1.439s] INFO:colcon.colcon_core.plugin_system:Skipping extension 'colcon_core.shell.bat': Not used on non-Windows systems
[1.439s] INFO:colcon.colcon_core.shell:Creating environment hook '/home/sjamil/exercises_ws/install/path_planner_example/share/path_planner_example/hook/ament_prefix_path.ps1'
[1.441s] INFO:colcon.colcon_core.shell:Creating environment descriptor '/home/sjamil/exercises_ws/install/path_planner_example/share/path_planner_example/hook/ament_prefix_path.dsv'
[1.443s] INFO:colcon.colcon_core.shell:Creating environment hook '/home/sjamil/exercises_ws/install/path_planner_example/share/path_planner_example/hook/ament_prefix_path.sh'
[1.444s] INFO:colcon.colcon_core.shell:Skip shell extension 'powershell' for command environment: Not usable outside of PowerShell
[1.444s] DEBUG:colcon.colcon_core.shell:Skip shell extension 'dsv' for command environment
[1.452s] INFO:colcon.colcon_ros.task.ament_python.build:Building ROS package in '/home/sjamil/exercises_ws/src/ros2_exercises' with build type 'ament_python'
[1.453s] Level 1:colcon.colcon_core.shell:create_environment_hook('ros2_exercises', 'ament_prefix_path')
[1.453s] INFO:colcon.colcon_core.shell:Creating environment hook '/home/sjamil/exercises_ws/install/ros2_exercises/share/ros2_exercises/hook/ament_prefix_path.ps1'
[1.454s] INFO:colcon.colcon_core.shell:Creating environment descriptor '/home/sjamil/exercises_ws/install/ros2_exercises/share/ros2_exercises/hook/ament_prefix_path.dsv'
[1.455s] INFO:colcon.colcon_core.shell:Creating environment hook '/home/sjamil/exercises_ws/install/ros2_exercises/share/ros2_exercises/hook/ament_prefix_path.sh'
[1.456s] INFO:colcon.colcon_core.shell:Skip shell extension 'powershell' for command environment: Not usable outside of PowerShell
[1.456s] DEBUG:colcon.colcon_core.shell:Skip shell extension 'dsv' for command environment
[1.479s] INFO:colcon.colcon_ros.task.ament_python.build:Building ROS package in '/home/sjamil/exercises_ws/src/ros2_exercises2' with build type 'ament_python'
[1.494s] Level 1:colcon.colcon_core.shell:create_environment_hook('ros2_exercises2', 'ament_prefix_path')
[1.495s] INFO:colcon.colcon_core.shell:Creating environment hook '/home/sjamil/exercises_ws/install/ros2_exercises2/share/ros2_exercises2/hook/ament_prefix_path.ps1'
[1.497s] INFO:colcon.colcon_core.shell:Creating environment descriptor '/home/sjamil/exercises_ws/install/ros2_exercises2/share/ros2_exercises2/hook/ament_prefix_path.dsv'
[1.498s] INFO:colcon.colcon_core.shell:Creating environment hook '/home/sjamil/exercises_ws/install/ros2_exercises2/share/ros2_exercises2/hook/ament_prefix_path.sh'
[1.500s] INFO:colcon.colcon_core.shell:Skip shell extension 'powershell' for command environment: Not usable outside of PowerShell
[1.500s] DEBUG:colcon.colcon_core.shell:Skip shell extension 'dsv' for command environment
[2.297s] INFO:colcon.colcon_core.task.python.build:Building Python package in '/home/sjamil/exercises_ws/src/path_planner_example'
[2.297s] INFO:colcon.colcon_core.shell:Skip shell extension 'powershell' for command environment: Not usable outside of PowerShell
[2.297s] DEBUG:colcon.colcon_core.shell:Skip shell extension 'dsv' for command environment
[3.338s] INFO:colcon.colcon_core.task.python.build:Building Python package in '/home/sjamil/exercises_ws/src/ros2_exercises'
[3.339s] INFO:colcon.colcon_core.shell:Skip shell extension 'powershell' for command environment: Not usable outside of PowerShell
[3.339s] DEBUG:colcon.colcon_core.shell:Skip shell extension 'dsv' for command environment
[4.336s] INFO:colcon.colcon_core.task.python.build:Building Python package in '/home/sjamil/exercises_ws/src/ros2_exercises2'
[4.336s] INFO:colcon.colcon_core.shell:Skip shell extension 'powershell' for command environment: Not usable outside of PowerShell
[4.336s] DEBUG:colcon.colcon_core.shell:Skip shell extension 'dsv' for command environment
[5.424s] DEBUG:colcon.colcon_core.event_handler.log_command:Invoking command in '/home/sjamil/exercises_ws/build/ros2_exercises2': PYTHONPATH=/home/sjamil/exercises_ws/build/ros2_exercises2/prefix_override:/usr/lib/python3/dist-packages/colcon_core/task/python/colcon_distutils_commands:/home/sjamil/exercises_ws/install/ros2_exercises2/lib/python3.10/site-packages:${PYTHONPATH} /usr/bin/python3 -W ignore:setup.py install is deprecated -W ignore:easy_install command is deprecated setup.py develop --editable --build-directory /home/sjamil/exercises_ws/build/ros2_exercises2/build --no-deps symlink_data
[5.597s] DEBUG:colcon.colcon_core.event_handler.log_command:Invoking command in '/home/sjamil/exercises_ws/build/path_planner_example': PYTHONPATH=/home/sjamil/exercises_ws/build/path_planner_example/prefix_override:/usr/lib/python3/dist-packages/colcon_core/task/python/colcon_distutils_commands:/home/sjamil/exercises_ws/install/path_planner_example/lib/python3.10/site-packages:${PYTHONPATH} /usr/bin/python3 -W ignore:setup.py install is deprecated -W ignore:easy_install command is deprecated setup.py develop --editable --build-directory /home/sjamil/exercises_ws/build/path_planner_example/build --no-deps symlink_data
[5.660s] DEBUG:colcon.colcon_core.event_handler.log_command:Invoking command in '/home/sjamil/exercises_ws/build/ros2_exercises': PYTHONPATH=/home/sjamil/exercises_ws/build/ros2_exercises/prefix_override:/usr/lib/python3/dist-packages/colcon_core/task/python/colcon_distutils_commands:/home/sjamil/exercises_ws/install/ros2_exercises/lib/python3.10/site-packages:${PYTHONPATH} /usr/bin/python3 -W ignore:setup.py install is deprecated -W ignore:easy_install command is deprecated setup.py develop --editable --build-directory /home/sjamil/exercises_ws/build/ros2_exercises/build --no-deps symlink_data
[6.656s] Level 1:colcon.colcon_core.shell:create_environment_hook('ros2_exercises2', 'pythonpath_develop')
[6.657s] INFO:colcon.colcon_core.shell:Creating environment hook '/home/sjamil/exercises_ws/build/ros2_exercises2/share/ros2_exercises2/hook/pythonpath_develop.ps1'
[6.658s] DEBUG:colcon.colcon_core.event_handler.log_command:Invoked command in '/home/sjamil/exercises_ws/build/ros2_exercises2' returned '0': PYTHONPATH=/home/sjamil/exercises_ws/build/ros2_exercises2/prefix_override:/usr/lib/python3/dist-packages/colcon_core/task/python/colcon_distutils_commands:/home/sjamil/exercises_ws/install/ros2_exercises2/lib/python3.10/site-packages:${PYTHONPATH} /usr/bin/python3 -W ignore:setup.py install is deprecated -W ignore:easy_install command is deprecated setup.py develop --editable --build-directory /home/sjamil/exercises_ws/build/ros2_exercises2/build --no-deps symlink_data
[6.659s] INFO:colcon.colcon_core.shell:Creating environment descriptor '/home/sjamil/exercises_ws/build/ros2_exercises2/share/ros2_exercises2/hook/pythonpath_develop.dsv'
[6.660s] INFO:colcon.colcon_core.shell:Creating environment hook '/home/sjamil/exercises_ws/build/ros2_exercises2/share/ros2_exercises2/hook/pythonpath_develop.sh'
[6.671s] Level 1:colcon.colcon_core.environment:checking '/home/sjamil/exercises_ws/install/ros2_exercises2' for CMake module files
[6.672s] Level 1:colcon.colcon_core.environment:checking '/home/sjamil/exercises_ws/install/ros2_exercises2' for CMake config files
[6.674s] Level 1:colcon.colcon_core.environment:checking '/home/sjamil/exercises_ws/install/ros2_exercises2/lib'
[6.674s] Level 1:colcon.colcon_core.environment:checking '/home/sjamil/exercises_ws/install/ros2_exercises2/bin'
[6.674s] Level 1:colcon.colcon_core.environment:checking '/home/sjamil/exercises_ws/install/ros2_exercises2/lib/pkgconfig/ros2_exercises2.pc'
[6.675s] Level 1:colcon.colcon_core.environment:checking '/home/sjamil/exercises_ws/install/ros2_exercises2/lib/python3.10/site-packages'
[6.683s] Level 1:colcon.colcon_core.shell:create_environment_hook('ros2_exercises2', 'pythonpath')
[6.686s] INFO:colcon.colcon_core.shell:Creating environment hook '/home/sjamil/exercises_ws/install/ros2_exercises2/share/ros2_exercises2/hook/pythonpath.ps1'
[6.687s] INFO:colcon.colcon_core.shell:Creating environment descriptor '/home/sjamil/exercises_ws/install/ros2_exercises2/share/ros2_exercises2/hook/pythonpath.dsv'
[6.688s] INFO:colcon.colcon_core.shell:Creating environment hook '/home/sjamil/exercises_ws/install/ros2_exercises2/share/ros2_exercises2/hook/pythonpath.sh'
[6.689s] Level 1:colcon.colcon_core.environment:checking '/home/sjamil/exercises_ws/install/ros2_exercises2/bin'
[6.689s] Level 1:colcon.colcon_core.environment:create_environment_scripts_only(ros2_exercises2)
[6.689s] INFO:colcon.colcon_core.shell:Creating package script '/home/sjamil/exercises_ws/install/ros2_exercises2/share/ros2_exercises2/package.ps1'
[6.691s] INFO:colcon.colcon_core.shell:Creating package descriptor '/home/sjamil/exercises_ws/install/ros2_exercises2/share/ros2_exercises2/package.dsv'
[6.696s] INFO:colcon.colcon_core.shell:Creating package script '/home/sjamil/exercises_ws/install/ros2_exercises2/share/ros2_exercises2/package.sh'
[6.697s] INFO:colcon.colcon_core.shell:Creating package script '/home/sjamil/exercises_ws/install/ros2_exercises2/share/ros2_exercises2/package.bash'
[6.701s] INFO:colcon.colcon_core.shell:Creating package script '/home/sjamil/exercises_ws/install/ros2_exercises2/share/ros2_exercises2/package.zsh'
[6.705s] Level 1:colcon.colcon_core.environment:create_file_with_runtime_dependencies(/home/sjamil/exercises_ws/install/ros2_exercises2/share/colcon-core/packages/ros2_exercises2)
[6.992s] Level 1:colcon.colcon_core.shell:create_environment_hook('path_planner_example', 'pythonpath_develop')
[6.996s] INFO:colcon.colcon_core.shell:Creating environment hook '/home/sjamil/exercises_ws/build/path_planner_example/share/path_planner_example/hook/pythonpath_develop.ps1'
[6.997s] INFO:colcon.colcon_core.shell:Creating environment descriptor '/home/sjamil/exercises_ws/build/path_planner_example/share/path_planner_example/hook/pythonpath_develop.dsv'
[6.998s] DEBUG:colcon.colcon_core.event_handler.log_command:Invoked command in '/home/sjamil/exercises_ws/build/path_planner_example' returned '0': PYTHONPATH=/home/sjamil/exercises_ws/build/path_planner_example/prefix_override:/usr/lib/python3/dist-packages/colcon_core/task/python/colcon_distutils_commands:/home/sjamil/exercises_ws/install/path_planner_example/lib/python3.10/site-packages:${PYTHONPATH} /usr/bin/python3 -W ignore:setup.py install is deprecated -W ignore:easy_install command is deprecated setup.py develop --editable --build-directory /home/sjamil/exercises_ws/build/path_planner_example/build --no-deps symlink_data
[7.000s] INFO:colcon.colcon_core.shell:Creating environment hook '/home/sjamil/exercises_ws/build/path_planner_example/share/path_planner_example/hook/pythonpath_develop.sh'
[7.002s] Level 1:colcon.colcon_core.environment:checking '/home/sjamil/exercises_ws/install/path_planner_example' for CMake module files
[7.003s] Level 1:colcon.colcon_core.environment:checking '/home/sjamil/exercises_ws/install/path_planner_example' for CMake config files
[7.004s] Level 1:colcon.colcon_core.environment:checking '/home/sjamil/exercises_ws/install/path_planner_example/lib'
[7.004s] Level 1:colcon.colcon_core.environment:checking '/home/sjamil/exercises_ws/install/path_planner_example/bin'
[7.005s] Level 1:colcon.colcon_core.environment:checking '/home/sjamil/exercises_ws/install/path_planner_example/lib/pkgconfig/path_planner_example.pc'
[7.006s] Level 1:colcon.colcon_core.environment:checking '/home/sjamil/exercises_ws/install/path_planner_example/lib/python3.10/site-packages'
[7.006s] Level 1:colcon.colcon_core.shell:create_environment_hook('path_planner_example', 'pythonpath')
[7.006s] INFO:colcon.colcon_core.shell:Creating environment hook '/home/sjamil/exercises_ws/install/path_planner_example/share/path_planner_example/hook/pythonpath.ps1'
[7.007s] INFO:colcon.colcon_core.shell:Creating environment descriptor '/home/sjamil/exercises_ws/install/path_planner_example/share/path_planner_example/hook/pythonpath.dsv'
[7.008s] INFO:colcon.colcon_core.shell:Creating environment hook '/home/sjamil/exercises_ws/install/path_planner_example/share/path_planner_example/hook/pythonpath.sh'
[7.009s] Level 1:colcon.colcon_core.environment:checking '/home/sjamil/exercises_ws/install/path_planner_example/bin'
[7.010s] Level 1:colcon.colcon_core.environment:create_environment_scripts_only(path_planner_example)
[7.010s] INFO:colcon.colcon_core.shell:Creating package script '/home/sjamil/exercises_ws/install/path_planner_example/share/path_planner_example/package.ps1'
[7.016s] INFO:colcon.colcon_core.shell:Creating package descriptor '/home/sjamil/exercises_ws/install/path_planner_example/share/path_planner_example/package.dsv'
[7.017s] INFO:colcon.colcon_core.shell:Creating package script '/home/sjamil/exercises_ws/install/path_planner_example/share/path_planner_example/package.sh'
[7.018s] INFO:colcon.colcon_core.shell:Creating package script '/home/sjamil/exercises_ws/install/path_planner_example/share/path_planner_example/package.bash'
[7.019s] INFO:colcon.colcon_core.shell:Creating package script '/home/sjamil/exercises_ws/install/path_planner_example/share/path_planner_example/package.zsh'
[7.020s] Level 1:colcon.colcon_core.environment:create_file_with_runtime_dependencies(/home/sjamil/exercises_ws/install/path_planner_example/share/colcon-core/packages/path_planner_example)
[7.578s] Level 1:colcon.colcon_core.shell:create_environment_hook('ros2_exercises', 'pythonpath_develop')
[7.579s] INFO:colcon.colcon_core.shell:Creating environment hook '/home/sjamil/exercises_ws/build/ros2_exercises/share/ros2_exercises/hook/pythonpath_develop.ps1'
[7.581s] INFO:colcon.colcon_core.shell:Creating environment descriptor '/home/sjamil/exercises_ws/build/ros2_exercises/share/ros2_exercises/hook/pythonpath_develop.dsv'
[7.580s] DEBUG:colcon.colcon_core.event_handler.log_command:Invoked command in '/home/sjamil/exercises_ws/build/ros2_exercises' returned '0': PYTHONPATH=/home/sjamil/exercises_ws/build/ros2_exercises/prefix_override:/usr/lib/python3/dist-packages/colcon_core/task/python/colcon_distutils_commands:/home/sjamil/exercises_ws/install/ros2_exercises/lib/python3.10/site-packages:${PYTHONPATH} /usr/bin/python3 -W ignore:setup.py install is deprecated -W ignore:easy_install command is deprecated setup.py develop --editable --build-directory /home/sjamil/exercises_ws/build/ros2_exercises/build --no-deps symlink_data
[7.582s] INFO:colcon.colcon_core.shell:Creating environment hook '/home/sjamil/exercises_ws/build/ros2_exercises/share/ros2_exercises/hook/pythonpath_develop.sh'
[7.583s] Level 1:colcon.colcon_core.environment:checking '/home/sjamil/exercises_ws/install/ros2_exercises' for CMake module files
[7.585s] Level 1:colcon.colcon_core.environment:checking '/home/sjamil/exercises_ws/install/ros2_exercises' for CMake config files
[7.587s] Level 1:colcon.colcon_core.environment:checking '/home/sjamil/exercises_ws/install/ros2_exercises/lib'
[7.588s] Level 1:colcon.colcon_core.environment:checking '/home/sjamil/exercises_ws/install/ros2_exercises/bin'
[7.588s] Level 1:colcon.colcon_core.environment:checking '/home/sjamil/exercises_ws/install/ros2_exercises/lib/pkgconfig/ros2_exercises.pc'
[7.588s] Level 1:colcon.colcon_core.environment:checking '/home/sjamil/exercises_ws/install/ros2_exercises/lib/python3.10/site-packages'
[7.588s] Level 1:colcon.colcon_core.shell:create_environment_hook('ros2_exercises', 'pythonpath')
[7.589s] INFO:colcon.colcon_core.shell:Creating environment hook '/home/sjamil/exercises_ws/install/ros2_exercises/share/ros2_exercises/hook/pythonpath.ps1'
[7.591s] INFO:colcon.colcon_core.shell:Creating environment descriptor '/home/sjamil/exercises_ws/install/ros2_exercises/share/ros2_exercises/hook/pythonpath.dsv'
[7.592s] INFO:colcon.colcon_core.shell:Creating environment hook '/home/sjamil/exercises_ws/install/ros2_exercises/share/ros2_exercises/hook/pythonpath.sh'
[7.595s] Level 1:colcon.colcon_core.environment:checking '/home/sjamil/exercises_ws/install/ros2_exercises/bin'
[7.595s] Level 1:colcon.colcon_core.environment:create_environment_scripts_only(ros2_exercises)
[7.596s] INFO:colcon.colcon_core.shell:Creating package script '/home/sjamil/exercises_ws/install/ros2_exercises/share/ros2_exercises/package.ps1'
[7.597s] INFO:colcon.colcon_core.shell:Creating package descriptor '/home/sjamil/exercises_ws/install/ros2_exercises/share/ros2_exercises/package.dsv'
[7.599s] INFO:colcon.colcon_core.shell:Creating package script '/home/sjamil/exercises_ws/install/ros2_exercises/share/ros2_exercises/package.sh'
[7.600s] INFO:colcon.colcon_core.shell:Creating package script '/home/sjamil/exercises_ws/install/ros2_exercises/share/ros2_exercises/package.bash'
[7.604s] INFO:colcon.colcon_core.shell:Creating package script '/home/sjamil/exercises_ws/install/ros2_exercises/share/ros2_exercises/package.zsh'
[7.605s] Level 1:colcon.colcon_core.environment:create_file_with_runtime_dependencies(/home/sjamil/exercises_ws/install/ros2_exercises/share/colcon-core/packages/ros2_exercises)
[7.606s] DEBUG:colcon.colcon_parallel_executor.executor.parallel:closing loop
[7.606s] DEBUG:colcon.colcon_parallel_executor.executor.parallel:loop closed
[7.607s] DEBUG:colcon.colcon_parallel_executor.executor.parallel:run_until_complete finished with '0'
[7.608s] DEBUG:colcon.colcon_core.event_reactor:joining thread
[7.626s] INFO:colcon.colcon_core.plugin_system:Skipping extension 'colcon_notification.desktop_notification.terminal_notifier': Not used on non-Darwin systems
[7.626s] INFO:colcon.colcon_core.plugin_system:Skipping extension 'colcon_notification.desktop_notification.win32': Not used on non-Windows systems
[7.626s] INFO:colcon.colcon_notification.desktop_notification:Sending desktop notification using 'notify2'
[8.482s] DEBUG:colcon.colcon_core.event_reactor:joined thread
[8.483s] INFO:colcon.colcon_core.shell:Creating prefix script '/home/sjamil/exercises_ws/install/local_setup.ps1'
[8.485s] INFO:colcon.colcon_core.shell:Creating prefix util module '/home/sjamil/exercises_ws/install/_local_setup_util_ps1.py'
[8.498s] INFO:colcon.colcon_core.shell:Creating prefix chain script '/home/sjamil/exercises_ws/install/setup.ps1'
[8.503s] INFO:colcon.colcon_core.shell:Creating prefix script '/home/sjamil/exercises_ws/install/local_setup.sh'
[8.506s] INFO:colcon.colcon_core.shell:Creating prefix util module '/home/sjamil/exercises_ws/install/_local_setup_util_sh.py'
[8.508s] INFO:colcon.colcon_core.shell:Creating prefix chain script '/home/sjamil/exercises_ws/install/setup.sh'
[8.524s] INFO:colcon.colcon_core.shell:Creating prefix script '/home/sjamil/exercises_ws/install/local_setup.bash'
[8.527s] INFO:colcon.colcon_core.shell:Creating prefix chain script '/home/sjamil/exercises_ws/install/setup.bash'
[8.534s] INFO:colcon.colcon_core.shell:Creating prefix script '/home/sjamil/exercises_ws/install/local_setup.zsh'
[8.541s] INFO:colcon.colcon_core.shell:Creating prefix chain script '/home/sjamil/exercises_ws/install/setup.zsh'
