[0.000000] (-) TimerEvent: {}
[0.001164] (path_planner_example) JobQueued: {'identifier': 'path_planner_example', 'dependencies': OrderedDict()}
[0.001302] (ros2_exercises) JobQueued: {'identifier': 'ros2_exercises', 'dependencies': OrderedDict()}
[0.001333] (ros2_exercises2) JobQueued: {'identifier': 'ros2_exercises2', 'dependencies': OrderedDict()}
[0.001358] (path_planner_example) JobStarted: {'identifier': 'path_planner_example'}
[0.049956] (ros2_exercises) JobStarted: {'identifier': 'ros2_exercises'}
[0.089999] (ros2_exercises2) JobStarted: {'identifier': 'ros2_exercises2'}
[0.096376] (-) TimerEvent: {}
[0.203409] (-) TimerEvent: {}
[0.304207] (-) TimerEvent: {}
[0.404811] (-) TimerEvent: {}
[0.505368] (-) TimerEvent: {}
[0.606450] (-) TimerEvent: {}
[0.707252] (-) TimerEvent: {}
[0.808056] (-) TimerEvent: {}
[0.909140] (-) TimerEvent: {}
[1.009758] (-) TimerEvent: {}
[1.110317] (-) TimerEvent: {}
[1.211603] (-) TimerEvent: {}
[1.312107] (-) TimerEvent: {}
[1.414931] (-) TimerEvent: {}
[1.516301] (-) TimerEvent: {}
[1.616931] (-) TimerEvent: {}
[1.717458] (-) TimerEvent: {}
[1.818034] (-) TimerEvent: {}
[1.918629] (-) TimerEvent: {}
[2.019465] (-) TimerEvent: {}
[2.119992] (-) TimerEvent: {}
[2.220875] (-) TimerEvent: {}
[2.322428] (-) TimerEvent: {}
[2.423103] (-) TimerEvent: {}
[2.523819] (-) TimerEvent: {}
[2.624307] (-) TimerEvent: {}
[2.724873] (-) TimerEvent: {}
[2.825403] (-) TimerEvent: {}
[2.925953] (-) TimerEvent: {}
[3.026516] (-) TimerEvent: {}
[3.127109] (-) TimerEvent: {}
[3.227655] (-) TimerEvent: {}
[3.328833] (-) TimerEvent: {}
[3.429367] (-) TimerEvent: {}
[3.530124] (-) TimerEvent: {}
[3.630634] (-) TimerEvent: {}
[3.731632] (-) TimerEvent: {}
[3.833538] (-) TimerEvent: {}
[3.935285] (-) TimerEvent: {}
[4.035818] (-) TimerEvent: {}
[4.136577] (-) TimerEvent: {}
[4.237109] (-) TimerEvent: {}
[4.337557] (-) TimerEvent: {}
[4.437997] (-) TimerEvent: {}
[4.538625] (-) TimerEvent: {}
[4.639452] (-) TimerEvent: {}
[4.740559] (-) TimerEvent: {}
[4.842528] (-) TimerEvent: {}
[4.943067] (-) TimerEvent: {}
[5.043878] (-) TimerEvent: {}
[5.145210] (-) TimerEvent: {}
[5.245676] (-) TimerEvent: {}
[5.346177] (-) TimerEvent: {}
[5.446925] (-) TimerEvent: {}
[5.547508] (-) TimerEvent: {}
[5.648015] (-) TimerEvent: {}
[5.750823] (-) TimerEvent: {}
[5.851313] (-) TimerEvent: {}
[5.916948] (path_planner_example) Command: {'cmd': ['/usr/bin/python3', '-W', 'ignore:setup.py install is deprecated', '-W', 'ignore:easy_install command is deprecated', 'setup.py', 'develop', '--editable', '--build-directory', '/home/sjamil/exercises_ws/build/path_planner_example/build', '--no-deps', 'symlink_data'], 'cwd': '/home/sjamil/exercises_ws/build/path_planner_example', 'env': {'VNCDESKTOP': '3f53e8a29a10:1 (sjamil)', 'QT_SCALE_FACTOR': '1', 'USER': 'sjamil', 'SUPERVISOR_GROUP_NAME': 'vnc', 'HOSTNAME': '3f53e8a29a10', 'XDG_SESSION_TYPE': 'x11', '__GLX_VENDOR_LIBRARY_NAME': 'nvidia', 'SHLVL': '2', 'LD_LIBRARY_PATH': '/home/sjamil/ros2_ws/install/custom_nav2_planner/lib:/home/sjamil/ros2_ws/install/create_plan_msgs/lib:/home/sjamil/install/custom_nav2_planner/lib:/home/sjamil/install/create_plan_msgs/lib:/opt/ros/humble/opt/rviz_ogre_vendor/lib:/opt/ros/humble/lib/x86_64-linux-gnu:/opt/ros/humble/lib', 'HOME': '/home/sjamil', 'OLDPWD': '/home/sjamil', 'GIO_LAUNCHED_DESKTOP_FILE': '/home/sjamil/Desktop/terminator.desktop', 'ROS_PYTHON_VERSION': '3', 'LC_CTYPE': 'C.UTF-8', 'DBUS_SESSION_BUS_ADDRESS': 'unix:abstract=/tmp/dbus-CUPeDPaEHe,guid=30871fbd2c72b6ecfc8328146755c986', 'COLORTERM': 'truecolor', 'TERMINATOR_DBUS_NAME': 'net.tenshu.Terminator23558193cd9818af7fe4d2c2f5bd9d00f', 'GIO_LAUNCHED_DESKTOP_FILE_PID': '40708', 'GNOME_KEYRING_CONTROL': '/home/sjamil/.cache/keyring-Q3RUY2', 'COLCON_PREFIX_PATH': '/home/sjamil/exercises_ws/install:/home/sjamil/install:/home/sjamil/ros2_ws/install', 'ROS_DISTRO': 'humble', '_': '/usr/bin/colcon', 'ROS_VERSION': '2', 'NVIDIA_DRIVER_CAPABILITIES': 'all', 'XDG_SESSION_CLASS': 'user', 'TERM': 'xterm-256color', 'GTK_OVERLAY_SCROLLING': '0', 'ROS_LOCALHOST_ONLY': '0', 'INSIDE_CAJA_PYTHON': '', 'PATH': '/opt/ros/humble/bin:/usr/local/sbin:/usr/local/bin:/usr/sbin:/usr/bin:/sbin:/bin', 'SESSION_MANAGER': 'local/3f53e8a29a10:@/tmp/.ICE-unix/1127,unix/3f53e8a29a10:/tmp/.ICE-unix/1127', 'DISPLAY': ':1', 'TERMINATOR_DBUS_PATH': '/net/tenshu/Terminator2', 'EXERCISES_WS': '/home/sjamil/exercises_ws', 'XDG_CURRENT_DESKTOP': 'MATE', 'SUPERVISOR_ENABLED': '1', 'SSH_AUTH_SOCK': '/home/sjamil/.cache/keyring-Q3RUY2/ssh', 'ROS_DOMAIN_ID': '7', 'AMENT_PREFIX_PATH': '/home/sjamil/ros2_ws/install/custom_nav2_planner:/home/sjamil/ros2_ws/install/create_plan_msgs:/home/sjamil/ros2_ws/install/andino_gz:/home/sjamil/exercises_ws/install/ros2_exercises2:/home/sjamil/exercises_ws/install/ros2_exercises:/home/sjamil/exercises_ws/install/path_planner_example:/home/sjamil/install/ros2_exercises:/home/sjamil/install/custom_nav2_planner:/home/sjamil/install/create_plan_msgs:/home/sjamil/install/andino_gz:/opt/ros/humble', 'DEBIAN_FRONTEND': 'noninteractive', 'TERMINATOR_UUID': 'urn:uuid:1869a5cf-203b-476c-918e-ed0986ce5fb8', 'VNC_PASSWORD': '', 'IGN_GAZEBO_RESOURCE_PATH': '/home/sjamil/ros2_ws/install/andino_gz/share/andino_gz/models:/home/sjamil/install/andino_gz/share/andino_gz/models', 'PASSWD': 'ubuntu', 'SUPERVISOR_SERVER_URL': 'unix:///var/run/supervisor.sock', 'SUPERVISOR_PROCESS_NAME': 'vnc', 'PWD': '/home/sjamil/exercises_ws/build/path_planner_example', 'PASSWORD': '', 'PYTHONPATH': '/home/sjamil/exercises_ws/build/path_planner_example/prefix_override:/usr/lib/python3/dist-packages/colcon_core/task/python/colcon_distutils_commands:/home/sjamil/exercises_ws/install/path_planner_example/lib/python3.10/site-packages:/home/sjamil/ros2_ws/install/create_plan_msgs/local/lib/python3.10/dist-packages:/home/sjamil/ros2_ws/install/andino_gz/local/lib/python3.10/dist-packages:/home/sjamil/exercises_ws/build/ros2_exercises2:/home/sjamil/exercises_ws/install/ros2_exercises2/lib/python3.10/site-packages:/home/sjamil/exercises_ws/build/ros2_exercises:/home/sjamil/exercises_ws/install/ros2_exercises/lib/python3.10/site-packages:/home/sjamil/exercises_ws/build/path_planner_example:/home/sjamil/exercises_ws/install/path_planner_example/lib/python3.10/site-packages:/home/sjamil/build/ros2_exercises:/home/sjamil/install/ros2_exercises/lib/python3.10/site-packages:/home/sjamil/install/create_plan_msgs/local/lib/python3.10/dist-packages:/home/sjamil/install/andino_gz/local/lib/python3.10/dist-packages:/opt/ros/humble/lib/python3.10/site-packages:/opt/ros/humble/local/lib/python3.10/dist-packages', 'NVIDIA_VISIBLE_DEVICES': 'all', 'MATE_DESKTOP_SESSION_ID': 'this-is-deprecated', 'COLCON': '1', 'VTE_VERSION': '6800', 'CMAKE_PREFIX_PATH': '/home/sjamil/ros2_ws/install/custom_nav2_planner:/home/sjamil/ros2_ws/install/create_plan_msgs:/home/sjamil/ros2_ws/install/andino_gz:/home/sjamil/install/custom_nav2_planner:/home/sjamil/install/create_plan_msgs:/home/sjamil/install/andino_gz', 'ROS2_WS': '/home/sjamil/ros2_ws', 'QT_FONT_DPI': '96'}, 'shell': False}
[5.956980] (ros2_exercises) Command: {'cmd': ['/usr/bin/python3', '-W', 'ignore:setup.py install is deprecated', '-W', 'ignore:easy_install command is deprecated', 'setup.py', 'develop', '--editable', '--build-directory', '/home/sjamil/exercises_ws/build/ros2_exercises/build', '--no-deps', 'symlink_data'], 'cwd': '/home/sjamil/exercises_ws/build/ros2_exercises', 'env': {'VNCDESKTOP': '3f53e8a29a10:1 (sjamil)', 'QT_SCALE_FACTOR': '1', 'USER': 'sjamil', 'SUPERVISOR_GROUP_NAME': 'vnc', 'HOSTNAME': '3f53e8a29a10', 'XDG_SESSION_TYPE': 'x11', '__GLX_VENDOR_LIBRARY_NAME': 'nvidia', 'SHLVL': '2', 'LD_LIBRARY_PATH': '/home/sjamil/ros2_ws/install/custom_nav2_planner/lib:/home/sjamil/ros2_ws/install/create_plan_msgs/lib:/home/sjamil/install/custom_nav2_planner/lib:/home/sjamil/install/create_plan_msgs/lib:/opt/ros/humble/opt/rviz_ogre_vendor/lib:/opt/ros/humble/lib/x86_64-linux-gnu:/opt/ros/humble/lib', 'HOME': '/home/sjamil', 'OLDPWD': '/home/sjamil', 'GIO_LAUNCHED_DESKTOP_FILE': '/home/sjamil/Desktop/terminator.desktop', 'ROS_PYTHON_VERSION': '3', 'LC_CTYPE': 'C.UTF-8', 'DBUS_SESSION_BUS_ADDRESS': 'unix:abstract=/tmp/dbus-CUPeDPaEHe,guid=30871fbd2c72b6ecfc8328146755c986', 'COLORTERM': 'truecolor', 'TERMINATOR_DBUS_NAME': 'net.tenshu.Terminator23558193cd9818af7fe4d2c2f5bd9d00f', 'GIO_LAUNCHED_DESKTOP_FILE_PID': '40708', 'GNOME_KEYRING_CONTROL': '/home/sjamil/.cache/keyring-Q3RUY2', 'COLCON_PREFIX_PATH': '/home/sjamil/exercises_ws/install:/home/sjamil/install:/home/sjamil/ros2_ws/install', 'ROS_DISTRO': 'humble', '_': '/usr/bin/colcon', 'ROS_VERSION': '2', 'NVIDIA_DRIVER_CAPABILITIES': 'all', 'XDG_SESSION_CLASS': 'user', 'TERM': 'xterm-256color', 'GTK_OVERLAY_SCROLLING': '0', 'ROS_LOCALHOST_ONLY': '0', 'INSIDE_CAJA_PYTHON': '', 'PATH': '/opt/ros/humble/bin:/usr/local/sbin:/usr/local/bin:/usr/sbin:/usr/bin:/sbin:/bin', 'SESSION_MANAGER': 'local/3f53e8a29a10:@/tmp/.ICE-unix/1127,unix/3f53e8a29a10:/tmp/.ICE-unix/1127', 'DISPLAY': ':1', 'TERMINATOR_DBUS_PATH': '/net/tenshu/Terminator2', 'EXERCISES_WS': '/home/sjamil/exercises_ws', 'XDG_CURRENT_DESKTOP': 'MATE', 'SUPERVISOR_ENABLED': '1', 'SSH_AUTH_SOCK': '/home/sjamil/.cache/keyring-Q3RUY2/ssh', 'ROS_DOMAIN_ID': '7', 'AMENT_PREFIX_PATH': '/home/sjamil/ros2_ws/install/custom_nav2_planner:/home/sjamil/ros2_ws/install/create_plan_msgs:/home/sjamil/ros2_ws/install/andino_gz:/home/sjamil/exercises_ws/install/ros2_exercises2:/home/sjamil/exercises_ws/install/ros2_exercises:/home/sjamil/exercises_ws/install/path_planner_example:/home/sjamil/install/ros2_exercises:/home/sjamil/install/custom_nav2_planner:/home/sjamil/install/create_plan_msgs:/home/sjamil/install/andino_gz:/opt/ros/humble', 'DEBIAN_FRONTEND': 'noninteractive', 'TERMINATOR_UUID': 'urn:uuid:1869a5cf-203b-476c-918e-ed0986ce5fb8', 'VNC_PASSWORD': '', 'IGN_GAZEBO_RESOURCE_PATH': '/home/sjamil/ros2_ws/install/andino_gz/share/andino_gz/models:/home/sjamil/install/andino_gz/share/andino_gz/models', 'PASSWD': 'ubuntu', 'SUPERVISOR_SERVER_URL': 'unix:///var/run/supervisor.sock', 'SUPERVISOR_PROCESS_NAME': 'vnc', 'PWD': '/home/sjamil/exercises_ws/build/ros2_exercises', 'PASSWORD': '', 'PYTHONPATH': '/home/sjamil/exercises_ws/build/ros2_exercises/prefix_override:/usr/lib/python3/dist-packages/colcon_core/task/python/colcon_distutils_commands:/home/sjamil/exercises_ws/install/ros2_exercises/lib/python3.10/site-packages:/home/sjamil/ros2_ws/install/create_plan_msgs/local/lib/python3.10/dist-packages:/home/sjamil/ros2_ws/install/andino_gz/local/lib/python3.10/dist-packages:/home/sjamil/exercises_ws/build/ros2_exercises2:/home/sjamil/exercises_ws/install/ros2_exercises2/lib/python3.10/site-packages:/home/sjamil/exercises_ws/build/ros2_exercises:/home/sjamil/exercises_ws/install/ros2_exercises/lib/python3.10/site-packages:/home/sjamil/exercises_ws/build/path_planner_example:/home/sjamil/exercises_ws/install/path_planner_example/lib/python3.10/site-packages:/home/sjamil/build/ros2_exercises:/home/sjamil/install/ros2_exercises/lib/python3.10/site-packages:/home/sjamil/install/create_plan_msgs/local/lib/python3.10/dist-packages:/home/sjamil/install/andino_gz/local/lib/python3.10/dist-packages:/opt/ros/humble/lib/python3.10/site-packages:/opt/ros/humble/local/lib/python3.10/dist-packages', 'NVIDIA_VISIBLE_DEVICES': 'all', 'MATE_DESKTOP_SESSION_ID': 'this-is-deprecated', 'COLCON': '1', 'VTE_VERSION': '6800', 'CMAKE_PREFIX_PATH': '/home/sjamil/ros2_ws/install/custom_nav2_planner:/home/sjamil/ros2_ws/install/create_plan_msgs:/home/sjamil/ros2_ws/install/andino_gz:/home/sjamil/install/custom_nav2_planner:/home/sjamil/install/create_plan_msgs:/home/sjamil/install/andino_gz', 'ROS2_WS': '/home/sjamil/ros2_ws', 'QT_FONT_DPI': '96'}, 'shell': False}
[5.961111] (-) TimerEvent: {}
[6.035557] (ros2_exercises2) Command: {'cmd': ['/usr/bin/python3', '-W', 'ignore:setup.py install is deprecated', '-W', 'ignore:easy_install command is deprecated', 'setup.py', 'develop', '--editable', '--build-directory', '/home/sjamil/exercises_ws/build/ros2_exercises2/build', '--no-deps', 'symlink_data'], 'cwd': '/home/sjamil/exercises_ws/build/ros2_exercises2', 'env': {'VNCDESKTOP': '3f53e8a29a10:1 (sjamil)', 'QT_SCALE_FACTOR': '1', 'USER': 'sjamil', 'SUPERVISOR_GROUP_NAME': 'vnc', 'HOSTNAME': '3f53e8a29a10', 'XDG_SESSION_TYPE': 'x11', '__GLX_VENDOR_LIBRARY_NAME': 'nvidia', 'SHLVL': '2', 'LD_LIBRARY_PATH': '/home/sjamil/ros2_ws/install/custom_nav2_planner/lib:/home/sjamil/ros2_ws/install/create_plan_msgs/lib:/home/sjamil/install/custom_nav2_planner/lib:/home/sjamil/install/create_plan_msgs/lib:/opt/ros/humble/opt/rviz_ogre_vendor/lib:/opt/ros/humble/lib/x86_64-linux-gnu:/opt/ros/humble/lib', 'HOME': '/home/sjamil', 'OLDPWD': '/home/sjamil', 'GIO_LAUNCHED_DESKTOP_FILE': '/home/sjamil/Desktop/terminator.desktop', 'ROS_PYTHON_VERSION': '3', 'LC_CTYPE': 'C.UTF-8', 'DBUS_SESSION_BUS_ADDRESS': 'unix:abstract=/tmp/dbus-CUPeDPaEHe,guid=30871fbd2c72b6ecfc8328146755c986', 'COLORTERM': 'truecolor', 'TERMINATOR_DBUS_NAME': 'net.tenshu.Terminator23558193cd9818af7fe4d2c2f5bd9d00f', 'GIO_LAUNCHED_DESKTOP_FILE_PID': '40708', 'GNOME_KEYRING_CONTROL': '/home/sjamil/.cache/keyring-Q3RUY2', 'COLCON_PREFIX_PATH': '/home/sjamil/exercises_ws/install:/home/sjamil/install:/home/sjamil/ros2_ws/install', 'ROS_DISTRO': 'humble', '_': '/usr/bin/colcon', 'ROS_VERSION': '2', 'NVIDIA_DRIVER_CAPABILITIES': 'all', 'XDG_SESSION_CLASS': 'user', 'TERM': 'xterm-256color', 'GTK_OVERLAY_SCROLLING': '0', 'ROS_LOCALHOST_ONLY': '0', 'INSIDE_CAJA_PYTHON': '', 'PATH': '/opt/ros/humble/bin:/usr/local/sbin:/usr/local/bin:/usr/sbin:/usr/bin:/sbin:/bin', 'SESSION_MANAGER': 'local/3f53e8a29a10:@/tmp/.ICE-unix/1127,unix/3f53e8a29a10:/tmp/.ICE-unix/1127', 'DISPLAY': ':1', 'TERMINATOR_DBUS_PATH': '/net/tenshu/Terminator2', 'EXERCISES_WS': '/home/sjamil/exercises_ws', 'XDG_CURRENT_DESKTOP': 'MATE', 'SUPERVISOR_ENABLED': '1', 'SSH_AUTH_SOCK': '/home/sjamil/.cache/keyring-Q3RUY2/ssh', 'ROS_DOMAIN_ID': '7', 'AMENT_PREFIX_PATH': '/home/sjamil/ros2_ws/install/custom_nav2_planner:/home/sjamil/ros2_ws/install/create_plan_msgs:/home/sjamil/ros2_ws/install/andino_gz:/home/sjamil/exercises_ws/install/ros2_exercises2:/home/sjamil/exercises_ws/install/ros2_exercises:/home/sjamil/exercises_ws/install/path_planner_example:/home/sjamil/install/ros2_exercises:/home/sjamil/install/custom_nav2_planner:/home/sjamil/install/create_plan_msgs:/home/sjamil/install/andino_gz:/opt/ros/humble', 'DEBIAN_FRONTEND': 'noninteractive', 'TERMINATOR_UUID': 'urn:uuid:1869a5cf-203b-476c-918e-ed0986ce5fb8', 'VNC_PASSWORD': '', 'IGN_GAZEBO_RESOURCE_PATH': '/home/sjamil/ros2_ws/install/andino_gz/share/andino_gz/models:/home/sjamil/install/andino_gz/share/andino_gz/models', 'PASSWD': 'ubuntu', 'SUPERVISOR_SERVER_URL': 'unix:///var/run/supervisor.sock', 'SUPERVISOR_PROCESS_NAME': 'vnc', 'PWD': '/home/sjamil/exercises_ws/build/ros2_exercises2', 'PASSWORD': '', 'PYTHONPATH': '/home/sjamil/exercises_ws/build/ros2_exercises2/prefix_override:/usr/lib/python3/dist-packages/colcon_core/task/python/colcon_distutils_commands:/home/sjamil/exercises_ws/install/ros2_exercises2/lib/python3.10/site-packages:/home/sjamil/ros2_ws/install/create_plan_msgs/local/lib/python3.10/dist-packages:/home/sjamil/ros2_ws/install/andino_gz/local/lib/python3.10/dist-packages:/home/sjamil/exercises_ws/build/ros2_exercises2:/home/sjamil/exercises_ws/install/ros2_exercises2/lib/python3.10/site-packages:/home/sjamil/exercises_ws/build/ros2_exercises:/home/sjamil/exercises_ws/install/ros2_exercises/lib/python3.10/site-packages:/home/sjamil/exercises_ws/build/path_planner_example:/home/sjamil/exercises_ws/install/path_planner_example/lib/python3.10/site-packages:/home/sjamil/build/ros2_exercises:/home/sjamil/install/ros2_exercises/lib/python3.10/site-packages:/home/sjamil/install/create_plan_msgs/local/lib/python3.10/dist-packages:/home/sjamil/install/andino_gz/local/lib/python3.10/dist-packages:/opt/ros/humble/lib/python3.10/site-packages:/opt/ros/humble/local/lib/python3.10/dist-packages', 'NVIDIA_VISIBLE_DEVICES': 'all', 'MATE_DESKTOP_SESSION_ID': 'this-is-deprecated', 'COLCON': '1', 'VTE_VERSION': '6800', 'CMAKE_PREFIX_PATH': '/home/sjamil/ros2_ws/install/custom_nav2_planner:/home/sjamil/ros2_ws/install/create_plan_msgs:/home/sjamil/ros2_ws/install/andino_gz:/home/sjamil/install/custom_nav2_planner:/home/sjamil/install/create_plan_msgs:/home/sjamil/install/andino_gz', 'ROS2_WS': '/home/sjamil/ros2_ws', 'QT_FONT_DPI': '96'}, 'shell': False}
[6.062414] (-) TimerEvent: {}
[6.163082] (-) TimerEvent: {}
[6.263875] (-) TimerEvent: {}
[6.364724] (-) TimerEvent: {}
[6.465242] (-) TimerEvent: {}
[6.565757] (-) TimerEvent: {}
[6.666296] (-) TimerEvent: {}
[6.767001] (-) TimerEvent: {}
[6.867498] (-) TimerEvent: {}
[6.968280] (-) TimerEvent: {}
[7.068854] (-) TimerEvent: {}
[7.093390] (ros2_exercises) StdoutLine: {'line': b'running develop\n'}
[7.169039] (-) TimerEvent: {}
[7.174580] (path_planner_example) StdoutLine: {'line': b'running develop\n'}
[7.269703] (-) TimerEvent: {}
[7.370208] (-) TimerEvent: {}
[7.470690] (-) TimerEvent: {}
[7.571286] (-) TimerEvent: {}
[7.671867] (-) TimerEvent: {}
[7.772414] (-) TimerEvent: {}
[7.826585] (ros2_exercises2) StdoutLine: {'line': b'running develop\n'}
[7.872625] (-) TimerEvent: {}
[7.884379] (ros2_exercises) StdoutLine: {'line': b'running egg_info\n'}
[7.886824] (ros2_exercises) StdoutLine: {'line': b'writing ros2_exercises.egg-info/PKG-INFO\n'}
[7.887084] (ros2_exercises) StdoutLine: {'line': b'writing dependency_links to ros2_exercises.egg-info/dependency_links.txt\n'}
[7.887676] (ros2_exercises) StdoutLine: {'line': b'writing entry points to ros2_exercises.egg-info/entry_points.txt\n'}
[7.888921] (ros2_exercises) StdoutLine: {'line': b'writing requirements to ros2_exercises.egg-info/requires.txt\n'}
[7.889112] (ros2_exercises) StdoutLine: {'line': b'writing top-level names to ros2_exercises.egg-info/top_level.txt\n'}
[7.893782] (ros2_exercises) StdoutLine: {'line': b"reading manifest file 'ros2_exercises.egg-info/SOURCES.txt'\n"}
[7.897581] (ros2_exercises) StdoutLine: {'line': b"writing manifest file 'ros2_exercises.egg-info/SOURCES.txt'\n"}
[7.899692] (ros2_exercises) StdoutLine: {'line': b'running build_ext\n'}
[7.900092] (ros2_exercises) StdoutLine: {'line': b'Creating /home/sjamil/exercises_ws/install/ros2_exercises/lib/python3.10/site-packages/ros2-exercises.egg-link (link to .)\n'}
[7.903359] (ros2_exercises) StdoutLine: {'line': b'Installing odometry_publisher script to /home/sjamil/exercises_ws/install/ros2_exercises/lib/ros2_exercises\n'}
[7.904491] (ros2_exercises) StdoutLine: {'line': b'\n'}
[7.904673] (ros2_exercises) StdoutLine: {'line': b'Installed /home/sjamil/exercises_ws/build/ros2_exercises\n'}
[7.904842] (ros2_exercises) StdoutLine: {'line': b'running symlink_data\n'}
[7.972993] (-) TimerEvent: {}
[8.073507] (-) TimerEvent: {}
[8.097787] (ros2_exercises) CommandEnded: {'returncode': 0}
[8.139773] (ros2_exercises) JobEnded: {'identifier': 'ros2_exercises', 'rc': 0}
[8.173742] (-) TimerEvent: {}
[8.274207] (-) TimerEvent: {}
[8.376630] (-) TimerEvent: {}
[8.472691] (path_planner_example) StdoutLine: {'line': b'running egg_info\n'}
[8.474908] (path_planner_example) StdoutLine: {'line': b'writing path_planner_example.egg-info/PKG-INFO\n'}
[8.476736] (path_planner_example) StdoutLine: {'line': b'writing dependency_links to path_planner_example.egg-info/dependency_links.txt\n'}
[8.477084] (-) TimerEvent: {}
[8.477291] (path_planner_example) StdoutLine: {'line': b'writing entry points to path_planner_example.egg-info/entry_points.txt\n'}
[8.478844] (path_planner_example) StdoutLine: {'line': b'writing requirements to path_planner_example.egg-info/requires.txt\n'}
[8.478998] (path_planner_example) StdoutLine: {'line': b'writing top-level names to path_planner_example.egg-info/top_level.txt\n'}
[8.482378] (path_planner_example) StdoutLine: {'line': b"reading manifest file 'path_planner_example.egg-info/SOURCES.txt'\n"}
[8.486348] (path_planner_example) StdoutLine: {'line': b"writing manifest file 'path_planner_example.egg-info/SOURCES.txt'\n"}
[8.496236] (path_planner_example) StdoutLine: {'line': b'running build_ext\n'}
[8.497715] (path_planner_example) StdoutLine: {'line': b'Creating /home/sjamil/exercises_ws/install/path_planner_example/lib/python3.10/site-packages/path-planner-example.egg-link (link to .)\n'}
[8.497848] (path_planner_example) StdoutLine: {'line': b'Installing path_planner_node script to /home/sjamil/exercises_ws/install/path_planner_example/lib/path_planner_example\n'}
[8.577256] (-) TimerEvent: {}
[8.653926] (path_planner_example) StdoutLine: {'line': b'\n'}
[8.654540] (path_planner_example) StdoutLine: {'line': b'Installed /home/sjamil/exercises_ws/build/path_planner_example\n'}
[8.654668] (path_planner_example) StdoutLine: {'line': b'running symlink_data\n'}
[8.677543] (-) TimerEvent: {}
[8.778142] (-) TimerEvent: {}
[8.797732] (ros2_exercises2) StdoutLine: {'line': b'running egg_info\n'}
[8.798950] (ros2_exercises2) StdoutLine: {'line': b'writing ros2_exercises2.egg-info/PKG-INFO\n'}
[8.799677] (ros2_exercises2) StdoutLine: {'line': b'writing dependency_links to ros2_exercises2.egg-info/dependency_links.txt\n'}
[8.800084] (ros2_exercises2) StdoutLine: {'line': b'writing entry points to ros2_exercises2.egg-info/entry_points.txt\n'}
[8.800380] (ros2_exercises2) StdoutLine: {'line': b'writing requirements to ros2_exercises2.egg-info/requires.txt\n'}
[8.809688] (ros2_exercises2) StdoutLine: {'line': b'writing top-level names to ros2_exercises2.egg-info/top_level.txt\n'}
[8.812296] (ros2_exercises2) StdoutLine: {'line': b"reading manifest file 'ros2_exercises2.egg-info/SOURCES.txt'\n"}
[8.812580] (ros2_exercises2) StdoutLine: {'line': b"writing manifest file 'ros2_exercises2.egg-info/SOURCES.txt'\n"}
[8.814139] (ros2_exercises2) StdoutLine: {'line': b'running build_ext\n'}
[8.814496] (ros2_exercises2) StdoutLine: {'line': b'Creating /home/sjamil/exercises_ws/install/ros2_exercises2/lib/python3.10/site-packages/ros2-exercises2.egg-link (link to .)\n'}
[8.821548] (ros2_exercises2) StdoutLine: {'line': b'Installing odometry_publsiher script to /home/sjamil/exercises_ws/install/ros2_exercises2/lib/ros2_exercises2\n'}
[8.821924] (ros2_exercises2) StdoutLine: {'line': b'\n'}
[8.822027] (ros2_exercises2) StdoutLine: {'line': b'Installed /home/sjamil/exercises_ws/build/ros2_exercises2\n'}
[8.822128] (ros2_exercises2) StdoutLine: {'line': b'running symlink_data\n'}
[8.878482] (-) TimerEvent: {}
[8.940810] (path_planner_example) CommandEnded: {'returncode': 0}
[8.963874] (path_planner_example) JobEnded: {'identifier': 'path_planner_example', 'rc': 0}
[8.977672] (ros2_exercises2) CommandEnded: {'returncode': 0}
[8.980487] (-) TimerEvent: {}
[9.008250] (ros2_exercises2) JobEnded: {'identifier': 'ros2_exercises2', 'rc': 0}
[9.011468] (-) EventReactorShutdown: {}
