[0.300s] DEBUG:colcon:Command line arguments: ['/usr/bin/colcon', 'build', '--symlink-install']
[0.301s] DEBUG:colcon:Parsed command line arguments: Namespace(log_base=None, log_level=None, verb_name='build', build_base='build', install_base='install', merge_install=False, symlink_install=True, test_result_base=None, continue_on_error=False, executor='parallel', parallel_workers=14, event_handlers=None, ignore_user_meta=False, metas=['./colcon.meta'], base_paths=['.'], packages_ignore=None, packages_ignore_regex=None, paths=None, packages_up_to=None, packages_up_to_regex=None, packages_above=None, packages_above_and_dependencies=None, packages_above_depth=None, packages_select_by_dep=None, packages_skip_by_dep=None, packages_skip_up_to=None, packages_select_build_failed=False, packages_skip_build_finished=False, packages_select_test_failures=False, packages_skip_test_passed=False, packages_select=None, packages_skip=None, packages_select_regex=None, packages_skip_regex=None, packages_start=None, packages_end=None, allow_overriding=[], cmake_args=None, cmake_target=None, cmake_target_skip_unavailable=False, cmake_clean_cache=False, cmake_clean_first=False, cmake_force_configure=False, ament_cmake_args=None, catkin_cmake_args=None, catkin_skip_building_tests=False, verb_parser=<colcon_defaults.argument_parser.defaults.DefaultArgumentsDecorator object at 0x7f5871b25840>, verb_extension=<colcon_core.verb.build.BuildVerb object at 0x7f5871b24a00>, main=<bound method BuildVerb.main of <colcon_core.verb.build.BuildVerb object at 0x7f5871b24a00>>)
[1.140s] Level 1:colcon.colcon_core.package_discovery:discover_packages(colcon_meta) check parameters
[1.140s] Level 1:colcon.colcon_core.package_discovery:discover_packages(recursive) check parameters
[1.141s] Level 1:colcon.colcon_core.package_discovery:discover_packages(ignore) check parameters
[1.141s] Level 1:colcon.colcon_core.package_discovery:discover_packages(path) check parameters
[1.141s] Level 1:colcon.colcon_core.package_discovery:discover_packages(colcon_meta) discover
[1.141s] Level 1:colcon.colcon_core.package_discovery:discover_packages(recursive) discover
[1.141s] INFO:colcon.colcon_core.package_discovery:Crawling recursively for packages in '/home/sjamil/exercises_ws'
[1.145s] Level 1:colcon.colcon_core.package_identification:_identify(.) by extensions ['ignore', 'ignore_ament_install']
[1.145s] Level 1:colcon.colcon_core.package_identification:_identify(.) by extension 'ignore'
[1.145s] Level 1:colcon.colcon_core.package_identification:_identify(.) by extension 'ignore_ament_install'
[1.159s] Level 1:colcon.colcon_core.package_identification:_identify(.) by extensions ['colcon_pkg']
[1.159s] Level 1:colcon.colcon_core.package_identification:_identify(.) by extension 'colcon_pkg'
[1.159s] Level 1:colcon.colcon_core.package_identification:_identify(.) by extensions ['colcon_meta']
[1.159s] Level 1:colcon.colcon_core.package_identification:_identify(.) by extension 'colcon_meta'
[1.159s] Level 1:colcon.colcon_core.package_identification:_identify(.) by extensions ['ros']
[1.159s] Level 1:colcon.colcon_core.package_identification:_identify(.) by extension 'ros'
[1.240s] Level 1:colcon.colcon_core.package_identification:_identify(.) by extensions ['cmake', 'python']
[1.240s] Level 1:colcon.colcon_core.package_identification:_identify(.) by extension 'cmake'
[1.240s] Level 1:colcon.colcon_core.package_identification:_identify(.) by extension 'python'
[1.240s] Level 1:colcon.colcon_core.package_identification:_identify(.) by extensions ['python_setup_py']
[1.240s] Level 1:colcon.colcon_core.package_identification:_identify(.) by extension 'python_setup_py'
[1.242s] Level 1:colcon.colcon_core.package_identification:_identify(build) by extensions ['ignore', 'ignore_ament_install']
[1.243s] Level 1:colcon.colcon_core.package_identification:_identify(build) by extension 'ignore'
[1.243s] Level 1:colcon.colcon_core.package_identification:_identify(build) ignored
[1.243s] Level 1:colcon.colcon_core.package_identification:_identify(install) by extensions ['ignore', 'ignore_ament_install']
[1.243s] Level 1:colcon.colcon_core.package_identification:_identify(install) by extension 'ignore'
[1.243s] Level 1:colcon.colcon_core.package_identification:_identify(install) ignored
[1.244s] Level 1:colcon.colcon_core.package_identification:_identify(log) by extensions ['ignore', 'ignore_ament_install']
[1.244s] Level 1:colcon.colcon_core.package_identification:_identify(log) by extension 'ignore'
[1.244s] Level 1:colcon.colcon_core.package_identification:_identify(log) ignored
[1.244s] Level 1:colcon.colcon_core.package_identification:_identify(src) by extensions ['ignore', 'ignore_ament_install']
[1.244s] Level 1:colcon.colcon_core.package_identification:_identify(src) by extension 'ignore'
[1.244s] Level 1:colcon.colcon_core.package_identification:_identify(src) by extension 'ignore_ament_install'
[1.244s] Level 1:colcon.colcon_core.package_identification:_identify(src) by extensions ['colcon_pkg']
[1.244s] Level 1:colcon.colcon_core.package_identification:_identify(src) by extension 'colcon_pkg'
[1.245s] Level 1:colcon.colcon_core.package_identification:_identify(src) by extensions ['colcon_meta']
[1.245s] Level 1:colcon.colcon_core.package_identification:_identify(src) by extension 'colcon_meta'
[1.246s] Level 1:colcon.colcon_core.package_identification:_identify(src) by extensions ['ros']
[1.246s] Level 1:colcon.colcon_core.package_identification:_identify(src) by extension 'ros'
[1.246s] Level 1:colcon.colcon_core.package_identification:_identify(src) by extensions ['cmake', 'python']
[1.247s] Level 1:colcon.colcon_core.package_identification:_identify(src) by extension 'cmake'
[1.247s] Level 1:colcon.colcon_core.package_identification:_identify(src) by extension 'python'
[1.247s] Level 1:colcon.colcon_core.package_identification:_identify(src) by extensions ['python_setup_py']
[1.247s] Level 1:colcon.colcon_core.package_identification:_identify(src) by extension 'python_setup_py'
[1.249s] Level 1:colcon.colcon_core.package_identification:_identify(src/path_planner_example) by extensions ['ignore', 'ignore_ament_install']
[1.249s] Level 1:colcon.colcon_core.package_identification:_identify(src/path_planner_example) by extension 'ignore'
[1.249s] Level 1:colcon.colcon_core.package_identification:_identify(src/path_planner_example) by extension 'ignore_ament_install'
[1.249s] Level 1:colcon.colcon_core.package_identification:_identify(src/path_planner_example) by extensions ['colcon_pkg']
[1.249s] Level 1:colcon.colcon_core.package_identification:_identify(src/path_planner_example) by extension 'colcon_pkg'
[1.249s] Level 1:colcon.colcon_core.package_identification:_identify(src/path_planner_example) by extensions ['colcon_meta']
[1.249s] Level 1:colcon.colcon_core.package_identification:_identify(src/path_planner_example) by extension 'colcon_meta'
[1.249s] Level 1:colcon.colcon_core.package_identification:_identify(src/path_planner_example) by extensions ['ros']
[1.249s] Level 1:colcon.colcon_core.package_identification:_identify(src/path_planner_example) by extension 'ros'
[1.257s] DEBUG:colcon.colcon_core.package_identification:Package 'src/path_planner_example' with type 'ros.ament_python' and name 'path_planner_example'
[1.258s] Level 1:colcon.colcon_core.package_identification:_identify(src/ros2_exercises) by extensions ['ignore', 'ignore_ament_install']
[1.258s] Level 1:colcon.colcon_core.package_identification:_identify(src/ros2_exercises) by extension 'ignore'
[1.258s] Level 1:colcon.colcon_core.package_identification:_identify(src/ros2_exercises) by extension 'ignore_ament_install'
[1.258s] Level 1:colcon.colcon_core.package_identification:_identify(src/ros2_exercises) by extensions ['colcon_pkg']
[1.258s] Level 1:colcon.colcon_core.package_identification:_identify(src/ros2_exercises) by extension 'colcon_pkg'
[1.259s] Level 1:colcon.colcon_core.package_identification:_identify(src/ros2_exercises) by extensions ['colcon_meta']
[1.259s] Level 1:colcon.colcon_core.package_identification:_identify(src/ros2_exercises) by extension 'colcon_meta'
[1.259s] Level 1:colcon.colcon_core.package_identification:_identify(src/ros2_exercises) by extensions ['ros']
[1.259s] Level 1:colcon.colcon_core.package_identification:_identify(src/ros2_exercises) by extension 'ros'
[1.261s] DEBUG:colcon.colcon_core.package_identification:Package 'src/ros2_exercises' with type 'ros.ament_python' and name 'ros2_exercises'
[1.266s] Level 1:colcon.colcon_core.package_identification:_identify(src/ros2_exercises2) by extensions ['ignore', 'ignore_ament_install']
[1.266s] Level 1:colcon.colcon_core.package_identification:_identify(src/ros2_exercises2) by extension 'ignore'
[1.266s] Level 1:colcon.colcon_core.package_identification:_identify(src/ros2_exercises2) by extension 'ignore_ament_install'
[1.266s] Level 1:colcon.colcon_core.package_identification:_identify(src/ros2_exercises2) by extensions ['colcon_pkg']
[1.266s] Level 1:colcon.colcon_core.package_identification:_identify(src/ros2_exercises2) by extension 'colcon_pkg'
[1.267s] Level 1:colcon.colcon_core.package_identification:_identify(src/ros2_exercises2) by extensions ['colcon_meta']
[1.267s] Level 1:colcon.colcon_core.package_identification:_identify(src/ros2_exercises2) by extension 'colcon_meta'
[1.267s] Level 1:colcon.colcon_core.package_identification:_identify(src/ros2_exercises2) by extensions ['ros']
[1.267s] Level 1:colcon.colcon_core.package_identification:_identify(src/ros2_exercises2) by extension 'ros'
[1.269s] DEBUG:colcon.colcon_core.package_identification:Package 'src/ros2_exercises2' with type 'ros.ament_python' and name 'ros2_exercises2'
[1.269s] Level 1:colcon.colcon_core.package_discovery:discover_packages(recursive) using defaults
[1.270s] Level 1:colcon.colcon_core.package_discovery:discover_packages(ignore) discover
[1.270s] Level 1:colcon.colcon_core.package_discovery:discover_packages(ignore) using defaults
[1.270s] Level 1:colcon.colcon_core.package_discovery:discover_packages(path) discover
[1.270s] Level 1:colcon.colcon_core.package_discovery:discover_packages(path) using defaults
[1.382s] Level 1:colcon.colcon_core.package_discovery:discover_packages(prefix_path) check parameters
[1.382s] Level 1:colcon.colcon_core.package_discovery:discover_packages(prefix_path) discover
[1.387s] DEBUG:colcon.colcon_installed_package_information.package_discovery:Found 3 installed packages in /home/sjamil/exercises_ws/install
[1.388s] DEBUG:colcon.colcon_installed_package_information.package_discovery:Found 4 installed packages in /home/sjamil/install
[1.389s] DEBUG:colcon.colcon_installed_package_information.package_discovery:Found 3 installed packages in /home/sjamil/ros2_ws/install
[1.391s] DEBUG:colcon.colcon_installed_package_information.package_discovery:Found 327 installed packages in /opt/ros/humble
[1.484s] Level 1:colcon.colcon_core.package_discovery:discover_packages(prefix_path) using defaults
[1.675s] Level 5:colcon.colcon_core.verb:set package 'path_planner_example' build argument 'cmake_args' from command line to 'None'
[1.675s] Level 5:colcon.colcon_core.verb:set package 'path_planner_example' build argument 'cmake_target' from command line to 'None'
[1.675s] Level 5:colcon.colcon_core.verb:set package 'path_planner_example' build argument 'cmake_target_skip_unavailable' from command line to 'False'
[1.675s] Level 5:colcon.colcon_core.verb:set package 'path_planner_example' build argument 'cmake_clean_cache' from command line to 'False'
[1.675s] Level 5:colcon.colcon_core.verb:set package 'path_planner_example' build argument 'cmake_clean_first' from command line to 'False'
[1.675s] Level 5:colcon.colcon_core.verb:set package 'path_planner_example' build argument 'cmake_force_configure' from command line to 'False'
[1.675s] Level 5:colcon.colcon_core.verb:set package 'path_planner_example' build argument 'ament_cmake_args' from command line to 'None'
[1.675s] Level 5:colcon.colcon_core.verb:set package 'path_planner_example' build argument 'catkin_cmake_args' from command line to 'None'
[1.675s] Level 5:colcon.colcon_core.verb:set package 'path_planner_example' build argument 'catkin_skip_building_tests' from command line to 'False'
[1.675s] DEBUG:colcon.colcon_core.verb:Building package 'path_planner_example' with the following arguments: {'ament_cmake_args': None, 'build_base': '/home/sjamil/exercises_ws/build/path_planner_example', 'catkin_cmake_args': None, 'catkin_skip_building_tests': False, 'cmake_args': None, 'cmake_clean_cache': False, 'cmake_clean_first': False, 'cmake_force_configure': False, 'cmake_target': None, 'cmake_target_skip_unavailable': False, 'install_base': '/home/sjamil/exercises_ws/install/path_planner_example', 'merge_install': False, 'path': '/home/sjamil/exercises_ws/src/path_planner_example', 'symlink_install': True, 'test_result_base': None}
[1.676s] Level 5:colcon.colcon_core.verb:set package 'ros2_exercises' build argument 'cmake_args' from command line to 'None'
[1.676s] Level 5:colcon.colcon_core.verb:set package 'ros2_exercises' build argument 'cmake_target' from command line to 'None'
[1.676s] Level 5:colcon.colcon_core.verb:set package 'ros2_exercises' build argument 'cmake_target_skip_unavailable' from command line to 'False'
[1.676s] Level 5:colcon.colcon_core.verb:set package 'ros2_exercises' build argument 'cmake_clean_cache' from command line to 'False'
[1.676s] Level 5:colcon.colcon_core.verb:set package 'ros2_exercises' build argument 'cmake_clean_first' from command line to 'False'
[1.676s] Level 5:colcon.colcon_core.verb:set package 'ros2_exercises' build argument 'cmake_force_configure' from command line to 'False'
[1.676s] Level 5:colcon.colcon_core.verb:set package 'ros2_exercises' build argument 'ament_cmake_args' from command line to 'None'
[1.676s] Level 5:colcon.colcon_core.verb:set package 'ros2_exercises' build argument 'catkin_cmake_args' from command line to 'None'
[1.676s] Level 5:colcon.colcon_core.verb:set package 'ros2_exercises' build argument 'catkin_skip_building_tests' from command line to 'False'
[1.676s] DEBUG:colcon.colcon_core.verb:Building package 'ros2_exercises' with the following arguments: {'ament_cmake_args': None, 'build_base': '/home/sjamil/exercises_ws/build/ros2_exercises', 'catkin_cmake_args': None, 'catkin_skip_building_tests': False, 'cmake_args': None, 'cmake_clean_cache': False, 'cmake_clean_first': False, 'cmake_force_configure': False, 'cmake_target': None, 'cmake_target_skip_unavailable': False, 'install_base': '/home/sjamil/exercises_ws/install/ros2_exercises', 'merge_install': False, 'path': '/home/sjamil/exercises_ws/src/ros2_exercises', 'symlink_install': True, 'test_result_base': None}
[1.677s] Level 5:colcon.colcon_core.verb:set package 'ros2_exercises2' build argument 'cmake_args' from command line to 'None'
[1.677s] Level 5:colcon.colcon_core.verb:set package 'ros2_exercises2' build argument 'cmake_target' from command line to 'None'
[1.677s] Level 5:colcon.colcon_core.verb:set package 'ros2_exercises2' build argument 'cmake_target_skip_unavailable' from command line to 'False'
[1.677s] Level 5:colcon.colcon_core.verb:set package 'ros2_exercises2' build argument 'cmake_clean_cache' from command line to 'False'
[1.677s] Level 5:colcon.colcon_core.verb:set package 'ros2_exercises2' build argument 'cmake_clean_first' from command line to 'False'
[1.677s] Level 5:colcon.colcon_core.verb:set package 'ros2_exercises2' build argument 'cmake_force_configure' from command line to 'False'
[1.677s] Level 5:colcon.colcon_core.verb:set package 'ros2_exercises2' build argument 'ament_cmake_args' from command line to 'None'
[1.677s] Level 5:colcon.colcon_core.verb:set package 'ros2_exercises2' build argument 'catkin_cmake_args' from command line to 'None'
[1.678s] Level 5:colcon.colcon_core.verb:set package 'ros2_exercises2' build argument 'catkin_skip_building_tests' from command line to 'False'
[1.678s] DEBUG:colcon.colcon_core.verb:Building package 'ros2_exercises2' with the following arguments: {'ament_cmake_args': None, 'build_base': '/home/sjamil/exercises_ws/build/ros2_exercises2', 'catkin_cmake_args': None, 'catkin_skip_building_tests': False, 'cmake_args': None, 'cmake_clean_cache': False, 'cmake_clean_first': False, 'cmake_force_configure': False, 'cmake_target': None, 'cmake_target_skip_unavailable': False, 'install_base': '/home/sjamil/exercises_ws/install/ros2_exercises2', 'merge_install': False, 'path': '/home/sjamil/exercises_ws/src/ros2_exercises2', 'symlink_install': True, 'test_result_base': None}
[1.678s] INFO:colcon.colcon_core.executor:Executing jobs using 'parallel' executor
[1.684s] DEBUG:colcon.colcon_parallel_executor.executor.parallel:run_until_complete
[1.684s] INFO:colcon.colcon_ros.task.ament_python.build:Building ROS package in '/home/sjamil/exercises_ws/src/path_planner_example' with build type 'ament_python'
[1.684s] Level 1:colcon.colcon_core.shell:create_environment_hook('path_planner_example', 'ament_prefix_path')
[1.689s] INFO:colcon.colcon_core.plugin_system:Skipping extension 'colcon_core.shell.bat': Not used on non-Windows systems
[1.690s] INFO:colcon.colcon_core.shell:Creating environment hook '/home/sjamil/exercises_ws/install/path_planner_example/share/path_planner_example/hook/ament_prefix_path.ps1'
[1.691s] INFO:colcon.colcon_core.shell:Creating environment descriptor '/home/sjamil/exercises_ws/install/path_planner_example/share/path_planner_example/hook/ament_prefix_path.dsv'
[1.693s] INFO:colcon.colcon_core.shell:Creating environment hook '/home/sjamil/exercises_ws/install/path_planner_example/share/path_planner_example/hook/ament_prefix_path.sh'
[1.695s] INFO:colcon.colcon_core.shell:Skip shell extension 'powershell' for command environment: Not usable outside of PowerShell
[1.696s] DEBUG:colcon.colcon_core.shell:Skip shell extension 'dsv' for command environment
[1.733s] INFO:colcon.colcon_ros.task.ament_python.build:Building ROS package in '/home/sjamil/exercises_ws/src/ros2_exercises' with build type 'ament_python'
[1.733s] Level 1:colcon.colcon_core.shell:create_environment_hook('ros2_exercises', 'ament_prefix_path')
[1.734s] INFO:colcon.colcon_core.shell:Creating environment hook '/home/sjamil/exercises_ws/install/ros2_exercises/share/ros2_exercises/hook/ament_prefix_path.ps1'
[1.736s] INFO:colcon.colcon_core.shell:Creating environment descriptor '/home/sjamil/exercises_ws/install/ros2_exercises/share/ros2_exercises/hook/ament_prefix_path.dsv'
[1.737s] INFO:colcon.colcon_core.shell:Creating environment hook '/home/sjamil/exercises_ws/install/ros2_exercises/share/ros2_exercises/hook/ament_prefix_path.sh'
[1.738s] INFO:colcon.colcon_core.shell:Skip shell extension 'powershell' for command environment: Not usable outside of PowerShell
[1.745s] DEBUG:colcon.colcon_core.shell:Skip shell extension 'dsv' for command environment
[1.773s] INFO:colcon.colcon_ros.task.ament_python.build:Building ROS package in '/home/sjamil/exercises_ws/src/ros2_exercises2' with build type 'ament_python'
[1.774s] Level 1:colcon.colcon_core.shell:create_environment_hook('ros2_exercises2', 'ament_prefix_path')
[1.774s] INFO:colcon.colcon_core.shell:Creating environment hook '/home/sjamil/exercises_ws/install/ros2_exercises2/share/ros2_exercises2/hook/ament_prefix_path.ps1'
[1.776s] INFO:colcon.colcon_core.shell:Creating environment descriptor '/home/sjamil/exercises_ws/install/ros2_exercises2/share/ros2_exercises2/hook/ament_prefix_path.dsv'
[1.777s] INFO:colcon.colcon_core.shell:Creating environment hook '/home/sjamil/exercises_ws/install/ros2_exercises2/share/ros2_exercises2/hook/ament_prefix_path.sh'
[1.778s] INFO:colcon.colcon_core.shell:Skip shell extension 'powershell' for command environment: Not usable outside of PowerShell
[1.778s] DEBUG:colcon.colcon_core.shell:Skip shell extension 'dsv' for command environment
[3.074s] INFO:colcon.colcon_core.task.python.build:Building Python package in '/home/sjamil/exercises_ws/src/path_planner_example'
[3.075s] INFO:colcon.colcon_core.shell:Skip shell extension 'powershell' for command environment: Not usable outside of PowerShell
[3.075s] DEBUG:colcon.colcon_core.shell:Skip shell extension 'dsv' for command environment
[3.975s] INFO:colcon.colcon_core.task.python.build:Building Python package in '/home/sjamil/exercises_ws/src/ros2_exercises'
[3.976s] INFO:colcon.colcon_core.shell:Skip shell extension 'powershell' for command environment: Not usable outside of PowerShell
[3.976s] DEBUG:colcon.colcon_core.shell:Skip shell extension 'dsv' for command environment
[5.470s] INFO:colcon.colcon_core.task.python.build:Building Python package in '/home/sjamil/exercises_ws/src/ros2_exercises2'
[5.471s] INFO:colcon.colcon_core.shell:Skip shell extension 'powershell' for command environment: Not usable outside of PowerShell
[5.471s] DEBUG:colcon.colcon_core.shell:Skip shell extension 'dsv' for command environment
[7.606s] DEBUG:colcon.colcon_core.event_handler.log_command:Invoking command in '/home/sjamil/exercises_ws/build/path_planner_example': PYTHONPATH=/home/sjamil/exercises_ws/build/path_planner_example/prefix_override:/usr/lib/python3/dist-packages/colcon_core/task/python/colcon_distutils_commands:/home/sjamil/exercises_ws/install/path_planner_example/lib/python3.10/site-packages:${PYTHONPATH} /usr/bin/python3 -W ignore:setup.py install is deprecated -W ignore:easy_install command is deprecated setup.py develop --editable --build-directory /home/sjamil/exercises_ws/build/path_planner_example/build --no-deps symlink_data
[7.646s] DEBUG:colcon.colcon_core.event_handler.log_command:Invoking command in '/home/sjamil/exercises_ws/build/ros2_exercises': PYTHONPATH=/home/sjamil/exercises_ws/build/ros2_exercises/prefix_override:/usr/lib/python3/dist-packages/colcon_core/task/python/colcon_distutils_commands:/home/sjamil/exercises_ws/install/ros2_exercises/lib/python3.10/site-packages:${PYTHONPATH} /usr/bin/python3 -W ignore:setup.py install is deprecated -W ignore:easy_install command is deprecated setup.py develop --editable --build-directory /home/sjamil/exercises_ws/build/ros2_exercises/build --no-deps symlink_data
[7.726s] DEBUG:colcon.colcon_core.event_handler.log_command:Invoking command in '/home/sjamil/exercises_ws/build/ros2_exercises2': PYTHONPATH=/home/sjamil/exercises_ws/build/ros2_exercises2/prefix_override:/usr/lib/python3/dist-packages/colcon_core/task/python/colcon_distutils_commands:/home/sjamil/exercises_ws/install/ros2_exercises2/lib/python3.10/site-packages:${PYTHONPATH} /usr/bin/python3 -W ignore:setup.py install is deprecated -W ignore:easy_install command is deprecated setup.py develop --editable --build-directory /home/sjamil/exercises_ws/build/ros2_exercises2/build --no-deps symlink_data
[9.782s] Level 1:colcon.colcon_core.shell:create_environment_hook('ros2_exercises', 'pythonpath_develop')
[9.783s] DEBUG:colcon.colcon_core.event_handler.log_command:Invoked command in '/home/sjamil/exercises_ws/build/ros2_exercises' returned '0': PYTHONPATH=/home/sjamil/exercises_ws/build/ros2_exercises/prefix_override:/usr/lib/python3/dist-packages/colcon_core/task/python/colcon_distutils_commands:/home/sjamil/exercises_ws/install/ros2_exercises/lib/python3.10/site-packages:${PYTHONPATH} /usr/bin/python3 -W ignore:setup.py install is deprecated -W ignore:easy_install command is deprecated setup.py develop --editable --build-directory /home/sjamil/exercises_ws/build/ros2_exercises/build --no-deps symlink_data
[9.785s] INFO:colcon.colcon_core.shell:Creating environment hook '/home/sjamil/exercises_ws/build/ros2_exercises/share/ros2_exercises/hook/pythonpath_develop.ps1'
[9.792s] INFO:colcon.colcon_core.shell:Creating environment descriptor '/home/sjamil/exercises_ws/build/ros2_exercises/share/ros2_exercises/hook/pythonpath_develop.dsv'
[9.793s] INFO:colcon.colcon_core.shell:Creating environment hook '/home/sjamil/exercises_ws/build/ros2_exercises/share/ros2_exercises/hook/pythonpath_develop.sh'
[9.799s] Level 1:colcon.colcon_core.environment:checking '/home/sjamil/exercises_ws/install/ros2_exercises' for CMake module files
[9.800s] Level 1:colcon.colcon_core.environment:checking '/home/sjamil/exercises_ws/install/ros2_exercises' for CMake config files
[9.802s] Level 1:colcon.colcon_core.environment:checking '/home/sjamil/exercises_ws/install/ros2_exercises/lib'
[9.803s] Level 1:colcon.colcon_core.environment:checking '/home/sjamil/exercises_ws/install/ros2_exercises/bin'
[9.803s] Level 1:colcon.colcon_core.environment:checking '/home/sjamil/exercises_ws/install/ros2_exercises/lib/pkgconfig/ros2_exercises.pc'
[9.804s] Level 1:colcon.colcon_core.environment:checking '/home/sjamil/exercises_ws/install/ros2_exercises/lib/python3.10/site-packages'
[9.804s] Level 1:colcon.colcon_core.shell:create_environment_hook('ros2_exercises', 'pythonpath')
[9.805s] INFO:colcon.colcon_core.shell:Creating environment hook '/home/sjamil/exercises_ws/install/ros2_exercises/share/ros2_exercises/hook/pythonpath.ps1'
[9.807s] INFO:colcon.colcon_core.shell:Creating environment descriptor '/home/sjamil/exercises_ws/install/ros2_exercises/share/ros2_exercises/hook/pythonpath.dsv'
[9.809s] INFO:colcon.colcon_core.shell:Creating environment hook '/home/sjamil/exercises_ws/install/ros2_exercises/share/ros2_exercises/hook/pythonpath.sh'
[9.810s] Level 1:colcon.colcon_core.environment:checking '/home/sjamil/exercises_ws/install/ros2_exercises/bin'
[9.811s] Level 1:colcon.colcon_core.environment:create_environment_scripts_only(ros2_exercises)
[9.813s] INFO:colcon.colcon_core.shell:Creating package script '/home/sjamil/exercises_ws/install/ros2_exercises/share/ros2_exercises/package.ps1'
[9.816s] INFO:colcon.colcon_core.shell:Creating package descriptor '/home/sjamil/exercises_ws/install/ros2_exercises/share/ros2_exercises/package.dsv'
[9.818s] INFO:colcon.colcon_core.shell:Creating package script '/home/sjamil/exercises_ws/install/ros2_exercises/share/ros2_exercises/package.sh'
[9.819s] INFO:colcon.colcon_core.shell:Creating package script '/home/sjamil/exercises_ws/install/ros2_exercises/share/ros2_exercises/package.bash'
[9.822s] INFO:colcon.colcon_core.shell:Creating package script '/home/sjamil/exercises_ws/install/ros2_exercises/share/ros2_exercises/package.zsh'
[9.823s] Level 1:colcon.colcon_core.environment:create_file_with_runtime_dependencies(/home/sjamil/exercises_ws/install/ros2_exercises/share/colcon-core/packages/ros2_exercises)
[10.625s] Level 1:colcon.colcon_core.shell:create_environment_hook('path_planner_example', 'pythonpath_develop')
[10.626s] DEBUG:colcon.colcon_core.event_handler.log_command:Invoked command in '/home/sjamil/exercises_ws/build/path_planner_example' returned '0': PYTHONPATH=/home/sjamil/exercises_ws/build/path_planner_example/prefix_override:/usr/lib/python3/dist-packages/colcon_core/task/python/colcon_distutils_commands:/home/sjamil/exercises_ws/install/path_planner_example/lib/python3.10/site-packages:${PYTHONPATH} /usr/bin/python3 -W ignore:setup.py install is deprecated -W ignore:easy_install command is deprecated setup.py develop --editable --build-directory /home/sjamil/exercises_ws/build/path_planner_example/build --no-deps symlink_data
[10.627s] INFO:colcon.colcon_core.shell:Creating environment hook '/home/sjamil/exercises_ws/build/path_planner_example/share/path_planner_example/hook/pythonpath_develop.ps1'
[10.628s] INFO:colcon.colcon_core.shell:Creating environment descriptor '/home/sjamil/exercises_ws/build/path_planner_example/share/path_planner_example/hook/pythonpath_develop.dsv'
[10.629s] INFO:colcon.colcon_core.shell:Creating environment hook '/home/sjamil/exercises_ws/build/path_planner_example/share/path_planner_example/hook/pythonpath_develop.sh'
[10.630s] Level 1:colcon.colcon_core.environment:checking '/home/sjamil/exercises_ws/install/path_planner_example' for CMake module files
[10.634s] Level 1:colcon.colcon_core.environment:checking '/home/sjamil/exercises_ws/install/path_planner_example' for CMake config files
[10.635s] Level 1:colcon.colcon_core.environment:checking '/home/sjamil/exercises_ws/install/path_planner_example/lib'
[10.635s] Level 1:colcon.colcon_core.environment:checking '/home/sjamil/exercises_ws/install/path_planner_example/bin'
[10.635s] Level 1:colcon.colcon_core.environment:checking '/home/sjamil/exercises_ws/install/path_planner_example/lib/pkgconfig/path_planner_example.pc'
[10.636s] Level 1:colcon.colcon_core.environment:checking '/home/sjamil/exercises_ws/install/path_planner_example/lib/python3.10/site-packages'
[10.636s] Level 1:colcon.colcon_core.shell:create_environment_hook('path_planner_example', 'pythonpath')
[10.637s] INFO:colcon.colcon_core.shell:Creating environment hook '/home/sjamil/exercises_ws/install/path_planner_example/share/path_planner_example/hook/pythonpath.ps1'
[10.638s] INFO:colcon.colcon_core.shell:Creating environment descriptor '/home/sjamil/exercises_ws/install/path_planner_example/share/path_planner_example/hook/pythonpath.dsv'
[10.639s] INFO:colcon.colcon_core.shell:Creating environment hook '/home/sjamil/exercises_ws/install/path_planner_example/share/path_planner_example/hook/pythonpath.sh'
[10.641s] Level 1:colcon.colcon_core.environment:checking '/home/sjamil/exercises_ws/install/path_planner_example/bin'
[10.641s] Level 1:colcon.colcon_core.environment:create_environment_scripts_only(path_planner_example)
[10.642s] INFO:colcon.colcon_core.shell:Creating package script '/home/sjamil/exercises_ws/install/path_planner_example/share/path_planner_example/package.ps1'
[10.643s] INFO:colcon.colcon_core.shell:Creating package descriptor '/home/sjamil/exercises_ws/install/path_planner_example/share/path_planner_example/package.dsv'
[10.644s] INFO:colcon.colcon_core.shell:Creating package script '/home/sjamil/exercises_ws/install/path_planner_example/share/path_planner_example/package.sh'
[10.646s] INFO:colcon.colcon_core.shell:Creating package script '/home/sjamil/exercises_ws/install/path_planner_example/share/path_planner_example/package.bash'
[10.647s] INFO:colcon.colcon_core.shell:Creating package script '/home/sjamil/exercises_ws/install/path_planner_example/share/path_planner_example/package.zsh'
[10.648s] Level 1:colcon.colcon_core.environment:create_file_with_runtime_dependencies(/home/sjamil/exercises_ws/install/path_planner_example/share/colcon-core/packages/path_planner_example)
[10.652s] Level 1:colcon.colcon_core.shell:create_environment_hook('ros2_exercises2', 'pythonpath_develop')
[10.662s] INFO:colcon.colcon_core.shell:Creating environment hook '/home/sjamil/exercises_ws/build/ros2_exercises2/share/ros2_exercises2/hook/pythonpath_develop.ps1'
[10.663s] DEBUG:colcon.colcon_core.event_handler.log_command:Invoked command in '/home/sjamil/exercises_ws/build/ros2_exercises2' returned '0': PYTHONPATH=/home/sjamil/exercises_ws/build/ros2_exercises2/prefix_override:/usr/lib/python3/dist-packages/colcon_core/task/python/colcon_distutils_commands:/home/sjamil/exercises_ws/install/ros2_exercises2/lib/python3.10/site-packages:${PYTHONPATH} /usr/bin/python3 -W ignore:setup.py install is deprecated -W ignore:easy_install command is deprecated setup.py develop --editable --build-directory /home/sjamil/exercises_ws/build/ros2_exercises2/build --no-deps symlink_data
[10.666s] INFO:colcon.colcon_core.shell:Creating environment descriptor '/home/sjamil/exercises_ws/build/ros2_exercises2/share/ros2_exercises2/hook/pythonpath_develop.dsv'
[10.668s] INFO:colcon.colcon_core.shell:Creating environment hook '/home/sjamil/exercises_ws/build/ros2_exercises2/share/ros2_exercises2/hook/pythonpath_develop.sh'
[10.670s] Level 1:colcon.colcon_core.environment:checking '/home/sjamil/exercises_ws/install/ros2_exercises2' for CMake module files
[10.670s] Level 1:colcon.colcon_core.environment:checking '/home/sjamil/exercises_ws/install/ros2_exercises2' for CMake config files
[10.672s] Level 1:colcon.colcon_core.environment:checking '/home/sjamil/exercises_ws/install/ros2_exercises2/lib'
[10.673s] Level 1:colcon.colcon_core.environment:checking '/home/sjamil/exercises_ws/install/ros2_exercises2/bin'
[10.673s] Level 1:colcon.colcon_core.environment:checking '/home/sjamil/exercises_ws/install/ros2_exercises2/lib/pkgconfig/ros2_exercises2.pc'
[10.674s] Level 1:colcon.colcon_core.environment:checking '/home/sjamil/exercises_ws/install/ros2_exercises2/lib/python3.10/site-packages'
[10.675s] Level 1:colcon.colcon_core.shell:create_environment_hook('ros2_exercises2', 'pythonpath')
[10.680s] INFO:colcon.colcon_core.shell:Creating environment hook '/home/sjamil/exercises_ws/install/ros2_exercises2/share/ros2_exercises2/hook/pythonpath.ps1'
[10.681s] INFO:colcon.colcon_core.shell:Creating environment descriptor '/home/sjamil/exercises_ws/install/ros2_exercises2/share/ros2_exercises2/hook/pythonpath.dsv'
[10.682s] INFO:colcon.colcon_core.shell:Creating environment hook '/home/sjamil/exercises_ws/install/ros2_exercises2/share/ros2_exercises2/hook/pythonpath.sh'
[10.684s] Level 1:colcon.colcon_core.environment:checking '/home/sjamil/exercises_ws/install/ros2_exercises2/bin'
[10.684s] Level 1:colcon.colcon_core.environment:create_environment_scripts_only(ros2_exercises2)
[10.686s] INFO:colcon.colcon_core.shell:Creating package script '/home/sjamil/exercises_ws/install/ros2_exercises2/share/ros2_exercises2/package.ps1'
[10.687s] INFO:colcon.colcon_core.shell:Creating package descriptor '/home/sjamil/exercises_ws/install/ros2_exercises2/share/ros2_exercises2/package.dsv'
[10.689s] INFO:colcon.colcon_core.shell:Creating package script '/home/sjamil/exercises_ws/install/ros2_exercises2/share/ros2_exercises2/package.sh'
[10.690s] INFO:colcon.colcon_core.shell:Creating package script '/home/sjamil/exercises_ws/install/ros2_exercises2/share/ros2_exercises2/package.bash'
[10.691s] INFO:colcon.colcon_core.shell:Creating package script '/home/sjamil/exercises_ws/install/ros2_exercises2/share/ros2_exercises2/package.zsh'
[10.692s] Level 1:colcon.colcon_core.environment:create_file_with_runtime_dependencies(/home/sjamil/exercises_ws/install/ros2_exercises2/share/colcon-core/packages/ros2_exercises2)
[10.693s] DEBUG:colcon.colcon_parallel_executor.executor.parallel:closing loop
[10.694s] DEBUG:colcon.colcon_parallel_executor.executor.parallel:loop closed
[10.694s] DEBUG:colcon.colcon_parallel_executor.executor.parallel:run_until_complete finished with '0'
[10.695s] DEBUG:colcon.colcon_core.event_reactor:joining thread
[10.734s] INFO:colcon.colcon_core.plugin_system:Skipping extension 'colcon_notification.desktop_notification.terminal_notifier': Not used on non-Darwin systems
[10.735s] INFO:colcon.colcon_core.plugin_system:Skipping extension 'colcon_notification.desktop_notification.win32': Not used on non-Windows systems
[10.736s] INFO:colcon.colcon_notification.desktop_notification:Sending desktop notification using 'notify2'
[12.035s] DEBUG:colcon.colcon_core.event_reactor:joined thread
[12.035s] INFO:colcon.colcon_core.shell:Creating prefix script '/home/sjamil/exercises_ws/install/local_setup.ps1'
[12.037s] INFO:colcon.colcon_core.shell:Creating prefix util module '/home/sjamil/exercises_ws/install/_local_setup_util_ps1.py'
[12.039s] INFO:colcon.colcon_core.shell:Creating prefix chain script '/home/sjamil/exercises_ws/install/setup.ps1'
[12.045s] INFO:colcon.colcon_core.shell:Creating prefix script '/home/sjamil/exercises_ws/install/local_setup.sh'
[12.049s] INFO:colcon.colcon_core.shell:Creating prefix util module '/home/sjamil/exercises_ws/install/_local_setup_util_sh.py'
[12.051s] INFO:colcon.colcon_core.shell:Creating prefix chain script '/home/sjamil/exercises_ws/install/setup.sh'
[12.057s] INFO:colcon.colcon_core.shell:Creating prefix script '/home/sjamil/exercises_ws/install/local_setup.bash'
[12.058s] INFO:colcon.colcon_core.shell:Creating prefix chain script '/home/sjamil/exercises_ws/install/setup.bash'
[12.061s] INFO:colcon.colcon_core.shell:Creating prefix script '/home/sjamil/exercises_ws/install/local_setup.zsh'
[12.062s] INFO:colcon.colcon_core.shell:Creating prefix chain script '/home/sjamil/exercises_ws/install/setup.zsh'
