[2.451s] Invoking command in '/home/sjamil/exercises_ws/build/path_planner_example': PYTHONPATH=/home/sjamil/exercises_ws/build/path_planner_example/prefix_override:/usr/lib/python3/dist-packages/colcon_core/task/python/colcon_distutils_commands:/home/sjamil/exercises_ws/install/path_planner_example/lib/python3.10/site-packages:${PYTHONPATH} /usr/bin/python3 -W ignore:setup.py install is deprecated -W ignore:easy_install command is deprecated setup.py develop --editable --build-directory /home/sjamil/exercises_ws/build/path_planner_example/build --no-deps symlink_data
[3.108s] running develop
[3.472s] running egg_info
[3.473s] creating path_planner_example.egg-info
[3.474s] writing path_planner_example.egg-info/PKG-INFO
[3.475s] writing dependency_links to path_planner_example.egg-info/dependency_links.txt
[3.475s] writing entry points to path_planner_example.egg-info/entry_points.txt
[3.476s] writing requirements to path_planner_example.egg-info/requires.txt
[3.478s] writing top-level names to path_planner_example.egg-info/top_level.txt
[3.479s] writing manifest file 'path_planner_example.egg-info/SOURCES.txt'
[3.488s] reading manifest file 'path_planner_example.egg-info/SOURCES.txt'
[3.488s] writing manifest file 'path_planner_example.egg-info/SOURCES.txt'
[3.492s] running build_ext
[3.493s] Creating /home/sjamil/exercises_ws/install/path_planner_example/lib/python3.10/site-packages/path-planner-example.egg-link (link to .)
[3.495s] Installing path_planner_node script to /home/sjamil/exercises_ws/install/path_planner_example/lib/path_planner_example
[3.495s] 
[3.495s] Installed /home/sjamil/exercises_ws/build/path_planner_example
[3.495s] running symlink_data
[3.495s] creating /home/sjamil/exercises_ws/install/path_planner_example/share/ament_index
[3.496s] creating /home/sjamil/exercises_ws/install/path_planner_example/share/ament_index/resource_index
[3.496s] creating /home/sjamil/exercises_ws/install/path_planner_example/share/ament_index/resource_index/packages
[3.496s] symbolically linking /home/sjamil/exercises_ws/build/path_planner_example/resource/path_planner_example -> /home/sjamil/exercises_ws/install/path_planner_example/share/ament_index/resource_index/packages
[3.496s] symbolically linking /home/sjamil/exercises_ws/build/path_planner_example/package.xml -> /home/sjamil/exercises_ws/install/path_planner_example/share/path_planner_example
[3.563s] Invoked command in '/home/sjamil/exercises_ws/build/path_planner_example' returned '0': PYTHONPATH=/home/sjamil/exercises_ws/build/path_planner_example/prefix_override:/usr/lib/python3/dist-packages/colcon_core/task/python/colcon_distutils_commands:/home/sjamil/exercises_ws/install/path_planner_example/lib/python3.10/site-packages:${PYTHONPATH} /usr/bin/python3 -W ignore:setup.py install is deprecated -W ignore:easy_install command is deprecated setup.py develop --editable --build-directory /home/sjamil/exercises_ws/build/path_planner_example/build --no-deps symlink_data
