[0.416s] DEBUG:colcon:Command line arguments: ['/usr/bin/colcon', 'build', '--symlink-install']
[0.416s] DEBUG:colcon:Parsed command line arguments: Namespace(log_base=None, log_level=None, verb_name='build', build_base='build', install_base='install', merge_install=False, symlink_install=True, test_result_base=None, continue_on_error=False, executor='parallel', parallel_workers=14, event_handlers=None, ignore_user_meta=False, metas=['./colcon.meta'], base_paths=['.'], packages_ignore=None, packages_ignore_regex=None, paths=None, packages_up_to=None, packages_up_to_regex=None, packages_above=None, packages_above_and_dependencies=None, packages_above_depth=None, packages_select_by_dep=None, packages_skip_by_dep=None, packages_skip_up_to=None, packages_select_build_failed=False, packages_skip_build_finished=False, packages_select_test_failures=False, packages_skip_test_passed=False, packages_select=None, packages_skip=None, packages_select_regex=None, packages_skip_regex=None, packages_start=None, packages_end=None, allow_overriding=[], cmake_args=None, cmake_target=None, cmake_target_skip_unavailable=False, cmake_clean_cache=False, cmake_clean_first=False, cmake_force_configure=False, ament_cmake_args=None, catkin_cmake_args=None, catkin_skip_building_tests=False, verb_parser=<colcon_defaults.argument_parser.defaults.DefaultArgumentsDecorator object at 0x7fca1f581840>, verb_extension=<colcon_core.verb.build.BuildVerb object at 0x7fca1f580a00>, main=<bound method BuildVerb.main of <colcon_core.verb.build.BuildVerb object at 0x7fca1f580a00>>)
[0.802s] Level 1:colcon.colcon_core.package_discovery:discover_packages(colcon_meta) check parameters
[0.802s] Level 1:colcon.colcon_core.package_discovery:discover_packages(recursive) check parameters
[0.802s] Level 1:colcon.colcon_core.package_discovery:discover_packages(ignore) check parameters
[0.802s] Level 1:colcon.colcon_core.package_discovery:discover_packages(path) check parameters
[0.802s] Level 1:colcon.colcon_core.package_discovery:discover_packages(colcon_meta) discover
[0.803s] Level 1:colcon.colcon_core.package_discovery:discover_packages(recursive) discover
[0.803s] INFO:colcon.colcon_core.package_discovery:Crawling recursively for packages in '/home/sjamil/exercises_ws'
[0.803s] Level 1:colcon.colcon_core.package_identification:_identify(.) by extensions ['ignore', 'ignore_ament_install']
[0.803s] Level 1:colcon.colcon_core.package_identification:_identify(.) by extension 'ignore'
[0.803s] Level 1:colcon.colcon_core.package_identification:_identify(.) by extension 'ignore_ament_install'
[0.803s] Level 1:colcon.colcon_core.package_identification:_identify(.) by extensions ['colcon_pkg']
[0.803s] Level 1:colcon.colcon_core.package_identification:_identify(.) by extension 'colcon_pkg'
[0.803s] Level 1:colcon.colcon_core.package_identification:_identify(.) by extensions ['colcon_meta']
[0.803s] Level 1:colcon.colcon_core.package_identification:_identify(.) by extension 'colcon_meta'
[0.803s] Level 1:colcon.colcon_core.package_identification:_identify(.) by extensions ['ros']
[0.803s] Level 1:colcon.colcon_core.package_identification:_identify(.) by extension 'ros'
[0.823s] Level 1:colcon.colcon_core.package_identification:_identify(.) by extensions ['cmake', 'python']
[0.823s] Level 1:colcon.colcon_core.package_identification:_identify(.) by extension 'cmake'
[0.823s] Level 1:colcon.colcon_core.package_identification:_identify(.) by extension 'python'
[0.823s] Level 1:colcon.colcon_core.package_identification:_identify(.) by extensions ['python_setup_py']
[0.823s] Level 1:colcon.colcon_core.package_identification:_identify(.) by extension 'python_setup_py'
[0.823s] Level 1:colcon.colcon_core.package_identification:_identify(build) by extensions ['ignore', 'ignore_ament_install']
[0.823s] Level 1:colcon.colcon_core.package_identification:_identify(build) by extension 'ignore'
[0.823s] Level 1:colcon.colcon_core.package_identification:_identify(build) ignored
[0.824s] Level 1:colcon.colcon_core.package_identification:_identify(install) by extensions ['ignore', 'ignore_ament_install']
[0.824s] Level 1:colcon.colcon_core.package_identification:_identify(install) by extension 'ignore'
[0.824s] Level 1:colcon.colcon_core.package_identification:_identify(install) ignored
[0.824s] Level 1:colcon.colcon_core.package_identification:_identify(log) by extensions ['ignore', 'ignore_ament_install']
[0.824s] Level 1:colcon.colcon_core.package_identification:_identify(log) by extension 'ignore'
[0.827s] Level 1:colcon.colcon_core.package_identification:_identify(log) ignored
[0.828s] Level 1:colcon.colcon_core.package_identification:_identify(src) by extensions ['ignore', 'ignore_ament_install']
[0.828s] Level 1:colcon.colcon_core.package_identification:_identify(src) by extension 'ignore'
[0.828s] Level 1:colcon.colcon_core.package_identification:_identify(src) by extension 'ignore_ament_install'
[0.828s] Level 1:colcon.colcon_core.package_identification:_identify(src) by extensions ['colcon_pkg']
[0.828s] Level 1:colcon.colcon_core.package_identification:_identify(src) by extension 'colcon_pkg'
[0.829s] Level 1:colcon.colcon_core.package_identification:_identify(src) by extensions ['colcon_meta']
[0.829s] Level 1:colcon.colcon_core.package_identification:_identify(src) by extension 'colcon_meta'
[0.829s] Level 1:colcon.colcon_core.package_identification:_identify(src) by extensions ['ros']
[0.829s] Level 1:colcon.colcon_core.package_identification:_identify(src) by extension 'ros'
[0.829s] Level 1:colcon.colcon_core.package_identification:_identify(src) by extensions ['cmake', 'python']
[0.829s] Level 1:colcon.colcon_core.package_identification:_identify(src) by extension 'cmake'
[0.829s] Level 1:colcon.colcon_core.package_identification:_identify(src) by extension 'python'
[0.829s] Level 1:colcon.colcon_core.package_identification:_identify(src) by extensions ['python_setup_py']
[0.829s] Level 1:colcon.colcon_core.package_identification:_identify(src) by extension 'python_setup_py'
[0.829s] Level 1:colcon.colcon_core.package_identification:_identify(src/path_planner_example) by extensions ['ignore', 'ignore_ament_install']
[0.830s] Level 1:colcon.colcon_core.package_identification:_identify(src/path_planner_example) by extension 'ignore'
[0.830s] Level 1:colcon.colcon_core.package_identification:_identify(src/path_planner_example) by extension 'ignore_ament_install'
[0.830s] Level 1:colcon.colcon_core.package_identification:_identify(src/path_planner_example) by extensions ['colcon_pkg']
[0.830s] Level 1:colcon.colcon_core.package_identification:_identify(src/path_planner_example) by extension 'colcon_pkg'
[0.831s] Level 1:colcon.colcon_core.package_identification:_identify(src/path_planner_example) by extensions ['colcon_meta']
[0.831s] Level 1:colcon.colcon_core.package_identification:_identify(src/path_planner_example) by extension 'colcon_meta'
[0.831s] Level 1:colcon.colcon_core.package_identification:_identify(src/path_planner_example) by extensions ['ros']
[0.831s] Level 1:colcon.colcon_core.package_identification:_identify(src/path_planner_example) by extension 'ros'
[0.834s] DEBUG:colcon.colcon_core.package_identification:Package 'src/path_planner_example' with type 'ros.ament_python' and name 'path_planner_example'
[0.835s] Level 1:colcon.colcon_core.package_identification:_identify(src/ros2_exercises) by extensions ['ignore', 'ignore_ament_install']
[0.835s] Level 1:colcon.colcon_core.package_identification:_identify(src/ros2_exercises) by extension 'ignore'
[0.835s] Level 1:colcon.colcon_core.package_identification:_identify(src/ros2_exercises) by extension 'ignore_ament_install'
[0.835s] Level 1:colcon.colcon_core.package_identification:_identify(src/ros2_exercises) by extensions ['colcon_pkg']
[0.835s] Level 1:colcon.colcon_core.package_identification:_identify(src/ros2_exercises) by extension 'colcon_pkg'
[0.835s] Level 1:colcon.colcon_core.package_identification:_identify(src/ros2_exercises) by extensions ['colcon_meta']
[0.835s] Level 1:colcon.colcon_core.package_identification:_identify(src/ros2_exercises) by extension 'colcon_meta'
[0.837s] Level 1:colcon.colcon_core.package_identification:_identify(src/ros2_exercises) by extensions ['ros']
[0.837s] Level 1:colcon.colcon_core.package_identification:_identify(src/ros2_exercises) by extension 'ros'
[0.838s] DEBUG:colcon.colcon_core.package_identification:Package 'src/ros2_exercises' with type 'ros.ament_python' and name 'ros2_exercises'
[0.838s] Level 1:colcon.colcon_core.package_identification:_identify(src/ros2_exercises2) by extensions ['ignore', 'ignore_ament_install']
[0.838s] Level 1:colcon.colcon_core.package_identification:_identify(src/ros2_exercises2) by extension 'ignore'
[0.838s] Level 1:colcon.colcon_core.package_identification:_identify(src/ros2_exercises2) by extension 'ignore_ament_install'
[0.838s] Level 1:colcon.colcon_core.package_identification:_identify(src/ros2_exercises2) by extensions ['colcon_pkg']
[0.839s] Level 1:colcon.colcon_core.package_identification:_identify(src/ros2_exercises2) by extension 'colcon_pkg'
[0.839s] Level 1:colcon.colcon_core.package_identification:_identify(src/ros2_exercises2) by extensions ['colcon_meta']
[0.839s] Level 1:colcon.colcon_core.package_identification:_identify(src/ros2_exercises2) by extension 'colcon_meta'
[0.839s] Level 1:colcon.colcon_core.package_identification:_identify(src/ros2_exercises2) by extensions ['ros']
[0.839s] Level 1:colcon.colcon_core.package_identification:_identify(src/ros2_exercises2) by extension 'ros'
[0.840s] DEBUG:colcon.colcon_core.package_identification:Package 'src/ros2_exercises2' with type 'ros.ament_python' and name 'ros2_exercises2'
[0.840s] Level 1:colcon.colcon_core.package_discovery:discover_packages(recursive) using defaults
[0.840s] Level 1:colcon.colcon_core.package_discovery:discover_packages(ignore) discover
[0.840s] Level 1:colcon.colcon_core.package_discovery:discover_packages(ignore) using defaults
[0.840s] Level 1:colcon.colcon_core.package_discovery:discover_packages(path) discover
[0.840s] Level 1:colcon.colcon_core.package_discovery:discover_packages(path) using defaults
[0.881s] Level 1:colcon.colcon_core.package_discovery:discover_packages(prefix_path) check parameters
[0.881s] Level 1:colcon.colcon_core.package_discovery:discover_packages(prefix_path) discover
[0.886s] DEBUG:colcon.colcon_installed_package_information.package_discovery:Found 3 installed packages in /home/sjamil/exercises_ws/install
[0.886s] DEBUG:colcon.colcon_installed_package_information.package_discovery:Found 4 installed packages in /home/sjamil/install
[0.887s] DEBUG:colcon.colcon_installed_package_information.package_discovery:Found 3 installed packages in /home/sjamil/ros2_ws/install
[0.889s] DEBUG:colcon.colcon_installed_package_information.package_discovery:Found 327 installed packages in /opt/ros/humble
[0.911s] Level 1:colcon.colcon_core.package_discovery:discover_packages(prefix_path) using defaults
[1.006s] Level 5:colcon.colcon_core.verb:set package 'path_planner_example' build argument 'cmake_args' from command line to 'None'
[1.006s] Level 5:colcon.colcon_core.verb:set package 'path_planner_example' build argument 'cmake_target' from command line to 'None'
[1.006s] Level 5:colcon.colcon_core.verb:set package 'path_planner_example' build argument 'cmake_target_skip_unavailable' from command line to 'False'
[1.006s] Level 5:colcon.colcon_core.verb:set package 'path_planner_example' build argument 'cmake_clean_cache' from command line to 'False'
[1.006s] Level 5:colcon.colcon_core.verb:set package 'path_planner_example' build argument 'cmake_clean_first' from command line to 'False'
[1.006s] Level 5:colcon.colcon_core.verb:set package 'path_planner_example' build argument 'cmake_force_configure' from command line to 'False'
[1.006s] Level 5:colcon.colcon_core.verb:set package 'path_planner_example' build argument 'ament_cmake_args' from command line to 'None'
[1.006s] Level 5:colcon.colcon_core.verb:set package 'path_planner_example' build argument 'catkin_cmake_args' from command line to 'None'
[1.006s] Level 5:colcon.colcon_core.verb:set package 'path_planner_example' build argument 'catkin_skip_building_tests' from command line to 'False'
[1.006s] DEBUG:colcon.colcon_core.verb:Building package 'path_planner_example' with the following arguments: {'ament_cmake_args': None, 'build_base': '/home/sjamil/exercises_ws/build/path_planner_example', 'catkin_cmake_args': None, 'catkin_skip_building_tests': False, 'cmake_args': None, 'cmake_clean_cache': False, 'cmake_clean_first': False, 'cmake_force_configure': False, 'cmake_target': None, 'cmake_target_skip_unavailable': False, 'install_base': '/home/sjamil/exercises_ws/install/path_planner_example', 'merge_install': False, 'path': '/home/sjamil/exercises_ws/src/path_planner_example', 'symlink_install': True, 'test_result_base': None}
[1.007s] Level 5:colcon.colcon_core.verb:set package 'ros2_exercises' build argument 'cmake_args' from command line to 'None'
[1.007s] Level 5:colcon.colcon_core.verb:set package 'ros2_exercises' build argument 'cmake_target' from command line to 'None'
[1.007s] Level 5:colcon.colcon_core.verb:set package 'ros2_exercises' build argument 'cmake_target_skip_unavailable' from command line to 'False'
[1.007s] Level 5:colcon.colcon_core.verb:set package 'ros2_exercises' build argument 'cmake_clean_cache' from command line to 'False'
[1.007s] Level 5:colcon.colcon_core.verb:set package 'ros2_exercises' build argument 'cmake_clean_first' from command line to 'False'
[1.007s] Level 5:colcon.colcon_core.verb:set package 'ros2_exercises' build argument 'cmake_force_configure' from command line to 'False'
[1.007s] Level 5:colcon.colcon_core.verb:set package 'ros2_exercises' build argument 'ament_cmake_args' from command line to 'None'
[1.007s] Level 5:colcon.colcon_core.verb:set package 'ros2_exercises' build argument 'catkin_cmake_args' from command line to 'None'
[1.007s] Level 5:colcon.colcon_core.verb:set package 'ros2_exercises' build argument 'catkin_skip_building_tests' from command line to 'False'
[1.007s] DEBUG:colcon.colcon_core.verb:Building package 'ros2_exercises' with the following arguments: {'ament_cmake_args': None, 'build_base': '/home/sjamil/exercises_ws/build/ros2_exercises', 'catkin_cmake_args': None, 'catkin_skip_building_tests': False, 'cmake_args': None, 'cmake_clean_cache': False, 'cmake_clean_first': False, 'cmake_force_configure': False, 'cmake_target': None, 'cmake_target_skip_unavailable': False, 'install_base': '/home/sjamil/exercises_ws/install/ros2_exercises', 'merge_install': False, 'path': '/home/sjamil/exercises_ws/src/ros2_exercises', 'symlink_install': True, 'test_result_base': None}
[1.008s] Level 5:colcon.colcon_core.verb:set package 'ros2_exercises2' build argument 'cmake_args' from command line to 'None'
[1.008s] Level 5:colcon.colcon_core.verb:set package 'ros2_exercises2' build argument 'cmake_target' from command line to 'None'
[1.008s] Level 5:colcon.colcon_core.verb:set package 'ros2_exercises2' build argument 'cmake_target_skip_unavailable' from command line to 'False'
[1.008s] Level 5:colcon.colcon_core.verb:set package 'ros2_exercises2' build argument 'cmake_clean_cache' from command line to 'False'
[1.008s] Level 5:colcon.colcon_core.verb:set package 'ros2_exercises2' build argument 'cmake_clean_first' from command line to 'False'
[1.008s] Level 5:colcon.colcon_core.verb:set package 'ros2_exercises2' build argument 'cmake_force_configure' from command line to 'False'
[1.008s] Level 5:colcon.colcon_core.verb:set package 'ros2_exercises2' build argument 'ament_cmake_args' from command line to 'None'
[1.008s] Level 5:colcon.colcon_core.verb:set package 'ros2_exercises2' build argument 'catkin_cmake_args' from command line to 'None'
[1.008s] Level 5:colcon.colcon_core.verb:set package 'ros2_exercises2' build argument 'catkin_skip_building_tests' from command line to 'False'
[1.008s] DEBUG:colcon.colcon_core.verb:Building package 'ros2_exercises2' with the following arguments: {'ament_cmake_args': None, 'build_base': '/home/sjamil/exercises_ws/build/ros2_exercises2', 'catkin_cmake_args': None, 'catkin_skip_building_tests': False, 'cmake_args': None, 'cmake_clean_cache': False, 'cmake_clean_first': False, 'cmake_force_configure': False, 'cmake_target': None, 'cmake_target_skip_unavailable': False, 'install_base': '/home/sjamil/exercises_ws/install/ros2_exercises2', 'merge_install': False, 'path': '/home/sjamil/exercises_ws/src/ros2_exercises2', 'symlink_install': True, 'test_result_base': None}
[1.008s] INFO:colcon.colcon_core.executor:Executing jobs using 'parallel' executor
[1.010s] DEBUG:colcon.colcon_parallel_executor.executor.parallel:run_until_complete
[1.010s] INFO:colcon.colcon_ros.task.ament_python.build:Building ROS package in '/home/sjamil/exercises_ws/src/path_planner_example' with build type 'ament_python'
[1.010s] Level 1:colcon.colcon_core.shell:create_environment_hook('path_planner_example', 'ament_prefix_path')
[1.023s] INFO:colcon.colcon_core.plugin_system:Skipping extension 'colcon_core.shell.bat': Not used on non-Windows systems
[1.023s] INFO:colcon.colcon_core.shell:Creating environment hook '/home/sjamil/exercises_ws/install/path_planner_example/share/path_planner_example/hook/ament_prefix_path.ps1'
[1.025s] INFO:colcon.colcon_core.shell:Creating environment descriptor '/home/sjamil/exercises_ws/install/path_planner_example/share/path_planner_example/hook/ament_prefix_path.dsv'
[1.026s] INFO:colcon.colcon_core.shell:Creating environment hook '/home/sjamil/exercises_ws/install/path_planner_example/share/path_planner_example/hook/ament_prefix_path.sh'
[1.027s] INFO:colcon.colcon_core.shell:Skip shell extension 'powershell' for command environment: Not usable outside of PowerShell
[1.027s] DEBUG:colcon.colcon_core.shell:Skip shell extension 'dsv' for command environment
[1.044s] INFO:colcon.colcon_ros.task.ament_python.build:Building ROS package in '/home/sjamil/exercises_ws/src/ros2_exercises' with build type 'ament_python'
[1.044s] Level 1:colcon.colcon_core.shell:create_environment_hook('ros2_exercises', 'ament_prefix_path')
[1.045s] INFO:colcon.colcon_core.shell:Creating environment hook '/home/sjamil/exercises_ws/install/ros2_exercises/share/ros2_exercises/hook/ament_prefix_path.ps1'
[1.046s] INFO:colcon.colcon_core.shell:Creating environment descriptor '/home/sjamil/exercises_ws/install/ros2_exercises/share/ros2_exercises/hook/ament_prefix_path.dsv'
[1.046s] INFO:colcon.colcon_core.shell:Creating environment hook '/home/sjamil/exercises_ws/install/ros2_exercises/share/ros2_exercises/hook/ament_prefix_path.sh'
[1.047s] INFO:colcon.colcon_core.shell:Skip shell extension 'powershell' for command environment: Not usable outside of PowerShell
[1.047s] DEBUG:colcon.colcon_core.shell:Skip shell extension 'dsv' for command environment
[1.058s] INFO:colcon.colcon_ros.task.ament_python.build:Building ROS package in '/home/sjamil/exercises_ws/src/ros2_exercises2' with build type 'ament_python'
[1.059s] Level 1:colcon.colcon_core.shell:create_environment_hook('ros2_exercises2', 'ament_prefix_path')
[1.060s] INFO:colcon.colcon_core.shell:Creating environment hook '/home/sjamil/exercises_ws/install/ros2_exercises2/share/ros2_exercises2/hook/ament_prefix_path.ps1'
[1.061s] INFO:colcon.colcon_core.shell:Creating environment descriptor '/home/sjamil/exercises_ws/install/ros2_exercises2/share/ros2_exercises2/hook/ament_prefix_path.dsv'
[1.061s] INFO:colcon.colcon_core.shell:Creating environment hook '/home/sjamil/exercises_ws/install/ros2_exercises2/share/ros2_exercises2/hook/ament_prefix_path.sh'
[1.062s] INFO:colcon.colcon_core.shell:Skip shell extension 'powershell' for command environment: Not usable outside of PowerShell
[1.062s] DEBUG:colcon.colcon_core.shell:Skip shell extension 'dsv' for command environment
[2.188s] INFO:colcon.colcon_core.task.python.build:Building Python package in '/home/sjamil/exercises_ws/src/path_planner_example'
[2.188s] INFO:colcon.colcon_core.shell:Skip shell extension 'powershell' for command environment: Not usable outside of PowerShell
[2.188s] DEBUG:colcon.colcon_core.shell:Skip shell extension 'dsv' for command environment
[3.427s] INFO:colcon.colcon_core.task.python.build:Building Python package in '/home/sjamil/exercises_ws/src/ros2_exercises'
[3.427s] INFO:colcon.colcon_core.shell:Skip shell extension 'powershell' for command environment: Not usable outside of PowerShell
[3.427s] DEBUG:colcon.colcon_core.shell:Skip shell extension 'dsv' for command environment
[4.484s] INFO:colcon.colcon_core.task.python.build:Building Python package in '/home/sjamil/exercises_ws/src/ros2_exercises2'
[4.485s] INFO:colcon.colcon_core.shell:Skip shell extension 'powershell' for command environment: Not usable outside of PowerShell
[4.485s] DEBUG:colcon.colcon_core.shell:Skip shell extension 'dsv' for command environment
[5.880s] DEBUG:colcon.colcon_core.event_handler.log_command:Invoking command in '/home/sjamil/exercises_ws/build/ros2_exercises2': PYTHONPATH=/home/sjamil/exercises_ws/build/ros2_exercises2/prefix_override:/usr/lib/python3/dist-packages/colcon_core/task/python/colcon_distutils_commands:/home/sjamil/exercises_ws/install/ros2_exercises2/lib/python3.10/site-packages:${PYTHONPATH} /usr/bin/python3 -W ignore:setup.py install is deprecated -W ignore:easy_install command is deprecated setup.py develop --editable --build-directory /home/sjamil/exercises_ws/build/ros2_exercises2/build --no-deps symlink_data
[6.116s] DEBUG:colcon.colcon_core.event_handler.log_command:Invoking command in '/home/sjamil/exercises_ws/build/path_planner_example': PYTHONPATH=/home/sjamil/exercises_ws/build/path_planner_example/prefix_override:/usr/lib/python3/dist-packages/colcon_core/task/python/colcon_distutils_commands:/home/sjamil/exercises_ws/install/path_planner_example/lib/python3.10/site-packages:${PYTHONPATH} /usr/bin/python3 -W ignore:setup.py install is deprecated -W ignore:easy_install command is deprecated setup.py develop --editable --build-directory /home/sjamil/exercises_ws/build/path_planner_example/build --no-deps symlink_data
[6.133s] DEBUG:colcon.colcon_core.event_handler.log_command:Invoking command in '/home/sjamil/exercises_ws/build/ros2_exercises': PYTHONPATH=/home/sjamil/exercises_ws/build/ros2_exercises/prefix_override:/usr/lib/python3/dist-packages/colcon_core/task/python/colcon_distutils_commands:/home/sjamil/exercises_ws/install/ros2_exercises/lib/python3.10/site-packages:${PYTHONPATH} /usr/bin/python3 -W ignore:setup.py install is deprecated -W ignore:easy_install command is deprecated setup.py develop --editable --build-directory /home/sjamil/exercises_ws/build/ros2_exercises/build --no-deps symlink_data
[7.401s] Level 1:colcon.colcon_core.shell:create_environment_hook('ros2_exercises', 'pythonpath_develop')
[7.402s] DEBUG:colcon.colcon_core.event_handler.log_command:Invoked command in '/home/sjamil/exercises_ws/build/ros2_exercises' returned '0': PYTHONPATH=/home/sjamil/exercises_ws/build/ros2_exercises/prefix_override:/usr/lib/python3/dist-packages/colcon_core/task/python/colcon_distutils_commands:/home/sjamil/exercises_ws/install/ros2_exercises/lib/python3.10/site-packages:${PYTHONPATH} /usr/bin/python3 -W ignore:setup.py install is deprecated -W ignore:easy_install command is deprecated setup.py develop --editable --build-directory /home/sjamil/exercises_ws/build/ros2_exercises/build --no-deps symlink_data
[7.403s] INFO:colcon.colcon_core.shell:Creating environment hook '/home/sjamil/exercises_ws/build/ros2_exercises/share/ros2_exercises/hook/pythonpath_develop.ps1'
[7.404s] INFO:colcon.colcon_core.shell:Creating environment descriptor '/home/sjamil/exercises_ws/build/ros2_exercises/share/ros2_exercises/hook/pythonpath_develop.dsv'
[7.405s] INFO:colcon.colcon_core.shell:Creating environment hook '/home/sjamil/exercises_ws/build/ros2_exercises/share/ros2_exercises/hook/pythonpath_develop.sh'
[7.415s] Level 1:colcon.colcon_core.environment:checking '/home/sjamil/exercises_ws/install/ros2_exercises' for CMake module files
[7.416s] Level 1:colcon.colcon_core.environment:checking '/home/sjamil/exercises_ws/install/ros2_exercises' for CMake config files
[7.418s] Level 1:colcon.colcon_core.environment:checking '/home/sjamil/exercises_ws/install/ros2_exercises/lib'
[7.418s] Level 1:colcon.colcon_core.environment:checking '/home/sjamil/exercises_ws/install/ros2_exercises/bin'
[7.419s] Level 1:colcon.colcon_core.environment:checking '/home/sjamil/exercises_ws/install/ros2_exercises/lib/pkgconfig/ros2_exercises.pc'
[7.419s] Level 1:colcon.colcon_core.environment:checking '/home/sjamil/exercises_ws/install/ros2_exercises/lib/python3.10/site-packages'
[7.420s] Level 1:colcon.colcon_core.shell:create_environment_hook('ros2_exercises', 'pythonpath')
[7.420s] INFO:colcon.colcon_core.shell:Creating environment hook '/home/sjamil/exercises_ws/install/ros2_exercises/share/ros2_exercises/hook/pythonpath.ps1'
[7.422s] INFO:colcon.colcon_core.shell:Creating environment descriptor '/home/sjamil/exercises_ws/install/ros2_exercises/share/ros2_exercises/hook/pythonpath.dsv'
[7.424s] INFO:colcon.colcon_core.shell:Creating environment hook '/home/sjamil/exercises_ws/install/ros2_exercises/share/ros2_exercises/hook/pythonpath.sh'
[7.427s] Level 1:colcon.colcon_core.environment:checking '/home/sjamil/exercises_ws/install/ros2_exercises/bin'
[7.428s] Level 1:colcon.colcon_core.environment:create_environment_scripts_only(ros2_exercises)
[7.429s] INFO:colcon.colcon_core.shell:Creating package script '/home/sjamil/exercises_ws/install/ros2_exercises/share/ros2_exercises/package.ps1'
[7.432s] INFO:colcon.colcon_core.shell:Creating package descriptor '/home/sjamil/exercises_ws/install/ros2_exercises/share/ros2_exercises/package.dsv'
[7.435s] INFO:colcon.colcon_core.shell:Creating package script '/home/sjamil/exercises_ws/install/ros2_exercises/share/ros2_exercises/package.sh'
[7.439s] INFO:colcon.colcon_core.shell:Creating package script '/home/sjamil/exercises_ws/install/ros2_exercises/share/ros2_exercises/package.bash'
[7.440s] INFO:colcon.colcon_core.shell:Creating package script '/home/sjamil/exercises_ws/install/ros2_exercises/share/ros2_exercises/package.zsh'
[7.443s] Level 1:colcon.colcon_core.environment:create_file_with_runtime_dependencies(/home/sjamil/exercises_ws/install/ros2_exercises/share/colcon-core/packages/ros2_exercises)
[8.058s] Level 1:colcon.colcon_core.shell:create_environment_hook('ros2_exercises2', 'pythonpath_develop')
[8.058s] INFO:colcon.colcon_core.shell:Creating environment hook '/home/sjamil/exercises_ws/build/ros2_exercises2/share/ros2_exercises2/hook/pythonpath_develop.ps1'
[8.059s] DEBUG:colcon.colcon_core.event_handler.log_command:Invoked command in '/home/sjamil/exercises_ws/build/ros2_exercises2' returned '0': PYTHONPATH=/home/sjamil/exercises_ws/build/ros2_exercises2/prefix_override:/usr/lib/python3/dist-packages/colcon_core/task/python/colcon_distutils_commands:/home/sjamil/exercises_ws/install/ros2_exercises2/lib/python3.10/site-packages:${PYTHONPATH} /usr/bin/python3 -W ignore:setup.py install is deprecated -W ignore:easy_install command is deprecated setup.py develop --editable --build-directory /home/sjamil/exercises_ws/build/ros2_exercises2/build --no-deps symlink_data
[8.060s] INFO:colcon.colcon_core.shell:Creating environment descriptor '/home/sjamil/exercises_ws/build/ros2_exercises2/share/ros2_exercises2/hook/pythonpath_develop.dsv'
[8.063s] INFO:colcon.colcon_core.shell:Creating environment hook '/home/sjamil/exercises_ws/build/ros2_exercises2/share/ros2_exercises2/hook/pythonpath_develop.sh'
[8.064s] Level 1:colcon.colcon_core.environment:checking '/home/sjamil/exercises_ws/install/ros2_exercises2' for CMake module files
[8.065s] Level 1:colcon.colcon_core.environment:checking '/home/sjamil/exercises_ws/install/ros2_exercises2' for CMake config files
[8.065s] Level 1:colcon.colcon_core.environment:checking '/home/sjamil/exercises_ws/install/ros2_exercises2/lib'
[8.066s] Level 1:colcon.colcon_core.environment:checking '/home/sjamil/exercises_ws/install/ros2_exercises2/bin'
[8.066s] Level 1:colcon.colcon_core.environment:checking '/home/sjamil/exercises_ws/install/ros2_exercises2/lib/pkgconfig/ros2_exercises2.pc'
[8.066s] Level 1:colcon.colcon_core.environment:checking '/home/sjamil/exercises_ws/install/ros2_exercises2/lib/python3.10/site-packages'
[8.066s] Level 1:colcon.colcon_core.shell:create_environment_hook('ros2_exercises2', 'pythonpath')
[8.066s] INFO:colcon.colcon_core.shell:Creating environment hook '/home/sjamil/exercises_ws/install/ros2_exercises2/share/ros2_exercises2/hook/pythonpath.ps1'
[8.069s] INFO:colcon.colcon_core.shell:Creating environment descriptor '/home/sjamil/exercises_ws/install/ros2_exercises2/share/ros2_exercises2/hook/pythonpath.dsv'
[8.070s] INFO:colcon.colcon_core.shell:Creating environment hook '/home/sjamil/exercises_ws/install/ros2_exercises2/share/ros2_exercises2/hook/pythonpath.sh'
[8.072s] Level 1:colcon.colcon_core.environment:checking '/home/sjamil/exercises_ws/install/ros2_exercises2/bin'
[8.072s] Level 1:colcon.colcon_core.environment:create_environment_scripts_only(ros2_exercises2)
[8.073s] INFO:colcon.colcon_core.shell:Creating package script '/home/sjamil/exercises_ws/install/ros2_exercises2/share/ros2_exercises2/package.ps1'
[8.074s] INFO:colcon.colcon_core.shell:Creating package descriptor '/home/sjamil/exercises_ws/install/ros2_exercises2/share/ros2_exercises2/package.dsv'
[8.075s] INFO:colcon.colcon_core.shell:Creating package script '/home/sjamil/exercises_ws/install/ros2_exercises2/share/ros2_exercises2/package.sh'
[8.076s] INFO:colcon.colcon_core.shell:Creating package script '/home/sjamil/exercises_ws/install/ros2_exercises2/share/ros2_exercises2/package.bash'
[8.077s] INFO:colcon.colcon_core.shell:Creating package script '/home/sjamil/exercises_ws/install/ros2_exercises2/share/ros2_exercises2/package.zsh'
[8.079s] Level 1:colcon.colcon_core.environment:create_file_with_runtime_dependencies(/home/sjamil/exercises_ws/install/ros2_exercises2/share/colcon-core/packages/ros2_exercises2)
[8.288s] Level 1:colcon.colcon_core.shell:create_environment_hook('path_planner_example', 'pythonpath_develop')
[8.289s] INFO:colcon.colcon_core.shell:Creating environment hook '/home/sjamil/exercises_ws/build/path_planner_example/share/path_planner_example/hook/pythonpath_develop.ps1'
[8.289s] DEBUG:colcon.colcon_core.event_handler.log_command:Invoked command in '/home/sjamil/exercises_ws/build/path_planner_example' returned '0': PYTHONPATH=/home/sjamil/exercises_ws/build/path_planner_example/prefix_override:/usr/lib/python3/dist-packages/colcon_core/task/python/colcon_distutils_commands:/home/sjamil/exercises_ws/install/path_planner_example/lib/python3.10/site-packages:${PYTHONPATH} /usr/bin/python3 -W ignore:setup.py install is deprecated -W ignore:easy_install command is deprecated setup.py develop --editable --build-directory /home/sjamil/exercises_ws/build/path_planner_example/build --no-deps symlink_data
[8.291s] INFO:colcon.colcon_core.shell:Creating environment descriptor '/home/sjamil/exercises_ws/build/path_planner_example/share/path_planner_example/hook/pythonpath_develop.dsv'
[8.292s] INFO:colcon.colcon_core.shell:Creating environment hook '/home/sjamil/exercises_ws/build/path_planner_example/share/path_planner_example/hook/pythonpath_develop.sh'
[8.294s] Level 1:colcon.colcon_core.environment:checking '/home/sjamil/exercises_ws/install/path_planner_example' for CMake module files
[8.294s] Level 1:colcon.colcon_core.environment:checking '/home/sjamil/exercises_ws/install/path_planner_example' for CMake config files
[8.298s] Level 1:colcon.colcon_core.environment:checking '/home/sjamil/exercises_ws/install/path_planner_example/lib'
[8.298s] Level 1:colcon.colcon_core.environment:checking '/home/sjamil/exercises_ws/install/path_planner_example/bin'
[8.299s] Level 1:colcon.colcon_core.environment:checking '/home/sjamil/exercises_ws/install/path_planner_example/lib/pkgconfig/path_planner_example.pc'
[8.299s] Level 1:colcon.colcon_core.environment:checking '/home/sjamil/exercises_ws/install/path_planner_example/lib/python3.10/site-packages'
[8.299s] Level 1:colcon.colcon_core.shell:create_environment_hook('path_planner_example', 'pythonpath')
[8.302s] INFO:colcon.colcon_core.shell:Creating environment hook '/home/sjamil/exercises_ws/install/path_planner_example/share/path_planner_example/hook/pythonpath.ps1'
[8.303s] INFO:colcon.colcon_core.shell:Creating environment descriptor '/home/sjamil/exercises_ws/install/path_planner_example/share/path_planner_example/hook/pythonpath.dsv'
[8.304s] INFO:colcon.colcon_core.shell:Creating environment hook '/home/sjamil/exercises_ws/install/path_planner_example/share/path_planner_example/hook/pythonpath.sh'
[8.305s] Level 1:colcon.colcon_core.environment:checking '/home/sjamil/exercises_ws/install/path_planner_example/bin'
[8.305s] Level 1:colcon.colcon_core.environment:create_environment_scripts_only(path_planner_example)
[8.306s] INFO:colcon.colcon_core.shell:Creating package script '/home/sjamil/exercises_ws/install/path_planner_example/share/path_planner_example/package.ps1'
[8.308s] INFO:colcon.colcon_core.shell:Creating package descriptor '/home/sjamil/exercises_ws/install/path_planner_example/share/path_planner_example/package.dsv'
[8.309s] INFO:colcon.colcon_core.shell:Creating package script '/home/sjamil/exercises_ws/install/path_planner_example/share/path_planner_example/package.sh'
[8.310s] INFO:colcon.colcon_core.shell:Creating package script '/home/sjamil/exercises_ws/install/path_planner_example/share/path_planner_example/package.bash'
[8.311s] INFO:colcon.colcon_core.shell:Creating package script '/home/sjamil/exercises_ws/install/path_planner_example/share/path_planner_example/package.zsh'
[8.312s] Level 1:colcon.colcon_core.environment:create_file_with_runtime_dependencies(/home/sjamil/exercises_ws/install/path_planner_example/share/colcon-core/packages/path_planner_example)
[8.313s] DEBUG:colcon.colcon_parallel_executor.executor.parallel:closing loop
[8.314s] DEBUG:colcon.colcon_parallel_executor.executor.parallel:loop closed
[8.314s] DEBUG:colcon.colcon_parallel_executor.executor.parallel:run_until_complete finished with '0'
[8.314s] DEBUG:colcon.colcon_core.event_reactor:joining thread
[8.325s] INFO:colcon.colcon_core.plugin_system:Skipping extension 'colcon_notification.desktop_notification.terminal_notifier': Not used on non-Darwin systems
[8.325s] INFO:colcon.colcon_core.plugin_system:Skipping extension 'colcon_notification.desktop_notification.win32': Not used on non-Windows systems
[8.325s] INFO:colcon.colcon_notification.desktop_notification:Sending desktop notification using 'notify2'
[8.389s] DEBUG:colcon.colcon_core.event_reactor:joined thread
[8.389s] INFO:colcon.colcon_core.shell:Creating prefix script '/home/sjamil/exercises_ws/install/local_setup.ps1'
[8.391s] INFO:colcon.colcon_core.shell:Creating prefix util module '/home/sjamil/exercises_ws/install/_local_setup_util_ps1.py'
[8.395s] INFO:colcon.colcon_core.shell:Creating prefix chain script '/home/sjamil/exercises_ws/install/setup.ps1'
[8.400s] INFO:colcon.colcon_core.shell:Creating prefix script '/home/sjamil/exercises_ws/install/local_setup.sh'
[8.402s] INFO:colcon.colcon_core.shell:Creating prefix util module '/home/sjamil/exercises_ws/install/_local_setup_util_sh.py'
[8.402s] INFO:colcon.colcon_core.shell:Creating prefix chain script '/home/sjamil/exercises_ws/install/setup.sh'
[8.405s] INFO:colcon.colcon_core.shell:Creating prefix script '/home/sjamil/exercises_ws/install/local_setup.bash'
[8.406s] INFO:colcon.colcon_core.shell:Creating prefix chain script '/home/sjamil/exercises_ws/install/setup.bash'
[8.410s] INFO:colcon.colcon_core.shell:Creating prefix script '/home/sjamil/exercises_ws/install/local_setup.zsh'
[8.411s] INFO:colcon.colcon_core.shell:Creating prefix chain script '/home/sjamil/exercises_ws/install/setup.zsh'
