[0.000000] (-) TimerEvent: {}
[0.000422] (path_planner_example) JobQueued: {'identifier': 'path_planner_example', 'dependencies': OrderedDict()}
[0.001449] (ros2_exercises) JobQueued: {'identifier': 'ros2_exercises', 'dependencies': OrderedDict()}
[0.001509] (ros2_exercises2) JobQueued: {'identifier': 'ros2_exercises2', 'dependencies': OrderedDict()}
[0.002597] (path_planner_example) JobStarted: {'identifier': 'path_planner_example'}
[0.022634] (ros2_exercises) JobStarted: {'identifier': 'ros2_exercises'}
[0.040807] (ros2_exercises2) JobStarted: {'identifier': 'ros2_exercises2'}
[0.099551] (-) TimerEvent: {}
[0.200038] (-) TimerEvent: {}
[0.300805] (-) TimerEvent: {}
[0.401279] (-) TimerEvent: {}
[0.501740] (-) TimerEvent: {}
[0.602415] (-) TimerEvent: {}
[0.702893] (-) TimerEvent: {}
[0.803899] (-) TimerEvent: {}
[0.904502] (-) TimerEvent: {}
[1.005076] (-) TimerEvent: {}
[1.105645] (-) TimerEvent: {}
[1.206256] (-) TimerEvent: {}
[1.306837] (-) TimerEvent: {}
[1.407520] (-) TimerEvent: {}
[1.508095] (-) TimerEvent: {}
[1.608631] (-) TimerEvent: {}
[1.709174] (-) TimerEvent: {}
[1.809735] (-) TimerEvent: {}
[1.910384] (-) TimerEvent: {}
[2.010853] (-) TimerEvent: {}
[2.111310] (-) TimerEvent: {}
[2.211950] (-) TimerEvent: {}
[2.312443] (-) TimerEvent: {}
[2.412974] (-) TimerEvent: {}
[2.448366] (path_planner_example) Command: {'cmd': ['/usr/bin/python3', '-W', 'ignore:setup.py install is deprecated', '-W', 'ignore:easy_install command is deprecated', 'setup.py', 'develop', '--editable', '--build-directory', '/home/sjamil/exercises_ws/build/path_planner_example/build', '--no-deps', 'symlink_data'], 'cwd': '/home/sjamil/exercises_ws/build/path_planner_example', 'env': {'VNCDESKTOP': '2ee51c06e6d0:1 (sjamil)', 'QT_SCALE_FACTOR': '1', 'USER': 'sjamil', 'SUPERVISOR_GROUP_NAME': 'vnc', 'HOSTNAME': '2ee51c06e6d0', 'XDG_SESSION_TYPE': 'x11', '__GLX_VENDOR_LIBRARY_NAME': 'nvidia', 'SHLVL': '2', 'LD_LIBRARY_PATH': '/home/sjamil/ros2_ws/install/custom_nav2_planner/lib:/home/sjamil/ros2_ws/install/create_plan_msgs/lib:/home/sjamil/install/custom_nav2_planner/lib:/home/sjamil/install/create_plan_msgs/lib:/opt/ros/humble/opt/rviz_ogre_vendor/lib:/opt/ros/humble/lib/x86_64-linux-gnu:/opt/ros/humble/lib', 'HOME': '/home/sjamil', 'OLDPWD': '/', 'GIO_LAUNCHED_DESKTOP_FILE': '/home/sjamil/Desktop/terminator.desktop', 'ROS_PYTHON_VERSION': '3', 'LC_CTYPE': 'C.UTF-8', 'DBUS_SESSION_BUS_ADDRESS': 'unix:abstract=/tmp/dbus-MF5OJvllFM,guid=8de91efeedb348c1c08c028f674f9ab4', 'COLORTERM': 'truecolor', 'TERMINATOR_DBUS_NAME': 'net.tenshu.Terminator23558193cd9818af7fe4d2c2f5bd9d00f', 'GIO_LAUNCHED_DESKTOP_FILE_PID': '6436', 'GNOME_KEYRING_CONTROL': '/home/sjamil/.cache/keyring-6OE7X2', 'COLCON_PREFIX_PATH': '/home/sjamil/exercises_ws/install:/home/sjamil/install:/home/sjamil/ros2_ws/install', 'ROS_DISTRO': 'humble', '_': '/usr/bin/colcon', 'ROS_VERSION': '2', 'NVIDIA_DRIVER_CAPABILITIES': 'all', 'XDG_SESSION_CLASS': 'user', 'TERM': 'xterm-256color', 'GTK_OVERLAY_SCROLLING': '0', 'ROS_LOCALHOST_ONLY': '0', 'INSIDE_CAJA_PYTHON': '', 'PATH': '/opt/ros/humble/bin:/usr/local/sbin:/usr/local/bin:/usr/sbin:/usr/bin:/sbin:/bin', 'SESSION_MANAGER': 'local/2ee51c06e6d0:@/tmp/.ICE-unix/788,unix/2ee51c06e6d0:/tmp/.ICE-unix/788', 'DISPLAY': ':1', 'TERMINATOR_DBUS_PATH': '/net/tenshu/Terminator2', 'EXERCISES_WS': '/home/sjamil/exercises_ws', 'XDG_CURRENT_DESKTOP': 'MATE', 'SUPERVISOR_ENABLED': '1', 'SSH_AUTH_SOCK': '/home/sjamil/.cache/keyring-6OE7X2/ssh', 'ROS_DOMAIN_ID': '7', 'AMENT_PREFIX_PATH': '/home/sjamil/ros2_ws/install/custom_nav2_planner:/home/sjamil/ros2_ws/install/create_plan_msgs:/home/sjamil/ros2_ws/install/andino_gz:/home/sjamil/exercises_ws/install/ros2_exercises2:/home/sjamil/exercises_ws/install/ros2_exercises:/home/sjamil/install/ros2_exercises:/home/sjamil/install/custom_nav2_planner:/home/sjamil/install/create_plan_msgs:/home/sjamil/install/andino_gz:/opt/ros/humble', 'DEBIAN_FRONTEND': 'noninteractive', 'TERMINATOR_UUID': 'urn:uuid:93023bb0-dd3c-4a9b-a1c2-2ab1227f4348', 'VNC_PASSWORD': '', 'IGN_GAZEBO_RESOURCE_PATH': '/home/sjamil/ros2_ws/install/andino_gz/share/andino_gz/models:/home/sjamil/install/andino_gz/share/andino_gz/models', 'PASSWD': 'ubuntu', 'SUPERVISOR_SERVER_URL': 'unix:///var/run/supervisor.sock', 'SUPERVISOR_PROCESS_NAME': 'vnc', 'PWD': '/home/sjamil/exercises_ws/build/path_planner_example', 'PASSWORD': '', 'PYTHONPATH': '/home/sjamil/exercises_ws/build/path_planner_example/prefix_override:/usr/lib/python3/dist-packages/colcon_core/task/python/colcon_distutils_commands:/home/sjamil/exercises_ws/install/path_planner_example/lib/python3.10/site-packages:/home/sjamil/ros2_ws/install/create_plan_msgs/local/lib/python3.10/dist-packages:/home/sjamil/ros2_ws/install/andino_gz/local/lib/python3.10/dist-packages:/home/sjamil/exercises_ws/build/ros2_exercises2:/home/sjamil/exercises_ws/install/ros2_exercises2/lib/python3.10/site-packages:/home/sjamil/exercises_ws/build/ros2_exercises:/home/sjamil/exercises_ws/install/ros2_exercises/lib/python3.10/site-packages:/home/sjamil/build/ros2_exercises:/home/sjamil/install/ros2_exercises/lib/python3.10/site-packages:/home/sjamil/install/create_plan_msgs/local/lib/python3.10/dist-packages:/home/sjamil/install/andino_gz/local/lib/python3.10/dist-packages:/opt/ros/humble/lib/python3.10/site-packages:/opt/ros/humble/local/lib/python3.10/dist-packages', 'NVIDIA_VISIBLE_DEVICES': 'all', 'MATE_DESKTOP_SESSION_ID': 'this-is-deprecated', 'COLCON': '1', 'VTE_VERSION': '6800', 'CMAKE_PREFIX_PATH': '/home/sjamil/ros2_ws/install/custom_nav2_planner:/home/sjamil/ros2_ws/install/create_plan_msgs:/home/sjamil/ros2_ws/install/andino_gz:/home/sjamil/install/custom_nav2_planner:/home/sjamil/install/create_plan_msgs:/home/sjamil/install/andino_gz', 'ROS2_WS': '/home/sjamil/ros2_ws', 'QT_FONT_DPI': '96'}, 'shell': False}
[2.457204] (ros2_exercises2) Command: {'cmd': ['/usr/bin/python3', '-W', 'ignore:setup.py install is deprecated', '-W', 'ignore:easy_install command is deprecated', 'setup.py', 'develop', '--editable', '--build-directory', '/home/sjamil/exercises_ws/build/ros2_exercises2/build', '--no-deps', 'symlink_data'], 'cwd': '/home/sjamil/exercises_ws/build/ros2_exercises2', 'env': {'VNCDESKTOP': '2ee51c06e6d0:1 (sjamil)', 'QT_SCALE_FACTOR': '1', 'USER': 'sjamil', 'SUPERVISOR_GROUP_NAME': 'vnc', 'HOSTNAME': '2ee51c06e6d0', 'XDG_SESSION_TYPE': 'x11', '__GLX_VENDOR_LIBRARY_NAME': 'nvidia', 'SHLVL': '2', 'LD_LIBRARY_PATH': '/home/sjamil/ros2_ws/install/custom_nav2_planner/lib:/home/sjamil/ros2_ws/install/create_plan_msgs/lib:/home/sjamil/install/custom_nav2_planner/lib:/home/sjamil/install/create_plan_msgs/lib:/opt/ros/humble/opt/rviz_ogre_vendor/lib:/opt/ros/humble/lib/x86_64-linux-gnu:/opt/ros/humble/lib', 'HOME': '/home/sjamil', 'OLDPWD': '/', 'GIO_LAUNCHED_DESKTOP_FILE': '/home/sjamil/Desktop/terminator.desktop', 'ROS_PYTHON_VERSION': '3', 'LC_CTYPE': 'C.UTF-8', 'DBUS_SESSION_BUS_ADDRESS': 'unix:abstract=/tmp/dbus-MF5OJvllFM,guid=8de91efeedb348c1c08c028f674f9ab4', 'COLORTERM': 'truecolor', 'TERMINATOR_DBUS_NAME': 'net.tenshu.Terminator23558193cd9818af7fe4d2c2f5bd9d00f', 'GIO_LAUNCHED_DESKTOP_FILE_PID': '6436', 'GNOME_KEYRING_CONTROL': '/home/sjamil/.cache/keyring-6OE7X2', 'COLCON_PREFIX_PATH': '/home/sjamil/exercises_ws/install:/home/sjamil/install:/home/sjamil/ros2_ws/install', 'ROS_DISTRO': 'humble', '_': '/usr/bin/colcon', 'ROS_VERSION': '2', 'NVIDIA_DRIVER_CAPABILITIES': 'all', 'XDG_SESSION_CLASS': 'user', 'TERM': 'xterm-256color', 'GTK_OVERLAY_SCROLLING': '0', 'ROS_LOCALHOST_ONLY': '0', 'INSIDE_CAJA_PYTHON': '', 'PATH': '/opt/ros/humble/bin:/usr/local/sbin:/usr/local/bin:/usr/sbin:/usr/bin:/sbin:/bin', 'SESSION_MANAGER': 'local/2ee51c06e6d0:@/tmp/.ICE-unix/788,unix/2ee51c06e6d0:/tmp/.ICE-unix/788', 'DISPLAY': ':1', 'TERMINATOR_DBUS_PATH': '/net/tenshu/Terminator2', 'EXERCISES_WS': '/home/sjamil/exercises_ws', 'XDG_CURRENT_DESKTOP': 'MATE', 'SUPERVISOR_ENABLED': '1', 'SSH_AUTH_SOCK': '/home/sjamil/.cache/keyring-6OE7X2/ssh', 'ROS_DOMAIN_ID': '7', 'AMENT_PREFIX_PATH': '/home/sjamil/ros2_ws/install/custom_nav2_planner:/home/sjamil/ros2_ws/install/create_plan_msgs:/home/sjamil/ros2_ws/install/andino_gz:/home/sjamil/exercises_ws/install/ros2_exercises2:/home/sjamil/exercises_ws/install/ros2_exercises:/home/sjamil/install/ros2_exercises:/home/sjamil/install/custom_nav2_planner:/home/sjamil/install/create_plan_msgs:/home/sjamil/install/andino_gz:/opt/ros/humble', 'DEBIAN_FRONTEND': 'noninteractive', 'TERMINATOR_UUID': 'urn:uuid:93023bb0-dd3c-4a9b-a1c2-2ab1227f4348', 'VNC_PASSWORD': '', 'IGN_GAZEBO_RESOURCE_PATH': '/home/sjamil/ros2_ws/install/andino_gz/share/andino_gz/models:/home/sjamil/install/andino_gz/share/andino_gz/models', 'PASSWD': 'ubuntu', 'SUPERVISOR_SERVER_URL': 'unix:///var/run/supervisor.sock', 'SUPERVISOR_PROCESS_NAME': 'vnc', 'PWD': '/home/sjamil/exercises_ws/build/ros2_exercises2', 'PASSWORD': '', 'PYTHONPATH': '/home/sjamil/exercises_ws/build/ros2_exercises2/prefix_override:/usr/lib/python3/dist-packages/colcon_core/task/python/colcon_distutils_commands:/home/sjamil/exercises_ws/install/ros2_exercises2/lib/python3.10/site-packages:/home/sjamil/ros2_ws/install/create_plan_msgs/local/lib/python3.10/dist-packages:/home/sjamil/ros2_ws/install/andino_gz/local/lib/python3.10/dist-packages:/home/sjamil/exercises_ws/build/ros2_exercises2:/home/sjamil/exercises_ws/install/ros2_exercises2/lib/python3.10/site-packages:/home/sjamil/exercises_ws/build/ros2_exercises:/home/sjamil/exercises_ws/install/ros2_exercises/lib/python3.10/site-packages:/home/sjamil/build/ros2_exercises:/home/sjamil/install/ros2_exercises/lib/python3.10/site-packages:/home/sjamil/install/create_plan_msgs/local/lib/python3.10/dist-packages:/home/sjamil/install/andino_gz/local/lib/python3.10/dist-packages:/opt/ros/humble/lib/python3.10/site-packages:/opt/ros/humble/local/lib/python3.10/dist-packages', 'NVIDIA_VISIBLE_DEVICES': 'all', 'MATE_DESKTOP_SESSION_ID': 'this-is-deprecated', 'COLCON': '1', 'VTE_VERSION': '6800', 'CMAKE_PREFIX_PATH': '/home/sjamil/ros2_ws/install/custom_nav2_planner:/home/sjamil/ros2_ws/install/create_plan_msgs:/home/sjamil/ros2_ws/install/andino_gz:/home/sjamil/install/custom_nav2_planner:/home/sjamil/install/create_plan_msgs:/home/sjamil/install/andino_gz', 'ROS2_WS': '/home/sjamil/ros2_ws', 'QT_FONT_DPI': '96'}, 'shell': False}
[2.513145] (-) TimerEvent: {}
[2.553329] (ros2_exercises) Command: {'cmd': ['/usr/bin/python3', '-W', 'ignore:setup.py install is deprecated', '-W', 'ignore:easy_install command is deprecated', 'setup.py', 'develop', '--editable', '--build-directory', '/home/sjamil/exercises_ws/build/ros2_exercises/build', '--no-deps', 'symlink_data'], 'cwd': '/home/sjamil/exercises_ws/build/ros2_exercises', 'env': {'VNCDESKTOP': '2ee51c06e6d0:1 (sjamil)', 'QT_SCALE_FACTOR': '1', 'USER': 'sjamil', 'SUPERVISOR_GROUP_NAME': 'vnc', 'HOSTNAME': '2ee51c06e6d0', 'XDG_SESSION_TYPE': 'x11', '__GLX_VENDOR_LIBRARY_NAME': 'nvidia', 'SHLVL': '2', 'LD_LIBRARY_PATH': '/home/sjamil/ros2_ws/install/custom_nav2_planner/lib:/home/sjamil/ros2_ws/install/create_plan_msgs/lib:/home/sjamil/install/custom_nav2_planner/lib:/home/sjamil/install/create_plan_msgs/lib:/opt/ros/humble/opt/rviz_ogre_vendor/lib:/opt/ros/humble/lib/x86_64-linux-gnu:/opt/ros/humble/lib', 'HOME': '/home/sjamil', 'OLDPWD': '/', 'GIO_LAUNCHED_DESKTOP_FILE': '/home/sjamil/Desktop/terminator.desktop', 'ROS_PYTHON_VERSION': '3', 'LC_CTYPE': 'C.UTF-8', 'DBUS_SESSION_BUS_ADDRESS': 'unix:abstract=/tmp/dbus-MF5OJvllFM,guid=8de91efeedb348c1c08c028f674f9ab4', 'COLORTERM': 'truecolor', 'TERMINATOR_DBUS_NAME': 'net.tenshu.Terminator23558193cd9818af7fe4d2c2f5bd9d00f', 'GIO_LAUNCHED_DESKTOP_FILE_PID': '6436', 'GNOME_KEYRING_CONTROL': '/home/sjamil/.cache/keyring-6OE7X2', 'COLCON_PREFIX_PATH': '/home/sjamil/exercises_ws/install:/home/sjamil/install:/home/sjamil/ros2_ws/install', 'ROS_DISTRO': 'humble', '_': '/usr/bin/colcon', 'ROS_VERSION': '2', 'NVIDIA_DRIVER_CAPABILITIES': 'all', 'XDG_SESSION_CLASS': 'user', 'TERM': 'xterm-256color', 'GTK_OVERLAY_SCROLLING': '0', 'ROS_LOCALHOST_ONLY': '0', 'INSIDE_CAJA_PYTHON': '', 'PATH': '/opt/ros/humble/bin:/usr/local/sbin:/usr/local/bin:/usr/sbin:/usr/bin:/sbin:/bin', 'SESSION_MANAGER': 'local/2ee51c06e6d0:@/tmp/.ICE-unix/788,unix/2ee51c06e6d0:/tmp/.ICE-unix/788', 'DISPLAY': ':1', 'TERMINATOR_DBUS_PATH': '/net/tenshu/Terminator2', 'EXERCISES_WS': '/home/sjamil/exercises_ws', 'XDG_CURRENT_DESKTOP': 'MATE', 'SUPERVISOR_ENABLED': '1', 'SSH_AUTH_SOCK': '/home/sjamil/.cache/keyring-6OE7X2/ssh', 'ROS_DOMAIN_ID': '7', 'AMENT_PREFIX_PATH': '/home/sjamil/ros2_ws/install/custom_nav2_planner:/home/sjamil/ros2_ws/install/create_plan_msgs:/home/sjamil/ros2_ws/install/andino_gz:/home/sjamil/exercises_ws/install/ros2_exercises2:/home/sjamil/exercises_ws/install/ros2_exercises:/home/sjamil/install/ros2_exercises:/home/sjamil/install/custom_nav2_planner:/home/sjamil/install/create_plan_msgs:/home/sjamil/install/andino_gz:/opt/ros/humble', 'DEBIAN_FRONTEND': 'noninteractive', 'TERMINATOR_UUID': 'urn:uuid:93023bb0-dd3c-4a9b-a1c2-2ab1227f4348', 'VNC_PASSWORD': '', 'IGN_GAZEBO_RESOURCE_PATH': '/home/sjamil/ros2_ws/install/andino_gz/share/andino_gz/models:/home/sjamil/install/andino_gz/share/andino_gz/models', 'PASSWD': 'ubuntu', 'SUPERVISOR_SERVER_URL': 'unix:///var/run/supervisor.sock', 'SUPERVISOR_PROCESS_NAME': 'vnc', 'PWD': '/home/sjamil/exercises_ws/build/ros2_exercises', 'PASSWORD': '', 'PYTHONPATH': '/home/sjamil/exercises_ws/build/ros2_exercises/prefix_override:/usr/lib/python3/dist-packages/colcon_core/task/python/colcon_distutils_commands:/home/sjamil/exercises_ws/install/ros2_exercises/lib/python3.10/site-packages:/home/sjamil/ros2_ws/install/create_plan_msgs/local/lib/python3.10/dist-packages:/home/sjamil/ros2_ws/install/andino_gz/local/lib/python3.10/dist-packages:/home/sjamil/exercises_ws/build/ros2_exercises2:/home/sjamil/exercises_ws/install/ros2_exercises2/lib/python3.10/site-packages:/home/sjamil/exercises_ws/build/ros2_exercises:/home/sjamil/exercises_ws/install/ros2_exercises/lib/python3.10/site-packages:/home/sjamil/build/ros2_exercises:/home/sjamil/install/ros2_exercises/lib/python3.10/site-packages:/home/sjamil/install/create_plan_msgs/local/lib/python3.10/dist-packages:/home/sjamil/install/andino_gz/local/lib/python3.10/dist-packages:/opt/ros/humble/lib/python3.10/site-packages:/opt/ros/humble/local/lib/python3.10/dist-packages', 'NVIDIA_VISIBLE_DEVICES': 'all', 'MATE_DESKTOP_SESSION_ID': 'this-is-deprecated', 'COLCON': '1', 'VTE_VERSION': '6800', 'CMAKE_PREFIX_PATH': '/home/sjamil/ros2_ws/install/custom_nav2_planner:/home/sjamil/ros2_ws/install/create_plan_msgs:/home/sjamil/ros2_ws/install/andino_gz:/home/sjamil/install/custom_nav2_planner:/home/sjamil/install/create_plan_msgs:/home/sjamil/install/andino_gz', 'ROS2_WS': '/home/sjamil/ros2_ws', 'QT_FONT_DPI': '96'}, 'shell': False}
[2.613392] (-) TimerEvent: {}
[2.713922] (-) TimerEvent: {}
[2.814415] (-) TimerEvent: {}
[2.914903] (-) TimerEvent: {}
[3.015387] (-) TimerEvent: {}
[3.022773] (ros2_exercises2) StdoutLine: {'line': b'running develop\n'}
[3.023239] (ros2_exercises) StdoutLine: {'line': b'running develop\n'}
[3.110258] (path_planner_example) StdoutLine: {'line': b'running develop\n'}
[3.115779] (-) TimerEvent: {}
[3.216175] (-) TimerEvent: {}
[3.307669] (ros2_exercises) StdoutLine: {'line': b'running egg_info\n'}
[3.308055] (ros2_exercises) StdoutLine: {'line': b'writing ros2_exercises.egg-info/PKG-INFO\n'}
[3.308218] (ros2_exercises) StdoutLine: {'line': b'writing dependency_links to ros2_exercises.egg-info/dependency_links.txt\n'}
[3.308452] (ros2_exercises) StdoutLine: {'line': b'writing entry points to ros2_exercises.egg-info/entry_points.txt\n'}
[3.308669] (ros2_exercises) StdoutLine: {'line': b'writing requirements to ros2_exercises.egg-info/requires.txt\n'}
[3.308818] (ros2_exercises) StdoutLine: {'line': b'writing top-level names to ros2_exercises.egg-info/top_level.txt\n'}
[3.311687] (ros2_exercises) StdoutLine: {'line': b"reading manifest file 'ros2_exercises.egg-info/SOURCES.txt'\n"}
[3.312816] (ros2_exercises) StdoutLine: {'line': b"writing manifest file 'ros2_exercises.egg-info/SOURCES.txt'\n"}
[3.315161] (ros2_exercises) StdoutLine: {'line': b'running build_ext\n'}
[3.315413] (ros2_exercises) StdoutLine: {'line': b'Creating /home/sjamil/exercises_ws/install/ros2_exercises/lib/python3.10/site-packages/ros2-exercises.egg-link (link to .)\n'}
[3.316700] (-) TimerEvent: {}
[3.317576] (ros2_exercises) StdoutLine: {'line': b'Installing odometry_publisher script to /home/sjamil/exercises_ws/install/ros2_exercises/lib/ros2_exercises\n'}
[3.317721] (ros2_exercises) StdoutLine: {'line': b'\n'}
[3.317818] (ros2_exercises) StdoutLine: {'line': b'Installed /home/sjamil/exercises_ws/build/ros2_exercises\n'}
[3.317906] (ros2_exercises) StdoutLine: {'line': b'running symlink_data\n'}
[3.367169] (ros2_exercises) CommandEnded: {'returncode': 0}
[3.386891] (ros2_exercises) JobEnded: {'identifier': 'ros2_exercises', 'rc': 0}
[3.416879] (-) TimerEvent: {}
[3.450749] (ros2_exercises2) StdoutLine: {'line': b'running egg_info\n'}
[3.451240] (ros2_exercises2) StdoutLine: {'line': b'writing ros2_exercises2.egg-info/PKG-INFO\n'}
[3.451489] (ros2_exercises2) StdoutLine: {'line': b'writing dependency_links to ros2_exercises2.egg-info/dependency_links.txt\n'}
[3.451720] (ros2_exercises2) StdoutLine: {'line': b'writing entry points to ros2_exercises2.egg-info/entry_points.txt\n'}
[3.451985] (ros2_exercises2) StdoutLine: {'line': b'writing requirements to ros2_exercises2.egg-info/requires.txt\n'}
[3.452365] (ros2_exercises2) StdoutLine: {'line': b'writing top-level names to ros2_exercises2.egg-info/top_level.txt\n'}
[3.458584] (ros2_exercises2) StdoutLine: {'line': b"reading manifest file 'ros2_exercises2.egg-info/SOURCES.txt'\n"}
[3.459279] (ros2_exercises2) StdoutLine: {'line': b"writing manifest file 'ros2_exercises2.egg-info/SOURCES.txt'\n"}
[3.461323] (ros2_exercises2) StdoutLine: {'line': b'running build_ext\n'}
[3.461697] (ros2_exercises2) StdoutLine: {'line': b'Creating /home/sjamil/exercises_ws/install/ros2_exercises2/lib/python3.10/site-packages/ros2-exercises2.egg-link (link to .)\n'}
[3.463093] (ros2_exercises2) StdoutLine: {'line': b'Installing odometry_publsiher script to /home/sjamil/exercises_ws/install/ros2_exercises2/lib/ros2_exercises2\n'}
[3.463565] (ros2_exercises2) StdoutLine: {'line': b'\n'}
[3.463700] (ros2_exercises2) StdoutLine: {'line': b'Installed /home/sjamil/exercises_ws/build/ros2_exercises2\n'}
[3.463845] (ros2_exercises2) StdoutLine: {'line': b'running symlink_data\n'}
[3.474632] (path_planner_example) StdoutLine: {'line': b'running egg_info\n'}
[3.475069] (path_planner_example) StdoutLine: {'line': b'creating path_planner_example.egg-info\n'}
[3.476795] (path_planner_example) StdoutLine: {'line': b'writing path_planner_example.egg-info/PKG-INFO\n'}
[3.477533] (path_planner_example) StdoutLine: {'line': b'writing dependency_links to path_planner_example.egg-info/dependency_links.txt\n'}
[3.477773] (path_planner_example) StdoutLine: {'line': b'writing entry points to path_planner_example.egg-info/entry_points.txt\n'}
[3.478467] (path_planner_example) StdoutLine: {'line': b'writing requirements to path_planner_example.egg-info/requires.txt\n'}
[3.480526] (path_planner_example) StdoutLine: {'line': b'writing top-level names to path_planner_example.egg-info/top_level.txt\n'}
[3.481105] (path_planner_example) StdoutLine: {'line': b"writing manifest file 'path_planner_example.egg-info/SOURCES.txt'\n"}
[3.490183] (path_planner_example) StdoutLine: {'line': b"reading manifest file 'path_planner_example.egg-info/SOURCES.txt'\n"}
[3.490619] (path_planner_example) StdoutLine: {'line': b"writing manifest file 'path_planner_example.egg-info/SOURCES.txt'\n"}
[3.494922] (path_planner_example) StdoutLine: {'line': b'running build_ext\n'}
[3.495413] (path_planner_example) StdoutLine: {'line': b'Creating /home/sjamil/exercises_ws/install/path_planner_example/lib/python3.10/site-packages/path-planner-example.egg-link (link to .)\n'}
[3.497040] (path_planner_example) StdoutLine: {'line': b'Installing path_planner_node script to /home/sjamil/exercises_ws/install/path_planner_example/lib/path_planner_example\n'}
[3.497517] (path_planner_example) StdoutLine: {'line': b'\n'}
[3.497678] (path_planner_example) StdoutLine: {'line': b'Installed /home/sjamil/exercises_ws/build/path_planner_example\n'}
[3.497832] (path_planner_example) StdoutLine: {'line': b'running symlink_data\n'}
[3.497994] (path_planner_example) StdoutLine: {'line': b'creating /home/sjamil/exercises_ws/install/path_planner_example/share/ament_index\n'}
[3.498126] (path_planner_example) StdoutLine: {'line': b'creating /home/sjamil/exercises_ws/install/path_planner_example/share/ament_index/resource_index\n'}
[3.498343] (path_planner_example) StdoutLine: {'line': b'creating /home/sjamil/exercises_ws/install/path_planner_example/share/ament_index/resource_index/packages\n'}
[3.498484] (path_planner_example) StdoutLine: {'line': b'symbolically linking /home/sjamil/exercises_ws/build/path_planner_example/resource/path_planner_example -> /home/sjamil/exercises_ws/install/path_planner_example/share/ament_index/resource_index/packages\n'}
[3.498681] (path_planner_example) StdoutLine: {'line': b'symbolically linking /home/sjamil/exercises_ws/build/path_planner_example/package.xml -> /home/sjamil/exercises_ws/install/path_planner_example/share/path_planner_example\n'}
[3.517053] (-) TimerEvent: {}
[3.524376] (ros2_exercises2) CommandEnded: {'returncode': 0}
[3.537530] (ros2_exercises2) JobEnded: {'identifier': 'ros2_exercises2', 'rc': 0}
[3.564328] (path_planner_example) CommandEnded: {'returncode': 0}
[3.581552] (path_planner_example) JobEnded: {'identifier': 'path_planner_example', 'rc': 0}
[3.583495] (-) EventReactorShutdown: {}
