[0.000000] (-) TimerEvent: {}
[0.006105] (path_planner_example) JobQueued: {'identifier': 'path_planner_example', 'dependencies': OrderedDict()}
[0.006231] (ros2_exercises) JobQueued: {'identifier': 'ros2_exercises', 'dependencies': OrderedDict()}
[0.006272] (ros2_exercises2) JobQueued: {'identifier': 'ros2_exercises2', 'dependencies': OrderedDict()}
[0.006298] (path_planner_example) JobStarted: {'identifier': 'path_planner_example'}
[0.031647] (ros2_exercises) JobStarted: {'identifier': 'ros2_exercises'}
[0.066963] (ros2_exercises2) JobStarted: {'identifier': 'ros2_exercises2'}
[0.079482] (-) TimerEvent: {}
[0.179877] (-) TimerEvent: {}
[0.280336] (-) TimerEvent: {}
[0.380780] (-) TimerEvent: {}
[0.481206] (-) TimerEvent: {}
[0.581646] (-) TimerEvent: {}
[0.682053] (-) TimerEvent: {}
[0.782493] (-) TimerEvent: {}
[0.882964] (-) TimerEvent: {}
[0.983430] (-) TimerEvent: {}
[1.083885] (-) TimerEvent: {}
[1.184484] (-) TimerEvent: {}
[1.284956] (-) TimerEvent: {}
[1.385399] (-) TimerEvent: {}
[1.485935] (-) TimerEvent: {}
[1.586517] (-) TimerEvent: {}
[1.686992] (-) TimerEvent: {}
[1.787486] (-) TimerEvent: {}
[1.887925] (-) TimerEvent: {}
[1.988615] (-) TimerEvent: {}
[2.089063] (-) TimerEvent: {}
[2.189503] (-) TimerEvent: {}
[2.289955] (-) TimerEvent: {}
[2.390425] (-) TimerEvent: {}
[2.492477] (-) TimerEvent: {}
[2.592914] (-) TimerEvent: {}
[2.693330] (-) TimerEvent: {}
[2.793779] (-) TimerEvent: {}
[2.898484] (-) TimerEvent: {}
[2.999048] (-) TimerEvent: {}
[3.099692] (-) TimerEvent: {}
[3.200110] (-) TimerEvent: {}
[3.300557] (-) TimerEvent: {}
[3.401050] (-) TimerEvent: {}
[3.502225] (-) TimerEvent: {}
[3.602709] (-) TimerEvent: {}
[3.703208] (-) TimerEvent: {}
[3.803641] (-) TimerEvent: {}
[3.904112] (-) TimerEvent: {}
[4.004563] (-) TimerEvent: {}
[4.105836] (-) TimerEvent: {}
[4.206439] (-) TimerEvent: {}
[4.306946] (-) TimerEvent: {}
[4.323449] (ros2_exercises) Command: {'cmd': ['/usr/bin/python3', '-W', 'ignore:setup.py install is deprecated', '-W', 'ignore:easy_install command is deprecated', 'setup.py', 'develop', '--editable', '--build-directory', '/home/sjamil/exercises_ws/build/ros2_exercises/build', '--no-deps', 'symlink_data'], 'cwd': '/home/sjamil/exercises_ws/build/ros2_exercises', 'env': {'VNCDESKTOP': '3f53e8a29a10:1 (sjamil)', 'QT_SCALE_FACTOR': '1', 'USER': 'sjamil', 'SUPERVISOR_GROUP_NAME': 'vnc', 'HOSTNAME': '3f53e8a29a10', 'XDG_SESSION_TYPE': 'x11', '__GLX_VENDOR_LIBRARY_NAME': 'nvidia', 'SHLVL': '2', 'LD_LIBRARY_PATH': '/home/sjamil/install/custom_nav2_planner/lib:/home/sjamil/install/create_plan_msgs/lib:/home/sjamil/ros2_ws/install/custom_nav2_planner/lib:/home/sjamil/ros2_ws/install/create_plan_msgs/lib:/opt/ros/humble/opt/rviz_ogre_vendor/lib:/opt/ros/humble/lib/x86_64-linux-gnu:/opt/ros/humble/lib', 'HOME': '/home/sjamil', 'OLDPWD': '/home/sjamil', 'GIO_LAUNCHED_DESKTOP_FILE': '/home/sjamil/Desktop/terminator.desktop', 'ROS_PYTHON_VERSION': '3', 'LC_CTYPE': 'C.UTF-8', 'DBUS_SESSION_BUS_ADDRESS': 'unix:abstract=/tmp/dbus-jg9BaXqHV2,guid=e1640f49eff19b10f1b07db5675615aa', 'COLORTERM': 'truecolor', 'TERMINATOR_DBUS_NAME': 'net.tenshu.Terminator23558193cd9818af7fe4d2c2f5bd9d00f', 'GIO_LAUNCHED_DESKTOP_FILE_PID': '5856', 'GNOME_KEYRING_CONTROL': '/home/sjamil/.cache/keyring-87PPY2', 'COLCON_PREFIX_PATH': '/home/sjamil/exercises_ws/install:/home/sjamil/install:/home/sjamil/ros2_ws/install', 'ROS_DISTRO': 'humble', '_': '/usr/bin/colcon', 'ROS_VERSION': '2', 'NVIDIA_DRIVER_CAPABILITIES': 'all', 'XDG_SESSION_CLASS': 'user', 'TERM': 'xterm-256color', 'GTK_OVERLAY_SCROLLING': '0', 'ROS_LOCALHOST_ONLY': '0', 'INSIDE_CAJA_PYTHON': '', 'PATH': '/opt/ros/humble/bin:/usr/local/sbin:/usr/local/bin:/usr/sbin:/usr/bin:/sbin:/bin', 'SESSION_MANAGER': 'local/3f53e8a29a10:@/tmp/.ICE-unix/1161,unix/3f53e8a29a10:/tmp/.ICE-unix/1161', 'DISPLAY': ':1', 'TERMINATOR_DBUS_PATH': '/net/tenshu/Terminator2', 'EXERCISES_WS': '/home/sjamil/exercises_ws', 'XDG_CURRENT_DESKTOP': 'MATE', 'SUPERVISOR_ENABLED': '1', 'SSH_AUTH_SOCK': '/home/sjamil/.cache/keyring-87PPY2/ssh', 'ROS_DOMAIN_ID': '7', 'AMENT_PREFIX_PATH': '/home/sjamil/exercises_ws/install/ros2_exercises2:/home/sjamil/exercises_ws/install/ros2_exercises:/home/sjamil/exercises_ws/install/path_planner_example:/home/sjamil/install/ros2_exercises:/home/sjamil/install/custom_nav2_planner:/home/sjamil/install/create_plan_msgs:/home/sjamil/install/andino_gz:/home/sjamil/ros2_ws/install/custom_nav2_planner:/home/sjamil/ros2_ws/install/create_plan_msgs:/home/sjamil/ros2_ws/install/andino_gz:/opt/ros/humble', 'DEBIAN_FRONTEND': 'noninteractive', 'TERMINATOR_UUID': 'urn:uuid:7599058c-cd0b-4294-b15b-87dfc93c715a', 'VNC_PASSWORD': '', 'IGN_GAZEBO_RESOURCE_PATH': '/home/sjamil/install/andino_gz/share/andino_gz/models:/home/sjamil/ros2_ws/install/andino_gz/share/andino_gz/models', 'PASSWD': 'ubuntu', 'SUPERVISOR_SERVER_URL': 'unix:///var/run/supervisor.sock', 'SUPERVISOR_PROCESS_NAME': 'vnc', 'PWD': '/home/sjamil/exercises_ws/build/ros2_exercises', 'PASSWORD': '', 'PYTHONPATH': '/home/sjamil/exercises_ws/build/ros2_exercises/prefix_override:/usr/lib/python3/dist-packages/colcon_core/task/python/colcon_distutils_commands:/home/sjamil/exercises_ws/install/ros2_exercises/lib/python3.10/site-packages:/home/sjamil/exercises_ws/build/ros2_exercises2:/home/sjamil/exercises_ws/install/ros2_exercises2/lib/python3.10/site-packages:/home/sjamil/exercises_ws/build/ros2_exercises:/home/sjamil/exercises_ws/install/ros2_exercises/lib/python3.10/site-packages:/home/sjamil/exercises_ws/build/path_planner_example:/home/sjamil/exercises_ws/install/path_planner_example/lib/python3.10/site-packages:/home/sjamil/build/ros2_exercises:/home/sjamil/install/ros2_exercises/lib/python3.10/site-packages:/home/sjamil/install/create_plan_msgs/local/lib/python3.10/dist-packages:/home/sjamil/install/andino_gz/local/lib/python3.10/dist-packages:/home/sjamil/ros2_ws/install/create_plan_msgs/local/lib/python3.10/dist-packages:/home/sjamil/ros2_ws/install/andino_gz/local/lib/python3.10/dist-packages:/opt/ros/humble/lib/python3.10/site-packages:/opt/ros/humble/local/lib/python3.10/dist-packages', 'NVIDIA_VISIBLE_DEVICES': 'all', 'MATE_DESKTOP_SESSION_ID': 'this-is-deprecated', 'COLCON': '1', 'VTE_VERSION': '6800', 'CMAKE_PREFIX_PATH': '/home/sjamil/install/custom_nav2_planner:/home/sjamil/install/create_plan_msgs:/home/sjamil/install/andino_gz:/home/sjamil/ros2_ws/install/custom_nav2_planner:/home/sjamil/ros2_ws/install/create_plan_msgs:/home/sjamil/ros2_ws/install/andino_gz', 'ROS2_WS': '/home/sjamil/ros2_ws', 'QT_FONT_DPI': '96'}, 'shell': False}
[4.336004] (path_planner_example) Command: {'cmd': ['/usr/bin/python3', '-W', 'ignore:setup.py install is deprecated', '-W', 'ignore:easy_install command is deprecated', 'setup.py', 'develop', '--editable', '--build-directory', '/home/sjamil/exercises_ws/build/path_planner_example/build', '--no-deps', 'symlink_data'], 'cwd': '/home/sjamil/exercises_ws/build/path_planner_example', 'env': {'VNCDESKTOP': '3f53e8a29a10:1 (sjamil)', 'QT_SCALE_FACTOR': '1', 'USER': 'sjamil', 'SUPERVISOR_GROUP_NAME': 'vnc', 'HOSTNAME': '3f53e8a29a10', 'XDG_SESSION_TYPE': 'x11', '__GLX_VENDOR_LIBRARY_NAME': 'nvidia', 'SHLVL': '2', 'LD_LIBRARY_PATH': '/home/sjamil/install/custom_nav2_planner/lib:/home/sjamil/install/create_plan_msgs/lib:/home/sjamil/ros2_ws/install/custom_nav2_planner/lib:/home/sjamil/ros2_ws/install/create_plan_msgs/lib:/opt/ros/humble/opt/rviz_ogre_vendor/lib:/opt/ros/humble/lib/x86_64-linux-gnu:/opt/ros/humble/lib', 'HOME': '/home/sjamil', 'OLDPWD': '/home/sjamil', 'GIO_LAUNCHED_DESKTOP_FILE': '/home/sjamil/Desktop/terminator.desktop', 'ROS_PYTHON_VERSION': '3', 'LC_CTYPE': 'C.UTF-8', 'DBUS_SESSION_BUS_ADDRESS': 'unix:abstract=/tmp/dbus-jg9BaXqHV2,guid=e1640f49eff19b10f1b07db5675615aa', 'COLORTERM': 'truecolor', 'TERMINATOR_DBUS_NAME': 'net.tenshu.Terminator23558193cd9818af7fe4d2c2f5bd9d00f', 'GIO_LAUNCHED_DESKTOP_FILE_PID': '5856', 'GNOME_KEYRING_CONTROL': '/home/sjamil/.cache/keyring-87PPY2', 'COLCON_PREFIX_PATH': '/home/sjamil/exercises_ws/install:/home/sjamil/install:/home/sjamil/ros2_ws/install', 'ROS_DISTRO': 'humble', '_': '/usr/bin/colcon', 'ROS_VERSION': '2', 'NVIDIA_DRIVER_CAPABILITIES': 'all', 'XDG_SESSION_CLASS': 'user', 'TERM': 'xterm-256color', 'GTK_OVERLAY_SCROLLING': '0', 'ROS_LOCALHOST_ONLY': '0', 'INSIDE_CAJA_PYTHON': '', 'PATH': '/opt/ros/humble/bin:/usr/local/sbin:/usr/local/bin:/usr/sbin:/usr/bin:/sbin:/bin', 'SESSION_MANAGER': 'local/3f53e8a29a10:@/tmp/.ICE-unix/1161,unix/3f53e8a29a10:/tmp/.ICE-unix/1161', 'DISPLAY': ':1', 'TERMINATOR_DBUS_PATH': '/net/tenshu/Terminator2', 'EXERCISES_WS': '/home/sjamil/exercises_ws', 'XDG_CURRENT_DESKTOP': 'MATE', 'SUPERVISOR_ENABLED': '1', 'SSH_AUTH_SOCK': '/home/sjamil/.cache/keyring-87PPY2/ssh', 'ROS_DOMAIN_ID': '7', 'AMENT_PREFIX_PATH': '/home/sjamil/exercises_ws/install/ros2_exercises2:/home/sjamil/exercises_ws/install/ros2_exercises:/home/sjamil/exercises_ws/install/path_planner_example:/home/sjamil/install/ros2_exercises:/home/sjamil/install/custom_nav2_planner:/home/sjamil/install/create_plan_msgs:/home/sjamil/install/andino_gz:/home/sjamil/ros2_ws/install/custom_nav2_planner:/home/sjamil/ros2_ws/install/create_plan_msgs:/home/sjamil/ros2_ws/install/andino_gz:/opt/ros/humble', 'DEBIAN_FRONTEND': 'noninteractive', 'TERMINATOR_UUID': 'urn:uuid:7599058c-cd0b-4294-b15b-87dfc93c715a', 'VNC_PASSWORD': '', 'IGN_GAZEBO_RESOURCE_PATH': '/home/sjamil/install/andino_gz/share/andino_gz/models:/home/sjamil/ros2_ws/install/andino_gz/share/andino_gz/models', 'PASSWD': 'ubuntu', 'SUPERVISOR_SERVER_URL': 'unix:///var/run/supervisor.sock', 'SUPERVISOR_PROCESS_NAME': 'vnc', 'PWD': '/home/sjamil/exercises_ws/build/path_planner_example', 'PASSWORD': '', 'PYTHONPATH': '/home/sjamil/exercises_ws/build/path_planner_example/prefix_override:/usr/lib/python3/dist-packages/colcon_core/task/python/colcon_distutils_commands:/home/sjamil/exercises_ws/install/path_planner_example/lib/python3.10/site-packages:/home/sjamil/exercises_ws/build/ros2_exercises2:/home/sjamil/exercises_ws/install/ros2_exercises2/lib/python3.10/site-packages:/home/sjamil/exercises_ws/build/ros2_exercises:/home/sjamil/exercises_ws/install/ros2_exercises/lib/python3.10/site-packages:/home/sjamil/exercises_ws/build/path_planner_example:/home/sjamil/exercises_ws/install/path_planner_example/lib/python3.10/site-packages:/home/sjamil/build/ros2_exercises:/home/sjamil/install/ros2_exercises/lib/python3.10/site-packages:/home/sjamil/install/create_plan_msgs/local/lib/python3.10/dist-packages:/home/sjamil/install/andino_gz/local/lib/python3.10/dist-packages:/home/sjamil/ros2_ws/install/create_plan_msgs/local/lib/python3.10/dist-packages:/home/sjamil/ros2_ws/install/andino_gz/local/lib/python3.10/dist-packages:/opt/ros/humble/lib/python3.10/site-packages:/opt/ros/humble/local/lib/python3.10/dist-packages', 'NVIDIA_VISIBLE_DEVICES': 'all', 'MATE_DESKTOP_SESSION_ID': 'this-is-deprecated', 'COLCON': '1', 'VTE_VERSION': '6800', 'CMAKE_PREFIX_PATH': '/home/sjamil/install/custom_nav2_planner:/home/sjamil/install/create_plan_msgs:/home/sjamil/install/andino_gz:/home/sjamil/ros2_ws/install/custom_nav2_planner:/home/sjamil/ros2_ws/install/create_plan_msgs:/home/sjamil/ros2_ws/install/andino_gz', 'ROS2_WS': '/home/sjamil/ros2_ws', 'QT_FONT_DPI': '96'}, 'shell': False}
[4.407762] (-) TimerEvent: {}
[4.508199] (-) TimerEvent: {}
[4.608624] (-) TimerEvent: {}
[4.616840] (ros2_exercises2) Command: {'cmd': ['/usr/bin/python3', '-W', 'ignore:setup.py install is deprecated', '-W', 'ignore:easy_install command is deprecated', 'setup.py', 'develop', '--editable', '--build-directory', '/home/sjamil/exercises_ws/build/ros2_exercises2/build', '--no-deps', 'symlink_data'], 'cwd': '/home/sjamil/exercises_ws/build/ros2_exercises2', 'env': {'VNCDESKTOP': '3f53e8a29a10:1 (sjamil)', 'QT_SCALE_FACTOR': '1', 'USER': 'sjamil', 'SUPERVISOR_GROUP_NAME': 'vnc', 'HOSTNAME': '3f53e8a29a10', 'XDG_SESSION_TYPE': 'x11', '__GLX_VENDOR_LIBRARY_NAME': 'nvidia', 'SHLVL': '2', 'LD_LIBRARY_PATH': '/home/sjamil/install/custom_nav2_planner/lib:/home/sjamil/install/create_plan_msgs/lib:/home/sjamil/ros2_ws/install/custom_nav2_planner/lib:/home/sjamil/ros2_ws/install/create_plan_msgs/lib:/opt/ros/humble/opt/rviz_ogre_vendor/lib:/opt/ros/humble/lib/x86_64-linux-gnu:/opt/ros/humble/lib', 'HOME': '/home/sjamil', 'OLDPWD': '/home/sjamil', 'GIO_LAUNCHED_DESKTOP_FILE': '/home/sjamil/Desktop/terminator.desktop', 'ROS_PYTHON_VERSION': '3', 'LC_CTYPE': 'C.UTF-8', 'DBUS_SESSION_BUS_ADDRESS': 'unix:abstract=/tmp/dbus-jg9BaXqHV2,guid=e1640f49eff19b10f1b07db5675615aa', 'COLORTERM': 'truecolor', 'TERMINATOR_DBUS_NAME': 'net.tenshu.Terminator23558193cd9818af7fe4d2c2f5bd9d00f', 'GIO_LAUNCHED_DESKTOP_FILE_PID': '5856', 'GNOME_KEYRING_CONTROL': '/home/sjamil/.cache/keyring-87PPY2', 'COLCON_PREFIX_PATH': '/home/sjamil/exercises_ws/install:/home/sjamil/install:/home/sjamil/ros2_ws/install', 'ROS_DISTRO': 'humble', '_': '/usr/bin/colcon', 'ROS_VERSION': '2', 'NVIDIA_DRIVER_CAPABILITIES': 'all', 'XDG_SESSION_CLASS': 'user', 'TERM': 'xterm-256color', 'GTK_OVERLAY_SCROLLING': '0', 'ROS_LOCALHOST_ONLY': '0', 'INSIDE_CAJA_PYTHON': '', 'PATH': '/opt/ros/humble/bin:/usr/local/sbin:/usr/local/bin:/usr/sbin:/usr/bin:/sbin:/bin', 'SESSION_MANAGER': 'local/3f53e8a29a10:@/tmp/.ICE-unix/1161,unix/3f53e8a29a10:/tmp/.ICE-unix/1161', 'DISPLAY': ':1', 'TERMINATOR_DBUS_PATH': '/net/tenshu/Terminator2', 'EXERCISES_WS': '/home/sjamil/exercises_ws', 'XDG_CURRENT_DESKTOP': 'MATE', 'SUPERVISOR_ENABLED': '1', 'SSH_AUTH_SOCK': '/home/sjamil/.cache/keyring-87PPY2/ssh', 'ROS_DOMAIN_ID': '7', 'AMENT_PREFIX_PATH': '/home/sjamil/exercises_ws/install/ros2_exercises2:/home/sjamil/exercises_ws/install/ros2_exercises:/home/sjamil/exercises_ws/install/path_planner_example:/home/sjamil/install/ros2_exercises:/home/sjamil/install/custom_nav2_planner:/home/sjamil/install/create_plan_msgs:/home/sjamil/install/andino_gz:/home/sjamil/ros2_ws/install/custom_nav2_planner:/home/sjamil/ros2_ws/install/create_plan_msgs:/home/sjamil/ros2_ws/install/andino_gz:/opt/ros/humble', 'DEBIAN_FRONTEND': 'noninteractive', 'TERMINATOR_UUID': 'urn:uuid:7599058c-cd0b-4294-b15b-87dfc93c715a', 'VNC_PASSWORD': '', 'IGN_GAZEBO_RESOURCE_PATH': '/home/sjamil/install/andino_gz/share/andino_gz/models:/home/sjamil/ros2_ws/install/andino_gz/share/andino_gz/models', 'PASSWD': 'ubuntu', 'SUPERVISOR_SERVER_URL': 'unix:///var/run/supervisor.sock', 'SUPERVISOR_PROCESS_NAME': 'vnc', 'PWD': '/home/sjamil/exercises_ws/build/ros2_exercises2', 'PASSWORD': '', 'PYTHONPATH': '/home/sjamil/exercises_ws/build/ros2_exercises2/prefix_override:/usr/lib/python3/dist-packages/colcon_core/task/python/colcon_distutils_commands:/home/sjamil/exercises_ws/install/ros2_exercises2/lib/python3.10/site-packages:/home/sjamil/exercises_ws/build/ros2_exercises2:/home/sjamil/exercises_ws/install/ros2_exercises2/lib/python3.10/site-packages:/home/sjamil/exercises_ws/build/ros2_exercises:/home/sjamil/exercises_ws/install/ros2_exercises/lib/python3.10/site-packages:/home/sjamil/exercises_ws/build/path_planner_example:/home/sjamil/exercises_ws/install/path_planner_example/lib/python3.10/site-packages:/home/sjamil/build/ros2_exercises:/home/sjamil/install/ros2_exercises/lib/python3.10/site-packages:/home/sjamil/install/create_plan_msgs/local/lib/python3.10/dist-packages:/home/sjamil/install/andino_gz/local/lib/python3.10/dist-packages:/home/sjamil/ros2_ws/install/create_plan_msgs/local/lib/python3.10/dist-packages:/home/sjamil/ros2_ws/install/andino_gz/local/lib/python3.10/dist-packages:/opt/ros/humble/lib/python3.10/site-packages:/opt/ros/humble/local/lib/python3.10/dist-packages', 'NVIDIA_VISIBLE_DEVICES': 'all', 'MATE_DESKTOP_SESSION_ID': 'this-is-deprecated', 'COLCON': '1', 'VTE_VERSION': '6800', 'CMAKE_PREFIX_PATH': '/home/sjamil/install/custom_nav2_planner:/home/sjamil/install/create_plan_msgs:/home/sjamil/install/andino_gz:/home/sjamil/ros2_ws/install/custom_nav2_planner:/home/sjamil/ros2_ws/install/create_plan_msgs:/home/sjamil/ros2_ws/install/andino_gz', 'ROS2_WS': '/home/sjamil/ros2_ws', 'QT_FONT_DPI': '96'}, 'shell': False}
[4.708791] (-) TimerEvent: {}
[4.809258] (-) TimerEvent: {}
[4.909671] (-) TimerEvent: {}
[5.010122] (-) TimerEvent: {}
[5.110615] (-) TimerEvent: {}
[5.211031] (-) TimerEvent: {}
[5.232695] (path_planner_example) StdoutLine: {'line': b'running develop\n'}
[5.311180] (-) TimerEvent: {}
[5.378837] (ros2_exercises) StdoutLine: {'line': b'running develop\n'}
[5.412068] (-) TimerEvent: {}
[5.512536] (-) TimerEvent: {}
[5.563378] (ros2_exercises2) StdoutLine: {'line': b'running develop\n'}
[5.612680] (-) TimerEvent: {}
[5.713151] (-) TimerEvent: {}
[5.745967] (path_planner_example) StdoutLine: {'line': b'running egg_info\n'}
[5.746604] (path_planner_example) StdoutLine: {'line': b'writing path_planner_example.egg-info/PKG-INFO\n'}
[5.746865] (path_planner_example) StdoutLine: {'line': b'writing dependency_links to path_planner_example.egg-info/dependency_links.txt\n'}
[5.747175] (path_planner_example) StdoutLine: {'line': b'writing entry points to path_planner_example.egg-info/entry_points.txt\n'}
[5.747769] (path_planner_example) StdoutLine: {'line': b'writing requirements to path_planner_example.egg-info/requires.txt\n'}
[5.747964] (path_planner_example) StdoutLine: {'line': b'writing top-level names to path_planner_example.egg-info/top_level.txt\n'}
[5.761481] (path_planner_example) StdoutLine: {'line': b"reading manifest file 'path_planner_example.egg-info/SOURCES.txt'\n"}
[5.762395] (path_planner_example) StdoutLine: {'line': b"writing manifest file 'path_planner_example.egg-info/SOURCES.txt'\n"}
[5.766667] (path_planner_example) StdoutLine: {'line': b'running build_ext\n'}
[5.767257] (path_planner_example) StdoutLine: {'line': b'Creating /home/sjamil/exercises_ws/install/path_planner_example/lib/python3.10/site-packages/path-planner-example.egg-link (link to .)\n'}
[5.768973] (path_planner_example) StdoutLine: {'line': b'Installing path_planner_node script to /home/sjamil/exercises_ws/install/path_planner_example/lib/path_planner_example\n'}
[5.769627] (path_planner_example) StdoutLine: {'line': b'\n'}
[5.769762] (path_planner_example) StdoutLine: {'line': b'Installed /home/sjamil/exercises_ws/build/path_planner_example\n'}
[5.769858] (path_planner_example) StdoutLine: {'line': b'running symlink_data\n'}
[5.813826] (-) TimerEvent: {}
[5.914286] (-) TimerEvent: {}
[5.919355] (path_planner_example) CommandEnded: {'returncode': 0}
[5.970792] (path_planner_example) JobEnded: {'identifier': 'path_planner_example', 'rc': 0}
[6.014404] (-) TimerEvent: {}
[6.114834] (-) TimerEvent: {}
[6.183182] (ros2_exercises) StdoutLine: {'line': b'running egg_info\n'}
[6.183520] (ros2_exercises) StdoutLine: {'line': b'writing ros2_exercises.egg-info/PKG-INFO\n'}
[6.187000] (ros2_exercises) StdoutLine: {'line': b'writing dependency_links to ros2_exercises.egg-info/dependency_links.txt\n'}
[6.187273] (ros2_exercises) StdoutLine: {'line': b'writing entry points to ros2_exercises.egg-info/entry_points.txt\n'}
[6.187370] (ros2_exercises) StdoutLine: {'line': b'writing requirements to ros2_exercises.egg-info/requires.txt\n'}
[6.187458] (ros2_exercises) StdoutLine: {'line': b'writing top-level names to ros2_exercises.egg-info/top_level.txt\n'}
[6.189635] (ros2_exercises) StdoutLine: {'line': b"reading manifest file 'ros2_exercises.egg-info/SOURCES.txt'\n"}
[6.190017] (ros2_exercises) StdoutLine: {'line': b"writing manifest file 'ros2_exercises.egg-info/SOURCES.txt'\n"}
[6.195940] (ros2_exercises) StdoutLine: {'line': b'running build_ext\n'}
[6.196568] (ros2_exercises) StdoutLine: {'line': b'Creating /home/sjamil/exercises_ws/install/ros2_exercises/lib/python3.10/site-packages/ros2-exercises.egg-link (link to .)\n'}
[6.197335] (ros2_exercises) StdoutLine: {'line': b'Installing odometry_publisher script to /home/sjamil/exercises_ws/install/ros2_exercises/lib/ros2_exercises\n'}
[6.197960] (ros2_exercises) StdoutLine: {'line': b'\n'}
[6.198119] (ros2_exercises) StdoutLine: {'line': b'Installed /home/sjamil/exercises_ws/build/ros2_exercises\n'}
[6.198307] (ros2_exercises) StdoutLine: {'line': b'running symlink_data\n'}
[6.214956] (-) TimerEvent: {}
[6.315360] (-) TimerEvent: {}
[6.351318] (ros2_exercises) CommandEnded: {'returncode': 0}
[6.369252] (ros2_exercises) JobEnded: {'identifier': 'ros2_exercises', 'rc': 0}
[6.415492] (-) TimerEvent: {}
[6.422711] (ros2_exercises2) StdoutLine: {'line': b'running egg_info\n'}
[6.423218] (ros2_exercises2) StdoutLine: {'line': b'writing ros2_exercises2.egg-info/PKG-INFO\n'}
[6.423877] (ros2_exercises2) StdoutLine: {'line': b'writing dependency_links to ros2_exercises2.egg-info/dependency_links.txt\n'}
[6.424486] (ros2_exercises2) StdoutLine: {'line': b'writing entry points to ros2_exercises2.egg-info/entry_points.txt\n'}
[6.424883] (ros2_exercises2) StdoutLine: {'line': b'writing requirements to ros2_exercises2.egg-info/requires.txt\n'}
[6.425791] (ros2_exercises2) StdoutLine: {'line': b'writing top-level names to ros2_exercises2.egg-info/top_level.txt\n'}
[6.438996] (ros2_exercises2) StdoutLine: {'line': b"reading manifest file 'ros2_exercises2.egg-info/SOURCES.txt'\n"}
[6.440775] (ros2_exercises2) StdoutLine: {'line': b"writing manifest file 'ros2_exercises2.egg-info/SOURCES.txt'\n"}
[6.448939] (ros2_exercises2) StdoutLine: {'line': b'running build_ext\n'}
[6.451243] (ros2_exercises2) StdoutLine: {'line': b'Creating /home/sjamil/exercises_ws/install/ros2_exercises2/lib/python3.10/site-packages/ros2-exercises2.egg-link (link to .)\n'}
[6.456308] (ros2_exercises2) StdoutLine: {'line': b'Installing odometry_publsiher script to /home/sjamil/exercises_ws/install/ros2_exercises2/lib/ros2_exercises2\n'}
[6.458123] (ros2_exercises2) StdoutLine: {'line': b'\n'}
[6.458289] (ros2_exercises2) StdoutLine: {'line': b'Installed /home/sjamil/exercises_ws/build/ros2_exercises2\n'}
[6.458388] (ros2_exercises2) StdoutLine: {'line': b'running symlink_data\n'}
[6.515639] (-) TimerEvent: {}
[6.610935] (ros2_exercises2) CommandEnded: {'returncode': 0}
[6.621057] (-) TimerEvent: {}
[6.668585] (ros2_exercises2) JobEnded: {'identifier': 'ros2_exercises2', 'rc': 0}
[6.669814] (-) EventReactorShutdown: {}
