[0.000000] (-) TimerEvent: {}
[0.001711] (path_planner_example) JobQueued: {'identifier': 'path_planner_example', 'dependencies': OrderedDict()}
[0.001900] (ros2_exercises) JobQueued: {'identifier': 'ros2_exercises', 'dependencies': OrderedDict()}
[0.001986] (ros2_exercises2) JobQueued: {'identifier': 'ros2_exercises2', 'dependencies': OrderedDict()}
[0.002028] (path_planner_example) JobStarted: {'identifier': 'path_planner_example'}
[0.028356] (ros2_exercises) JobStarted: {'identifier': 'ros2_exercises'}
[0.046563] (ros2_exercises2) JobStarted: {'identifier': 'ros2_exercises2'}
[0.096626] (-) TimerEvent: {}
[0.197123] (-) TimerEvent: {}
[0.297603] (-) TimerEvent: {}
[0.401857] (-) TimerEvent: {}
[0.502534] (-) TimerEvent: {}
[0.603012] (-) TimerEvent: {}
[0.703501] (-) TimerEvent: {}
[0.804013] (-) TimerEvent: {}
[0.906807] (-) TimerEvent: {}
[1.007255] (-) TimerEvent: {}
[1.107792] (-) TimerEvent: {}
[1.208295] (-) TimerEvent: {}
[1.308815] (-) TimerEvent: {}
[1.409453] (-) TimerEvent: {}
[1.510091] (-) TimerEvent: {}
[1.610678] (-) TimerEvent: {}
[1.711238] (-) TimerEvent: {}
[1.815004] (-) TimerEvent: {}
[1.916781] (-) TimerEvent: {}
[2.017326] (-) TimerEvent: {}
[2.118055] (-) TimerEvent: {}
[2.218681] (-) TimerEvent: {}
[2.319363] (-) TimerEvent: {}
[2.420030] (-) TimerEvent: {}
[2.520567] (-) TimerEvent: {}
[2.621115] (-) TimerEvent: {}
[2.721682] (-) TimerEvent: {}
[2.822662] (-) TimerEvent: {}
[2.923728] (-) TimerEvent: {}
[3.024274] (-) TimerEvent: {}
[3.124818] (-) TimerEvent: {}
[3.225327] (-) TimerEvent: {}
[3.325858] (-) TimerEvent: {}
[3.426306] (-) TimerEvent: {}
[3.526771] (-) TimerEvent: {}
[3.627241] (-) TimerEvent: {}
[3.727871] (-) TimerEvent: {}
[3.828872] (-) TimerEvent: {}
[3.929404] (-) TimerEvent: {}
[4.029925] (-) TimerEvent: {}
[4.068844] (path_planner_example) Command: {'cmd': ['/usr/bin/python3', '-W', 'ignore:setup.py install is deprecated', '-W', 'ignore:easy_install command is deprecated', 'setup.py', 'develop', '--editable', '--build-directory', '/home/sjamil/exercises_ws/build/path_planner_example/build', '--no-deps', 'symlink_data'], 'cwd': '/home/sjamil/exercises_ws/build/path_planner_example', 'env': {'VNCDESKTOP': '3f53e8a29a10:1 (sjamil)', 'QT_SCALE_FACTOR': '1', 'USER': 'sjamil', 'SUPERVISOR_GROUP_NAME': 'vnc', 'HOSTNAME': '3f53e8a29a10', 'XDG_SESSION_TYPE': 'x11', '__GLX_VENDOR_LIBRARY_NAME': 'nvidia', 'SHLVL': '2', 'LD_LIBRARY_PATH': '/home/sjamil/install/custom_nav2_planner/lib:/home/sjamil/install/create_plan_msgs/lib:/home/sjamil/ros2_ws/install/custom_nav2_planner/lib:/home/sjamil/ros2_ws/install/create_plan_msgs/lib:/opt/ros/humble/opt/rviz_ogre_vendor/lib:/opt/ros/humble/lib/x86_64-linux-gnu:/opt/ros/humble/lib', 'HOME': '/home/sjamil', 'OLDPWD': '/', 'GIO_LAUNCHED_DESKTOP_FILE': '/home/sjamil/Desktop/terminator.desktop', 'ROS_PYTHON_VERSION': '3', 'LC_CTYPE': 'C.UTF-8', 'DBUS_SESSION_BUS_ADDRESS': 'unix:abstract=/tmp/dbus-cLXymW20E9,guid=23afb036d38299d8d67f493167561be8', 'COLORTERM': 'truecolor', 'TERMINATOR_DBUS_NAME': 'net.tenshu.Terminator23558193cd9818af7fe4d2c2f5bd9d00f', 'GIO_LAUNCHED_DESKTOP_FILE_PID': '15265', 'GNOME_KEYRING_CONTROL': '/home/sjamil/.cache/keyring-DIEGY2', 'COLCON_PREFIX_PATH': '/home/sjamil/exercises_ws/install:/home/sjamil/install:/home/sjamil/ros2_ws/install', 'ROS_DISTRO': 'humble', '_': '/usr/bin/colcon', 'ROS_VERSION': '2', 'NVIDIA_DRIVER_CAPABILITIES': 'all', 'XDG_SESSION_CLASS': 'user', 'TERM': 'xterm-256color', 'GTK_OVERLAY_SCROLLING': '0', 'ROS_LOCALHOST_ONLY': '0', 'INSIDE_CAJA_PYTHON': '', 'PATH': '/opt/ros/humble/bin:/usr/local/sbin:/usr/local/bin:/usr/sbin:/usr/bin:/sbin:/bin', 'SESSION_MANAGER': 'local/3f53e8a29a10:@/tmp/.ICE-unix/1118,unix/3f53e8a29a10:/tmp/.ICE-unix/1118', 'DISPLAY': ':1', 'TERMINATOR_DBUS_PATH': '/net/tenshu/Terminator2', 'EXERCISES_WS': '/home/sjamil/exercises_ws', 'XDG_CURRENT_DESKTOP': 'MATE', 'SUPERVISOR_ENABLED': '1', 'SSH_AUTH_SOCK': '/home/sjamil/.cache/keyring-DIEGY2/ssh', 'ROS_DOMAIN_ID': '7', 'AMENT_PREFIX_PATH': '/home/sjamil/exercises_ws/install/ros2_exercises2:/home/sjamil/exercises_ws/install/ros2_exercises:/home/sjamil/exercises_ws/install/path_planner_example:/home/sjamil/install/ros2_exercises:/home/sjamil/install/custom_nav2_planner:/home/sjamil/install/create_plan_msgs:/home/sjamil/install/andino_gz:/home/sjamil/ros2_ws/install/custom_nav2_planner:/home/sjamil/ros2_ws/install/create_plan_msgs:/home/sjamil/ros2_ws/install/andino_gz:/opt/ros/humble', 'DEBIAN_FRONTEND': 'noninteractive', 'TERMINATOR_UUID': 'urn:uuid:75996f1f-7b92-4241-91b2-8f994b259445', 'VNC_PASSWORD': '', 'IGN_GAZEBO_RESOURCE_PATH': '/home/sjamil/install/andino_gz/share/andino_gz/models:/home/sjamil/ros2_ws/install/andino_gz/share/andino_gz/models', 'PASSWD': 'ubuntu', 'SUPERVISOR_SERVER_URL': 'unix:///var/run/supervisor.sock', 'SUPERVISOR_PROCESS_NAME': 'vnc', 'PWD': '/home/sjamil/exercises_ws/build/path_planner_example', 'PASSWORD': '', 'PYTHONPATH': '/home/sjamil/exercises_ws/build/path_planner_example/prefix_override:/usr/lib/python3/dist-packages/colcon_core/task/python/colcon_distutils_commands:/home/sjamil/exercises_ws/install/path_planner_example/lib/python3.10/site-packages:/home/sjamil/exercises_ws/build/ros2_exercises2:/home/sjamil/exercises_ws/install/ros2_exercises2/lib/python3.10/site-packages:/home/sjamil/exercises_ws/build/ros2_exercises:/home/sjamil/exercises_ws/install/ros2_exercises/lib/python3.10/site-packages:/home/sjamil/exercises_ws/build/path_planner_example:/home/sjamil/exercises_ws/install/path_planner_example/lib/python3.10/site-packages:/home/sjamil/build/ros2_exercises:/home/sjamil/install/ros2_exercises/lib/python3.10/site-packages:/home/sjamil/install/create_plan_msgs/local/lib/python3.10/dist-packages:/home/sjamil/install/andino_gz/local/lib/python3.10/dist-packages:/home/sjamil/ros2_ws/install/create_plan_msgs/local/lib/python3.10/dist-packages:/home/sjamil/ros2_ws/install/andino_gz/local/lib/python3.10/dist-packages:/opt/ros/humble/lib/python3.10/site-packages:/opt/ros/humble/local/lib/python3.10/dist-packages', 'NVIDIA_VISIBLE_DEVICES': 'all', 'MATE_DESKTOP_SESSION_ID': 'this-is-deprecated', 'COLCON': '1', 'VTE_VERSION': '6800', 'CMAKE_PREFIX_PATH': '/home/sjamil/install/custom_nav2_planner:/home/sjamil/install/create_plan_msgs:/home/sjamil/install/andino_gz:/home/sjamil/ros2_ws/install/custom_nav2_planner:/home/sjamil/ros2_ws/install/create_plan_msgs:/home/sjamil/ros2_ws/install/andino_gz', 'ROS2_WS': '/home/sjamil/ros2_ws', 'QT_FONT_DPI': '96'}, 'shell': False}
[4.130052] (-) TimerEvent: {}
[4.230578] (-) TimerEvent: {}
[4.289420] (ros2_exercises) Command: {'cmd': ['/usr/bin/python3', '-W', 'ignore:setup.py install is deprecated', '-W', 'ignore:easy_install command is deprecated', 'setup.py', 'develop', '--editable', '--build-directory', '/home/sjamil/exercises_ws/build/ros2_exercises/build', '--no-deps', 'symlink_data'], 'cwd': '/home/sjamil/exercises_ws/build/ros2_exercises', 'env': {'VNCDESKTOP': '3f53e8a29a10:1 (sjamil)', 'QT_SCALE_FACTOR': '1', 'USER': 'sjamil', 'SUPERVISOR_GROUP_NAME': 'vnc', 'HOSTNAME': '3f53e8a29a10', 'XDG_SESSION_TYPE': 'x11', '__GLX_VENDOR_LIBRARY_NAME': 'nvidia', 'SHLVL': '2', 'LD_LIBRARY_PATH': '/home/sjamil/install/custom_nav2_planner/lib:/home/sjamil/install/create_plan_msgs/lib:/home/sjamil/ros2_ws/install/custom_nav2_planner/lib:/home/sjamil/ros2_ws/install/create_plan_msgs/lib:/opt/ros/humble/opt/rviz_ogre_vendor/lib:/opt/ros/humble/lib/x86_64-linux-gnu:/opt/ros/humble/lib', 'HOME': '/home/sjamil', 'OLDPWD': '/', 'GIO_LAUNCHED_DESKTOP_FILE': '/home/sjamil/Desktop/terminator.desktop', 'ROS_PYTHON_VERSION': '3', 'LC_CTYPE': 'C.UTF-8', 'DBUS_SESSION_BUS_ADDRESS': 'unix:abstract=/tmp/dbus-cLXymW20E9,guid=23afb036d38299d8d67f493167561be8', 'COLORTERM': 'truecolor', 'TERMINATOR_DBUS_NAME': 'net.tenshu.Terminator23558193cd9818af7fe4d2c2f5bd9d00f', 'GIO_LAUNCHED_DESKTOP_FILE_PID': '15265', 'GNOME_KEYRING_CONTROL': '/home/sjamil/.cache/keyring-DIEGY2', 'COLCON_PREFIX_PATH': '/home/sjamil/exercises_ws/install:/home/sjamil/install:/home/sjamil/ros2_ws/install', 'ROS_DISTRO': 'humble', '_': '/usr/bin/colcon', 'ROS_VERSION': '2', 'NVIDIA_DRIVER_CAPABILITIES': 'all', 'XDG_SESSION_CLASS': 'user', 'TERM': 'xterm-256color', 'GTK_OVERLAY_SCROLLING': '0', 'ROS_LOCALHOST_ONLY': '0', 'INSIDE_CAJA_PYTHON': '', 'PATH': '/opt/ros/humble/bin:/usr/local/sbin:/usr/local/bin:/usr/sbin:/usr/bin:/sbin:/bin', 'SESSION_MANAGER': 'local/3f53e8a29a10:@/tmp/.ICE-unix/1118,unix/3f53e8a29a10:/tmp/.ICE-unix/1118', 'DISPLAY': ':1', 'TERMINATOR_DBUS_PATH': '/net/tenshu/Terminator2', 'EXERCISES_WS': '/home/sjamil/exercises_ws', 'XDG_CURRENT_DESKTOP': 'MATE', 'SUPERVISOR_ENABLED': '1', 'SSH_AUTH_SOCK': '/home/sjamil/.cache/keyring-DIEGY2/ssh', 'ROS_DOMAIN_ID': '7', 'AMENT_PREFIX_PATH': '/home/sjamil/exercises_ws/install/ros2_exercises2:/home/sjamil/exercises_ws/install/ros2_exercises:/home/sjamil/exercises_ws/install/path_planner_example:/home/sjamil/install/ros2_exercises:/home/sjamil/install/custom_nav2_planner:/home/sjamil/install/create_plan_msgs:/home/sjamil/install/andino_gz:/home/sjamil/ros2_ws/install/custom_nav2_planner:/home/sjamil/ros2_ws/install/create_plan_msgs:/home/sjamil/ros2_ws/install/andino_gz:/opt/ros/humble', 'DEBIAN_FRONTEND': 'noninteractive', 'TERMINATOR_UUID': 'urn:uuid:75996f1f-7b92-4241-91b2-8f994b259445', 'VNC_PASSWORD': '', 'IGN_GAZEBO_RESOURCE_PATH': '/home/sjamil/install/andino_gz/share/andino_gz/models:/home/sjamil/ros2_ws/install/andino_gz/share/andino_gz/models', 'PASSWD': 'ubuntu', 'SUPERVISOR_SERVER_URL': 'unix:///var/run/supervisor.sock', 'SUPERVISOR_PROCESS_NAME': 'vnc', 'PWD': '/home/sjamil/exercises_ws/build/ros2_exercises', 'PASSWORD': '', 'PYTHONPATH': '/home/sjamil/exercises_ws/build/ros2_exercises/prefix_override:/usr/lib/python3/dist-packages/colcon_core/task/python/colcon_distutils_commands:/home/sjamil/exercises_ws/install/ros2_exercises/lib/python3.10/site-packages:/home/sjamil/exercises_ws/build/ros2_exercises2:/home/sjamil/exercises_ws/install/ros2_exercises2/lib/python3.10/site-packages:/home/sjamil/exercises_ws/build/ros2_exercises:/home/sjamil/exercises_ws/install/ros2_exercises/lib/python3.10/site-packages:/home/sjamil/exercises_ws/build/path_planner_example:/home/sjamil/exercises_ws/install/path_planner_example/lib/python3.10/site-packages:/home/sjamil/build/ros2_exercises:/home/sjamil/install/ros2_exercises/lib/python3.10/site-packages:/home/sjamil/install/create_plan_msgs/local/lib/python3.10/dist-packages:/home/sjamil/install/andino_gz/local/lib/python3.10/dist-packages:/home/sjamil/ros2_ws/install/create_plan_msgs/local/lib/python3.10/dist-packages:/home/sjamil/ros2_ws/install/andino_gz/local/lib/python3.10/dist-packages:/opt/ros/humble/lib/python3.10/site-packages:/opt/ros/humble/local/lib/python3.10/dist-packages', 'NVIDIA_VISIBLE_DEVICES': 'all', 'MATE_DESKTOP_SESSION_ID': 'this-is-deprecated', 'COLCON': '1', 'VTE_VERSION': '6800', 'CMAKE_PREFIX_PATH': '/home/sjamil/install/custom_nav2_planner:/home/sjamil/install/create_plan_msgs:/home/sjamil/install/andino_gz:/home/sjamil/ros2_ws/install/custom_nav2_planner:/home/sjamil/ros2_ws/install/create_plan_msgs:/home/sjamil/ros2_ws/install/andino_gz', 'ROS2_WS': '/home/sjamil/ros2_ws', 'QT_FONT_DPI': '96'}, 'shell': False}
[4.306399] (ros2_exercises2) Command: {'cmd': ['/usr/bin/python3', '-W', 'ignore:setup.py install is deprecated', '-W', 'ignore:easy_install command is deprecated', 'setup.py', 'develop', '--editable', '--build-directory', '/home/sjamil/exercises_ws/build/ros2_exercises2/build', '--no-deps', 'symlink_data'], 'cwd': '/home/sjamil/exercises_ws/build/ros2_exercises2', 'env': {'VNCDESKTOP': '3f53e8a29a10:1 (sjamil)', 'QT_SCALE_FACTOR': '1', 'USER': 'sjamil', 'SUPERVISOR_GROUP_NAME': 'vnc', 'HOSTNAME': '3f53e8a29a10', 'XDG_SESSION_TYPE': 'x11', '__GLX_VENDOR_LIBRARY_NAME': 'nvidia', 'SHLVL': '2', 'LD_LIBRARY_PATH': '/home/sjamil/install/custom_nav2_planner/lib:/home/sjamil/install/create_plan_msgs/lib:/home/sjamil/ros2_ws/install/custom_nav2_planner/lib:/home/sjamil/ros2_ws/install/create_plan_msgs/lib:/opt/ros/humble/opt/rviz_ogre_vendor/lib:/opt/ros/humble/lib/x86_64-linux-gnu:/opt/ros/humble/lib', 'HOME': '/home/sjamil', 'OLDPWD': '/', 'GIO_LAUNCHED_DESKTOP_FILE': '/home/sjamil/Desktop/terminator.desktop', 'ROS_PYTHON_VERSION': '3', 'LC_CTYPE': 'C.UTF-8', 'DBUS_SESSION_BUS_ADDRESS': 'unix:abstract=/tmp/dbus-cLXymW20E9,guid=23afb036d38299d8d67f493167561be8', 'COLORTERM': 'truecolor', 'TERMINATOR_DBUS_NAME': 'net.tenshu.Terminator23558193cd9818af7fe4d2c2f5bd9d00f', 'GIO_LAUNCHED_DESKTOP_FILE_PID': '15265', 'GNOME_KEYRING_CONTROL': '/home/sjamil/.cache/keyring-DIEGY2', 'COLCON_PREFIX_PATH': '/home/sjamil/exercises_ws/install:/home/sjamil/install:/home/sjamil/ros2_ws/install', 'ROS_DISTRO': 'humble', '_': '/usr/bin/colcon', 'ROS_VERSION': '2', 'NVIDIA_DRIVER_CAPABILITIES': 'all', 'XDG_SESSION_CLASS': 'user', 'TERM': 'xterm-256color', 'GTK_OVERLAY_SCROLLING': '0', 'ROS_LOCALHOST_ONLY': '0', 'INSIDE_CAJA_PYTHON': '', 'PATH': '/opt/ros/humble/bin:/usr/local/sbin:/usr/local/bin:/usr/sbin:/usr/bin:/sbin:/bin', 'SESSION_MANAGER': 'local/3f53e8a29a10:@/tmp/.ICE-unix/1118,unix/3f53e8a29a10:/tmp/.ICE-unix/1118', 'DISPLAY': ':1', 'TERMINATOR_DBUS_PATH': '/net/tenshu/Terminator2', 'EXERCISES_WS': '/home/sjamil/exercises_ws', 'XDG_CURRENT_DESKTOP': 'MATE', 'SUPERVISOR_ENABLED': '1', 'SSH_AUTH_SOCK': '/home/sjamil/.cache/keyring-DIEGY2/ssh', 'ROS_DOMAIN_ID': '7', 'AMENT_PREFIX_PATH': '/home/sjamil/exercises_ws/install/ros2_exercises2:/home/sjamil/exercises_ws/install/ros2_exercises:/home/sjamil/exercises_ws/install/path_planner_example:/home/sjamil/install/ros2_exercises:/home/sjamil/install/custom_nav2_planner:/home/sjamil/install/create_plan_msgs:/home/sjamil/install/andino_gz:/home/sjamil/ros2_ws/install/custom_nav2_planner:/home/sjamil/ros2_ws/install/create_plan_msgs:/home/sjamil/ros2_ws/install/andino_gz:/opt/ros/humble', 'DEBIAN_FRONTEND': 'noninteractive', 'TERMINATOR_UUID': 'urn:uuid:75996f1f-7b92-4241-91b2-8f994b259445', 'VNC_PASSWORD': '', 'IGN_GAZEBO_RESOURCE_PATH': '/home/sjamil/install/andino_gz/share/andino_gz/models:/home/sjamil/ros2_ws/install/andino_gz/share/andino_gz/models', 'PASSWD': 'ubuntu', 'SUPERVISOR_SERVER_URL': 'unix:///var/run/supervisor.sock', 'SUPERVISOR_PROCESS_NAME': 'vnc', 'PWD': '/home/sjamil/exercises_ws/build/ros2_exercises2', 'PASSWORD': '', 'PYTHONPATH': '/home/sjamil/exercises_ws/build/ros2_exercises2/prefix_override:/usr/lib/python3/dist-packages/colcon_core/task/python/colcon_distutils_commands:/home/sjamil/exercises_ws/install/ros2_exercises2/lib/python3.10/site-packages:/home/sjamil/exercises_ws/build/ros2_exercises2:/home/sjamil/exercises_ws/install/ros2_exercises2/lib/python3.10/site-packages:/home/sjamil/exercises_ws/build/ros2_exercises:/home/sjamil/exercises_ws/install/ros2_exercises/lib/python3.10/site-packages:/home/sjamil/exercises_ws/build/path_planner_example:/home/sjamil/exercises_ws/install/path_planner_example/lib/python3.10/site-packages:/home/sjamil/build/ros2_exercises:/home/sjamil/install/ros2_exercises/lib/python3.10/site-packages:/home/sjamil/install/create_plan_msgs/local/lib/python3.10/dist-packages:/home/sjamil/install/andino_gz/local/lib/python3.10/dist-packages:/home/sjamil/ros2_ws/install/create_plan_msgs/local/lib/python3.10/dist-packages:/home/sjamil/ros2_ws/install/andino_gz/local/lib/python3.10/dist-packages:/opt/ros/humble/lib/python3.10/site-packages:/opt/ros/humble/local/lib/python3.10/dist-packages', 'NVIDIA_VISIBLE_DEVICES': 'all', 'MATE_DESKTOP_SESSION_ID': 'this-is-deprecated', 'COLCON': '1', 'VTE_VERSION': '6800', 'CMAKE_PREFIX_PATH': '/home/sjamil/install/custom_nav2_planner:/home/sjamil/install/create_plan_msgs:/home/sjamil/install/andino_gz:/home/sjamil/ros2_ws/install/custom_nav2_planner:/home/sjamil/ros2_ws/install/create_plan_msgs:/home/sjamil/ros2_ws/install/andino_gz', 'ROS2_WS': '/home/sjamil/ros2_ws', 'QT_FONT_DPI': '96'}, 'shell': False}
[4.330734] (-) TimerEvent: {}
[4.431334] (-) TimerEvent: {}
[4.531958] (-) TimerEvent: {}
[4.632422] (-) TimerEvent: {}
[4.732998] (-) TimerEvent: {}
[4.834310] (-) TimerEvent: {}
[4.934818] (-) TimerEvent: {}
[5.015544] (ros2_exercises2) StdoutLine: {'line': b'running develop\n'}
[5.034972] (-) TimerEvent: {}
[5.135495] (-) TimerEvent: {}
[5.236050] (-) TimerEvent: {}
[5.238585] (ros2_exercises) StdoutLine: {'line': b'running develop\n'}
[5.266643] (path_planner_example) StdoutLine: {'line': b'running develop\n'}
[5.336196] (-) TimerEvent: {}
[5.436695] (-) TimerEvent: {}
[5.520435] (ros2_exercises2) StdoutLine: {'line': b'running egg_info\n'}
[5.520833] (ros2_exercises2) StdoutLine: {'line': b'writing ros2_exercises2.egg-info/PKG-INFO\n'}
[5.521223] (ros2_exercises2) StdoutLine: {'line': b'writing dependency_links to ros2_exercises2.egg-info/dependency_links.txt\n'}
[5.521629] (ros2_exercises2) StdoutLine: {'line': b'writing entry points to ros2_exercises2.egg-info/entry_points.txt\n'}
[5.522100] (ros2_exercises2) StdoutLine: {'line': b'writing requirements to ros2_exercises2.egg-info/requires.txt\n'}
[5.530599] (ros2_exercises2) StdoutLine: {'line': b'writing top-level names to ros2_exercises2.egg-info/top_level.txt\n'}
[5.536841] (-) TimerEvent: {}
[5.538077] (ros2_exercises2) StdoutLine: {'line': b"reading manifest file 'ros2_exercises2.egg-info/SOURCES.txt'\n"}
[5.539442] (ros2_exercises2) StdoutLine: {'line': b"writing manifest file 'ros2_exercises2.egg-info/SOURCES.txt'\n"}
[5.547122] (ros2_exercises2) StdoutLine: {'line': b'running build_ext\n'}
[5.547460] (ros2_exercises2) StdoutLine: {'line': b'Creating /home/sjamil/exercises_ws/install/ros2_exercises2/lib/python3.10/site-packages/ros2-exercises2.egg-link (link to .)\n'}
[5.550186] (ros2_exercises2) StdoutLine: {'line': b'Installing odometry_publsiher script to /home/sjamil/exercises_ws/install/ros2_exercises2/lib/ros2_exercises2\n'}
[5.550416] (ros2_exercises2) StdoutLine: {'line': b'\n'}
[5.550524] (ros2_exercises2) StdoutLine: {'line': b'Installed /home/sjamil/exercises_ws/build/ros2_exercises2\n'}
[5.550626] (ros2_exercises2) StdoutLine: {'line': b'running symlink_data\n'}
[5.637008] (-) TimerEvent: {}
[5.677227] (ros2_exercises2) CommandEnded: {'returncode': 0}
[5.740207] (-) TimerEvent: {}
[5.757619] (ros2_exercises2) JobEnded: {'identifier': 'ros2_exercises2', 'rc': 0}
[5.787466] (ros2_exercises) StdoutLine: {'line': b'running egg_info\n'}
[5.789486] (ros2_exercises) StdoutLine: {'line': b'writing ros2_exercises.egg-info/PKG-INFO\n'}
[5.789624] (ros2_exercises) StdoutLine: {'line': b'writing dependency_links to ros2_exercises.egg-info/dependency_links.txt\n'}
[5.789750] (ros2_exercises) StdoutLine: {'line': b'writing entry points to ros2_exercises.egg-info/entry_points.txt\n'}
[5.789861] (ros2_exercises) StdoutLine: {'line': b'writing requirements to ros2_exercises.egg-info/requires.txt\n'}
[5.789954] (ros2_exercises) StdoutLine: {'line': b'writing top-level names to ros2_exercises.egg-info/top_level.txt\n'}
[5.794910] (ros2_exercises) StdoutLine: {'line': b"reading manifest file 'ros2_exercises.egg-info/SOURCES.txt'\n"}
[5.796557] (ros2_exercises) StdoutLine: {'line': b"writing manifest file 'ros2_exercises.egg-info/SOURCES.txt'\n"}
[5.801098] (ros2_exercises) StdoutLine: {'line': b'running build_ext\n'}
[5.802881] (ros2_exercises) StdoutLine: {'line': b'Creating /home/sjamil/exercises_ws/install/ros2_exercises/lib/python3.10/site-packages/ros2-exercises.egg-link (link to .)\n'}
[5.803632] (ros2_exercises) StdoutLine: {'line': b'Installing odometry_publisher script to /home/sjamil/exercises_ws/install/ros2_exercises/lib/ros2_exercises\n'}
[5.804048] (ros2_exercises) StdoutLine: {'line': b'\n'}
[5.804199] (ros2_exercises) StdoutLine: {'line': b'Installed /home/sjamil/exercises_ws/build/ros2_exercises\n'}
[5.804304] (ros2_exercises) StdoutLine: {'line': b'running symlink_data\n'}
[5.840358] (-) TimerEvent: {}
[5.894053] (ros2_exercises) CommandEnded: {'returncode': 0}
[5.925693] (ros2_exercises) JobEnded: {'identifier': 'ros2_exercises', 'rc': 0}
[5.941245] (-) TimerEvent: {}
[6.041812] (-) TimerEvent: {}
[6.142349] (-) TimerEvent: {}
[6.242866] (-) TimerEvent: {}
[6.343415] (-) TimerEvent: {}
[6.354802] (path_planner_example) StdoutLine: {'line': b'running egg_info\n'}
[6.356846] (path_planner_example) StdoutLine: {'line': b'writing path_planner_example.egg-info/PKG-INFO\n'}
[6.357127] (path_planner_example) StdoutLine: {'line': b'writing dependency_links to path_planner_example.egg-info/dependency_links.txt\n'}
[6.366477] (path_planner_example) StdoutLine: {'line': b'writing entry points to path_planner_example.egg-info/entry_points.txt\n'}
[6.367878] (path_planner_example) StdoutLine: {'line': b'writing requirements to path_planner_example.egg-info/requires.txt\n'}
[6.368130] (path_planner_example) StdoutLine: {'line': b'writing top-level names to path_planner_example.egg-info/top_level.txt\n'}
[6.383437] (path_planner_example) StdoutLine: {'line': b"reading manifest file 'path_planner_example.egg-info/SOURCES.txt'\n"}
[6.387740] (path_planner_example) StdoutLine: {'line': b"writing manifest file 'path_planner_example.egg-info/SOURCES.txt'\n"}
[6.397106] (path_planner_example) StdoutLine: {'line': b'running build_ext\n'}
[6.397846] (path_planner_example) StdoutLine: {'line': b'Creating /home/sjamil/exercises_ws/install/path_planner_example/lib/python3.10/site-packages/path-planner-example.egg-link (link to .)\n'}
[6.408299] (path_planner_example) StdoutLine: {'line': b'Installing path_planner_node script to /home/sjamil/exercises_ws/install/path_planner_example/lib/path_planner_example\n'}
[6.410877] (path_planner_example) StdoutLine: {'line': b'\n'}
[6.411210] (path_planner_example) StdoutLine: {'line': b'Installed /home/sjamil/exercises_ws/build/path_planner_example\n'}
[6.411361] (path_planner_example) StdoutLine: {'line': b'running symlink_data\n'}
[6.443660] (-) TimerEvent: {}
[6.547781] (-) TimerEvent: {}
[6.571365] (path_planner_example) CommandEnded: {'returncode': 0}
[6.634916] (path_planner_example) JobEnded: {'identifier': 'path_planner_example', 'rc': 0}
[6.643356] (-) EventReactorShutdown: {}
