[0.265s] DEBUG:colcon:Command line arguments: ['/usr/bin/colcon', 'build', '--symlink-install']
[0.266s] DEBUG:colcon:Parsed command line arguments: Namespace(log_base=None, log_level=None, verb_name='build', build_base='build', install_base='install', merge_install=False, symlink_install=True, test_result_base=None, continue_on_error=False, executor='parallel', parallel_workers=14, event_handlers=None, ignore_user_meta=False, metas=['./colcon.meta'], base_paths=['.'], packages_ignore=None, packages_ignore_regex=None, paths=None, packages_up_to=None, packages_up_to_regex=None, packages_above=None, packages_above_and_dependencies=None, packages_above_depth=None, packages_select_by_dep=None, packages_skip_by_dep=None, packages_skip_up_to=None, packages_select_build_failed=False, packages_skip_build_finished=False, packages_select_test_failures=False, packages_skip_test_passed=False, packages_select=None, packages_skip=None, packages_select_regex=None, packages_skip_regex=None, packages_start=None, packages_end=None, allow_overriding=[], cmake_args=None, cmake_target=None, cmake_target_skip_unavailable=False, cmake_clean_cache=False, cmake_clean_first=False, cmake_force_configure=False, ament_cmake_args=None, catkin_cmake_args=None, catkin_skip_building_tests=False, verb_parser=<colcon_defaults.argument_parser.defaults.DefaultArgumentsDecorator object at 0x7f8c9d321840>, verb_extension=<colcon_core.verb.build.BuildVerb object at 0x7f8c9d320a00>, main=<bound method BuildVerb.main of <colcon_core.verb.build.BuildVerb object at 0x7f8c9d320a00>>)
[0.680s] Level 1:colcon.colcon_core.package_discovery:discover_packages(colcon_meta) check parameters
[0.680s] Level 1:colcon.colcon_core.package_discovery:discover_packages(recursive) check parameters
[0.680s] Level 1:colcon.colcon_core.package_discovery:discover_packages(ignore) check parameters
[0.680s] Level 1:colcon.colcon_core.package_discovery:discover_packages(path) check parameters
[0.680s] Level 1:colcon.colcon_core.package_discovery:discover_packages(colcon_meta) discover
[0.680s] Level 1:colcon.colcon_core.package_discovery:discover_packages(recursive) discover
[0.680s] INFO:colcon.colcon_core.package_discovery:Crawling recursively for packages in '/home/sjamil/exercises_ws'
[0.681s] Level 1:colcon.colcon_core.package_identification:_identify(.) by extensions ['ignore', 'ignore_ament_install']
[0.681s] Level 1:colcon.colcon_core.package_identification:_identify(.) by extension 'ignore'
[0.681s] Level 1:colcon.colcon_core.package_identification:_identify(.) by extension 'ignore_ament_install'
[0.681s] Level 1:colcon.colcon_core.package_identification:_identify(.) by extensions ['colcon_pkg']
[0.681s] Level 1:colcon.colcon_core.package_identification:_identify(.) by extension 'colcon_pkg'
[0.681s] Level 1:colcon.colcon_core.package_identification:_identify(.) by extensions ['colcon_meta']
[0.681s] Level 1:colcon.colcon_core.package_identification:_identify(.) by extension 'colcon_meta'
[0.681s] Level 1:colcon.colcon_core.package_identification:_identify(.) by extensions ['ros']
[0.681s] Level 1:colcon.colcon_core.package_identification:_identify(.) by extension 'ros'
[0.706s] Level 1:colcon.colcon_core.package_identification:_identify(.) by extensions ['cmake', 'python']
[0.706s] Level 1:colcon.colcon_core.package_identification:_identify(.) by extension 'cmake'
[0.706s] Level 1:colcon.colcon_core.package_identification:_identify(.) by extension 'python'
[0.706s] Level 1:colcon.colcon_core.package_identification:_identify(.) by extensions ['python_setup_py']
[0.706s] Level 1:colcon.colcon_core.package_identification:_identify(.) by extension 'python_setup_py'
[0.706s] Level 1:colcon.colcon_core.package_identification:_identify(build) by extensions ['ignore', 'ignore_ament_install']
[0.706s] Level 1:colcon.colcon_core.package_identification:_identify(build) by extension 'ignore'
[0.707s] Level 1:colcon.colcon_core.package_identification:_identify(build) ignored
[0.707s] Level 1:colcon.colcon_core.package_identification:_identify(install) by extensions ['ignore', 'ignore_ament_install']
[0.708s] Level 1:colcon.colcon_core.package_identification:_identify(install) by extension 'ignore'
[0.708s] Level 1:colcon.colcon_core.package_identification:_identify(install) ignored
[0.708s] Level 1:colcon.colcon_core.package_identification:_identify(log) by extensions ['ignore', 'ignore_ament_install']
[0.708s] Level 1:colcon.colcon_core.package_identification:_identify(log) by extension 'ignore'
[0.708s] Level 1:colcon.colcon_core.package_identification:_identify(log) ignored
[0.708s] Level 1:colcon.colcon_core.package_identification:_identify(src) by extensions ['ignore', 'ignore_ament_install']
[0.708s] Level 1:colcon.colcon_core.package_identification:_identify(src) by extension 'ignore'
[0.709s] Level 1:colcon.colcon_core.package_identification:_identify(src) by extension 'ignore_ament_install'
[0.709s] Level 1:colcon.colcon_core.package_identification:_identify(src) by extensions ['colcon_pkg']
[0.709s] Level 1:colcon.colcon_core.package_identification:_identify(src) by extension 'colcon_pkg'
[0.709s] Level 1:colcon.colcon_core.package_identification:_identify(src) by extensions ['colcon_meta']
[0.709s] Level 1:colcon.colcon_core.package_identification:_identify(src) by extension 'colcon_meta'
[0.709s] Level 1:colcon.colcon_core.package_identification:_identify(src) by extensions ['ros']
[0.709s] Level 1:colcon.colcon_core.package_identification:_identify(src) by extension 'ros'
[0.709s] Level 1:colcon.colcon_core.package_identification:_identify(src) by extensions ['cmake', 'python']
[0.709s] Level 1:colcon.colcon_core.package_identification:_identify(src) by extension 'cmake'
[0.709s] Level 1:colcon.colcon_core.package_identification:_identify(src) by extension 'python'
[0.709s] Level 1:colcon.colcon_core.package_identification:_identify(src) by extensions ['python_setup_py']
[0.710s] Level 1:colcon.colcon_core.package_identification:_identify(src) by extension 'python_setup_py'
[0.710s] Level 1:colcon.colcon_core.package_identification:_identify(src/path_planner_example) by extensions ['ignore', 'ignore_ament_install']
[0.710s] Level 1:colcon.colcon_core.package_identification:_identify(src/path_planner_example) by extension 'ignore'
[0.710s] Level 1:colcon.colcon_core.package_identification:_identify(src/path_planner_example) by extension 'ignore_ament_install'
[0.710s] Level 1:colcon.colcon_core.package_identification:_identify(src/path_planner_example) by extensions ['colcon_pkg']
[0.710s] Level 1:colcon.colcon_core.package_identification:_identify(src/path_planner_example) by extension 'colcon_pkg'
[0.711s] Level 1:colcon.colcon_core.package_identification:_identify(src/path_planner_example) by extensions ['colcon_meta']
[0.711s] Level 1:colcon.colcon_core.package_identification:_identify(src/path_planner_example) by extension 'colcon_meta'
[0.711s] Level 1:colcon.colcon_core.package_identification:_identify(src/path_planner_example) by extensions ['ros']
[0.711s] Level 1:colcon.colcon_core.package_identification:_identify(src/path_planner_example) by extension 'ros'
[0.718s] DEBUG:colcon.colcon_core.package_identification:Package 'src/path_planner_example' with type 'ros.ament_python' and name 'path_planner_example'
[0.719s] Level 1:colcon.colcon_core.package_identification:_identify(src/ros2_exercises) by extensions ['ignore', 'ignore_ament_install']
[0.719s] Level 1:colcon.colcon_core.package_identification:_identify(src/ros2_exercises) by extension 'ignore'
[0.719s] Level 1:colcon.colcon_core.package_identification:_identify(src/ros2_exercises) by extension 'ignore_ament_install'
[0.719s] Level 1:colcon.colcon_core.package_identification:_identify(src/ros2_exercises) by extensions ['colcon_pkg']
[0.719s] Level 1:colcon.colcon_core.package_identification:_identify(src/ros2_exercises) by extension 'colcon_pkg'
[0.719s] Level 1:colcon.colcon_core.package_identification:_identify(src/ros2_exercises) by extensions ['colcon_meta']
[0.719s] Level 1:colcon.colcon_core.package_identification:_identify(src/ros2_exercises) by extension 'colcon_meta'
[0.719s] Level 1:colcon.colcon_core.package_identification:_identify(src/ros2_exercises) by extensions ['ros']
[0.719s] Level 1:colcon.colcon_core.package_identification:_identify(src/ros2_exercises) by extension 'ros'
[0.721s] DEBUG:colcon.colcon_core.package_identification:Package 'src/ros2_exercises' with type 'ros.ament_python' and name 'ros2_exercises'
[0.721s] Level 1:colcon.colcon_core.package_identification:_identify(src/ros2_exercises2) by extensions ['ignore', 'ignore_ament_install']
[0.721s] Level 1:colcon.colcon_core.package_identification:_identify(src/ros2_exercises2) by extension 'ignore'
[0.721s] Level 1:colcon.colcon_core.package_identification:_identify(src/ros2_exercises2) by extension 'ignore_ament_install'
[0.721s] Level 1:colcon.colcon_core.package_identification:_identify(src/ros2_exercises2) by extensions ['colcon_pkg']
[0.721s] Level 1:colcon.colcon_core.package_identification:_identify(src/ros2_exercises2) by extension 'colcon_pkg'
[0.721s] Level 1:colcon.colcon_core.package_identification:_identify(src/ros2_exercises2) by extensions ['colcon_meta']
[0.722s] Level 1:colcon.colcon_core.package_identification:_identify(src/ros2_exercises2) by extension 'colcon_meta'
[0.722s] Level 1:colcon.colcon_core.package_identification:_identify(src/ros2_exercises2) by extensions ['ros']
[0.722s] Level 1:colcon.colcon_core.package_identification:_identify(src/ros2_exercises2) by extension 'ros'
[0.723s] DEBUG:colcon.colcon_core.package_identification:Package 'src/ros2_exercises2' with type 'ros.ament_python' and name 'ros2_exercises2'
[0.723s] Level 1:colcon.colcon_core.package_discovery:discover_packages(recursive) using defaults
[0.723s] Level 1:colcon.colcon_core.package_discovery:discover_packages(ignore) discover
[0.723s] Level 1:colcon.colcon_core.package_discovery:discover_packages(ignore) using defaults
[0.723s] Level 1:colcon.colcon_core.package_discovery:discover_packages(path) discover
[0.723s] Level 1:colcon.colcon_core.package_discovery:discover_packages(path) using defaults
[0.786s] Level 1:colcon.colcon_core.package_discovery:discover_packages(prefix_path) check parameters
[0.787s] Level 1:colcon.colcon_core.package_discovery:discover_packages(prefix_path) discover
[0.798s] DEBUG:colcon.colcon_installed_package_information.package_discovery:Found 3 installed packages in /home/sjamil/exercises_ws/install
[0.799s] DEBUG:colcon.colcon_installed_package_information.package_discovery:Found 4 installed packages in /home/sjamil/install
[0.800s] DEBUG:colcon.colcon_installed_package_information.package_discovery:Found 3 installed packages in /home/sjamil/ros2_ws/install
[0.805s] DEBUG:colcon.colcon_installed_package_information.package_discovery:Found 327 installed packages in /opt/ros/humble
[0.862s] Level 1:colcon.colcon_core.package_discovery:discover_packages(prefix_path) using defaults
[1.008s] Level 5:colcon.colcon_core.verb:set package 'path_planner_example' build argument 'cmake_args' from command line to 'None'
[1.009s] Level 5:colcon.colcon_core.verb:set package 'path_planner_example' build argument 'cmake_target' from command line to 'None'
[1.009s] Level 5:colcon.colcon_core.verb:set package 'path_planner_example' build argument 'cmake_target_skip_unavailable' from command line to 'False'
[1.009s] Level 5:colcon.colcon_core.verb:set package 'path_planner_example' build argument 'cmake_clean_cache' from command line to 'False'
[1.009s] Level 5:colcon.colcon_core.verb:set package 'path_planner_example' build argument 'cmake_clean_first' from command line to 'False'
[1.009s] Level 5:colcon.colcon_core.verb:set package 'path_planner_example' build argument 'cmake_force_configure' from command line to 'False'
[1.009s] Level 5:colcon.colcon_core.verb:set package 'path_planner_example' build argument 'ament_cmake_args' from command line to 'None'
[1.009s] Level 5:colcon.colcon_core.verb:set package 'path_planner_example' build argument 'catkin_cmake_args' from command line to 'None'
[1.009s] Level 5:colcon.colcon_core.verb:set package 'path_planner_example' build argument 'catkin_skip_building_tests' from command line to 'False'
[1.009s] DEBUG:colcon.colcon_core.verb:Building package 'path_planner_example' with the following arguments: {'ament_cmake_args': None, 'build_base': '/home/sjamil/exercises_ws/build/path_planner_example', 'catkin_cmake_args': None, 'catkin_skip_building_tests': False, 'cmake_args': None, 'cmake_clean_cache': False, 'cmake_clean_first': False, 'cmake_force_configure': False, 'cmake_target': None, 'cmake_target_skip_unavailable': False, 'install_base': '/home/sjamil/exercises_ws/install/path_planner_example', 'merge_install': False, 'path': '/home/sjamil/exercises_ws/src/path_planner_example', 'symlink_install': True, 'test_result_base': None}
[1.010s] Level 5:colcon.colcon_core.verb:set package 'ros2_exercises' build argument 'cmake_args' from command line to 'None'
[1.010s] Level 5:colcon.colcon_core.verb:set package 'ros2_exercises' build argument 'cmake_target' from command line to 'None'
[1.010s] Level 5:colcon.colcon_core.verb:set package 'ros2_exercises' build argument 'cmake_target_skip_unavailable' from command line to 'False'
[1.010s] Level 5:colcon.colcon_core.verb:set package 'ros2_exercises' build argument 'cmake_clean_cache' from command line to 'False'
[1.011s] Level 5:colcon.colcon_core.verb:set package 'ros2_exercises' build argument 'cmake_clean_first' from command line to 'False'
[1.011s] Level 5:colcon.colcon_core.verb:set package 'ros2_exercises' build argument 'cmake_force_configure' from command line to 'False'
[1.011s] Level 5:colcon.colcon_core.verb:set package 'ros2_exercises' build argument 'ament_cmake_args' from command line to 'None'
[1.011s] Level 5:colcon.colcon_core.verb:set package 'ros2_exercises' build argument 'catkin_cmake_args' from command line to 'None'
[1.011s] Level 5:colcon.colcon_core.verb:set package 'ros2_exercises' build argument 'catkin_skip_building_tests' from command line to 'False'
[1.011s] DEBUG:colcon.colcon_core.verb:Building package 'ros2_exercises' with the following arguments: {'ament_cmake_args': None, 'build_base': '/home/sjamil/exercises_ws/build/ros2_exercises', 'catkin_cmake_args': None, 'catkin_skip_building_tests': False, 'cmake_args': None, 'cmake_clean_cache': False, 'cmake_clean_first': False, 'cmake_force_configure': False, 'cmake_target': None, 'cmake_target_skip_unavailable': False, 'install_base': '/home/sjamil/exercises_ws/install/ros2_exercises', 'merge_install': False, 'path': '/home/sjamil/exercises_ws/src/ros2_exercises', 'symlink_install': True, 'test_result_base': None}
[1.011s] Level 5:colcon.colcon_core.verb:set package 'ros2_exercises2' build argument 'cmake_args' from command line to 'None'
[1.011s] Level 5:colcon.colcon_core.verb:set package 'ros2_exercises2' build argument 'cmake_target' from command line to 'None'
[1.011s] Level 5:colcon.colcon_core.verb:set package 'ros2_exercises2' build argument 'cmake_target_skip_unavailable' from command line to 'False'
[1.012s] Level 5:colcon.colcon_core.verb:set package 'ros2_exercises2' build argument 'cmake_clean_cache' from command line to 'False'
[1.012s] Level 5:colcon.colcon_core.verb:set package 'ros2_exercises2' build argument 'cmake_clean_first' from command line to 'False'
[1.012s] Level 5:colcon.colcon_core.verb:set package 'ros2_exercises2' build argument 'cmake_force_configure' from command line to 'False'
[1.012s] Level 5:colcon.colcon_core.verb:set package 'ros2_exercises2' build argument 'ament_cmake_args' from command line to 'None'
[1.012s] Level 5:colcon.colcon_core.verb:set package 'ros2_exercises2' build argument 'catkin_cmake_args' from command line to 'None'
[1.012s] Level 5:colcon.colcon_core.verb:set package 'ros2_exercises2' build argument 'catkin_skip_building_tests' from command line to 'False'
[1.012s] DEBUG:colcon.colcon_core.verb:Building package 'ros2_exercises2' with the following arguments: {'ament_cmake_args': None, 'build_base': '/home/sjamil/exercises_ws/build/ros2_exercises2', 'catkin_cmake_args': None, 'catkin_skip_building_tests': False, 'cmake_args': None, 'cmake_clean_cache': False, 'cmake_clean_first': False, 'cmake_force_configure': False, 'cmake_target': None, 'cmake_target_skip_unavailable': False, 'install_base': '/home/sjamil/exercises_ws/install/ros2_exercises2', 'merge_install': False, 'path': '/home/sjamil/exercises_ws/src/ros2_exercises2', 'symlink_install': True, 'test_result_base': None}
[1.012s] INFO:colcon.colcon_core.executor:Executing jobs using 'parallel' executor
[1.016s] DEBUG:colcon.colcon_parallel_executor.executor.parallel:run_until_complete
[1.017s] INFO:colcon.colcon_ros.task.ament_python.build:Building ROS package in '/home/sjamil/exercises_ws/src/path_planner_example' with build type 'ament_python'
[1.018s] Level 1:colcon.colcon_core.shell:create_environment_hook('path_planner_example', 'ament_prefix_path')
[1.023s] INFO:colcon.colcon_core.plugin_system:Skipping extension 'colcon_core.shell.bat': Not used on non-Windows systems
[1.025s] INFO:colcon.colcon_core.shell:Creating environment hook '/home/sjamil/exercises_ws/install/path_planner_example/share/path_planner_example/hook/ament_prefix_path.ps1'
[1.028s] INFO:colcon.colcon_core.shell:Creating environment descriptor '/home/sjamil/exercises_ws/install/path_planner_example/share/path_planner_example/hook/ament_prefix_path.dsv'
[1.029s] INFO:colcon.colcon_core.shell:Creating environment hook '/home/sjamil/exercises_ws/install/path_planner_example/share/path_planner_example/hook/ament_prefix_path.sh'
[1.031s] INFO:colcon.colcon_core.shell:Skip shell extension 'powershell' for command environment: Not usable outside of PowerShell
[1.031s] DEBUG:colcon.colcon_core.shell:Skip shell extension 'dsv' for command environment
[1.045s] INFO:colcon.colcon_ros.task.ament_python.build:Building ROS package in '/home/sjamil/exercises_ws/src/ros2_exercises' with build type 'ament_python'
[1.045s] Level 1:colcon.colcon_core.shell:create_environment_hook('ros2_exercises', 'ament_prefix_path')
[1.046s] INFO:colcon.colcon_core.shell:Creating environment hook '/home/sjamil/exercises_ws/install/ros2_exercises/share/ros2_exercises/hook/ament_prefix_path.ps1'
[1.048s] INFO:colcon.colcon_core.shell:Creating environment descriptor '/home/sjamil/exercises_ws/install/ros2_exercises/share/ros2_exercises/hook/ament_prefix_path.dsv'
[1.048s] INFO:colcon.colcon_core.shell:Creating environment hook '/home/sjamil/exercises_ws/install/ros2_exercises/share/ros2_exercises/hook/ament_prefix_path.sh'
[1.050s] INFO:colcon.colcon_core.shell:Skip shell extension 'powershell' for command environment: Not usable outside of PowerShell
[1.050s] DEBUG:colcon.colcon_core.shell:Skip shell extension 'dsv' for command environment
[1.060s] INFO:colcon.colcon_ros.task.ament_python.build:Building ROS package in '/home/sjamil/exercises_ws/src/ros2_exercises2' with build type 'ament_python'
[1.060s] Level 1:colcon.colcon_core.shell:create_environment_hook('ros2_exercises2', 'ament_prefix_path')
[1.061s] INFO:colcon.colcon_core.shell:Creating environment hook '/home/sjamil/exercises_ws/install/ros2_exercises2/share/ros2_exercises2/hook/ament_prefix_path.ps1'
[1.063s] INFO:colcon.colcon_core.shell:Creating environment descriptor '/home/sjamil/exercises_ws/install/ros2_exercises2/share/ros2_exercises2/hook/ament_prefix_path.dsv'
[1.064s] INFO:colcon.colcon_core.shell:Creating environment hook '/home/sjamil/exercises_ws/install/ros2_exercises2/share/ros2_exercises2/hook/ament_prefix_path.sh'
[1.066s] INFO:colcon.colcon_core.shell:Skip shell extension 'powershell' for command environment: Not usable outside of PowerShell
[1.066s] DEBUG:colcon.colcon_core.shell:Skip shell extension 'dsv' for command environment
[1.822s] INFO:colcon.colcon_core.task.python.build:Building Python package in '/home/sjamil/exercises_ws/src/path_planner_example'
[1.823s] INFO:colcon.colcon_core.shell:Skip shell extension 'powershell' for command environment: Not usable outside of PowerShell
[1.823s] DEBUG:colcon.colcon_core.shell:Skip shell extension 'dsv' for command environment
[2.804s] INFO:colcon.colcon_core.task.python.build:Building Python package in '/home/sjamil/exercises_ws/src/ros2_exercises'
[2.804s] INFO:colcon.colcon_core.shell:Skip shell extension 'powershell' for command environment: Not usable outside of PowerShell
[2.805s] DEBUG:colcon.colcon_core.shell:Skip shell extension 'dsv' for command environment
[3.948s] INFO:colcon.colcon_core.task.python.build:Building Python package in '/home/sjamil/exercises_ws/src/ros2_exercises2'
[3.949s] INFO:colcon.colcon_core.shell:Skip shell extension 'powershell' for command environment: Not usable outside of PowerShell
[3.949s] DEBUG:colcon.colcon_core.shell:Skip shell extension 'dsv' for command environment
[5.091s] DEBUG:colcon.colcon_core.event_handler.log_command:Invoking command in '/home/sjamil/exercises_ws/build/path_planner_example': PYTHONPATH=/home/sjamil/exercises_ws/build/path_planner_example/prefix_override:/usr/lib/python3/dist-packages/colcon_core/task/python/colcon_distutils_commands:/home/sjamil/exercises_ws/install/path_planner_example/lib/python3.10/site-packages:${PYTHONPATH} /usr/bin/python3 -W ignore:setup.py install is deprecated -W ignore:easy_install command is deprecated setup.py develop --editable --build-directory /home/sjamil/exercises_ws/build/path_planner_example/build --no-deps symlink_data
[5.313s] DEBUG:colcon.colcon_core.event_handler.log_command:Invoking command in '/home/sjamil/exercises_ws/build/ros2_exercises': PYTHONPATH=/home/sjamil/exercises_ws/build/ros2_exercises/prefix_override:/usr/lib/python3/dist-packages/colcon_core/task/python/colcon_distutils_commands:/home/sjamil/exercises_ws/install/ros2_exercises/lib/python3.10/site-packages:${PYTHONPATH} /usr/bin/python3 -W ignore:setup.py install is deprecated -W ignore:easy_install command is deprecated setup.py develop --editable --build-directory /home/sjamil/exercises_ws/build/ros2_exercises/build --no-deps symlink_data
[5.328s] DEBUG:colcon.colcon_core.event_handler.log_command:Invoking command in '/home/sjamil/exercises_ws/build/ros2_exercises2': PYTHONPATH=/home/sjamil/exercises_ws/build/ros2_exercises2/prefix_override:/usr/lib/python3/dist-packages/colcon_core/task/python/colcon_distutils_commands:/home/sjamil/exercises_ws/install/ros2_exercises2/lib/python3.10/site-packages:${PYTHONPATH} /usr/bin/python3 -W ignore:setup.py install is deprecated -W ignore:easy_install command is deprecated setup.py develop --editable --build-directory /home/sjamil/exercises_ws/build/ros2_exercises2/build --no-deps symlink_data
[6.692s] Level 1:colcon.colcon_core.shell:create_environment_hook('ros2_exercises2', 'pythonpath_develop')
[6.692s] INFO:colcon.colcon_core.shell:Creating environment hook '/home/sjamil/exercises_ws/build/ros2_exercises2/share/ros2_exercises2/hook/pythonpath_develop.ps1'
[6.693s] INFO:colcon.colcon_core.shell:Creating environment descriptor '/home/sjamil/exercises_ws/build/ros2_exercises2/share/ros2_exercises2/hook/pythonpath_develop.dsv'
[6.695s] DEBUG:colcon.colcon_core.event_handler.log_command:Invoked command in '/home/sjamil/exercises_ws/build/ros2_exercises2' returned '0': PYTHONPATH=/home/sjamil/exercises_ws/build/ros2_exercises2/prefix_override:/usr/lib/python3/dist-packages/colcon_core/task/python/colcon_distutils_commands:/home/sjamil/exercises_ws/install/ros2_exercises2/lib/python3.10/site-packages:${PYTHONPATH} /usr/bin/python3 -W ignore:setup.py install is deprecated -W ignore:easy_install command is deprecated setup.py develop --editable --build-directory /home/sjamil/exercises_ws/build/ros2_exercises2/build --no-deps symlink_data
[6.695s] INFO:colcon.colcon_core.shell:Creating environment hook '/home/sjamil/exercises_ws/build/ros2_exercises2/share/ros2_exercises2/hook/pythonpath_develop.sh'
[6.704s] Level 1:colcon.colcon_core.environment:checking '/home/sjamil/exercises_ws/install/ros2_exercises2' for CMake module files
[6.705s] Level 1:colcon.colcon_core.environment:checking '/home/sjamil/exercises_ws/install/ros2_exercises2' for CMake config files
[6.709s] Level 1:colcon.colcon_core.environment:checking '/home/sjamil/exercises_ws/install/ros2_exercises2/lib'
[6.709s] Level 1:colcon.colcon_core.environment:checking '/home/sjamil/exercises_ws/install/ros2_exercises2/bin'
[6.710s] Level 1:colcon.colcon_core.environment:checking '/home/sjamil/exercises_ws/install/ros2_exercises2/lib/pkgconfig/ros2_exercises2.pc'
[6.710s] Level 1:colcon.colcon_core.environment:checking '/home/sjamil/exercises_ws/install/ros2_exercises2/lib/python3.10/site-packages'
[6.711s] Level 1:colcon.colcon_core.shell:create_environment_hook('ros2_exercises2', 'pythonpath')
[6.712s] INFO:colcon.colcon_core.shell:Creating environment hook '/home/sjamil/exercises_ws/install/ros2_exercises2/share/ros2_exercises2/hook/pythonpath.ps1'
[6.714s] INFO:colcon.colcon_core.shell:Creating environment descriptor '/home/sjamil/exercises_ws/install/ros2_exercises2/share/ros2_exercises2/hook/pythonpath.dsv'
[6.719s] INFO:colcon.colcon_core.shell:Creating environment hook '/home/sjamil/exercises_ws/install/ros2_exercises2/share/ros2_exercises2/hook/pythonpath.sh'
[6.723s] Level 1:colcon.colcon_core.environment:checking '/home/sjamil/exercises_ws/install/ros2_exercises2/bin'
[6.726s] Level 1:colcon.colcon_core.environment:create_environment_scripts_only(ros2_exercises2)
[6.727s] INFO:colcon.colcon_core.shell:Creating package script '/home/sjamil/exercises_ws/install/ros2_exercises2/share/ros2_exercises2/package.ps1'
[6.743s] INFO:colcon.colcon_core.shell:Creating package descriptor '/home/sjamil/exercises_ws/install/ros2_exercises2/share/ros2_exercises2/package.dsv'
[6.745s] INFO:colcon.colcon_core.shell:Creating package script '/home/sjamil/exercises_ws/install/ros2_exercises2/share/ros2_exercises2/package.sh'
[6.747s] INFO:colcon.colcon_core.shell:Creating package script '/home/sjamil/exercises_ws/install/ros2_exercises2/share/ros2_exercises2/package.bash'
[6.759s] INFO:colcon.colcon_core.shell:Creating package script '/home/sjamil/exercises_ws/install/ros2_exercises2/share/ros2_exercises2/package.zsh'
[6.773s] Level 1:colcon.colcon_core.environment:create_file_with_runtime_dependencies(/home/sjamil/exercises_ws/install/ros2_exercises2/share/colcon-core/packages/ros2_exercises2)
[6.907s] Level 1:colcon.colcon_core.shell:create_environment_hook('ros2_exercises', 'pythonpath_develop')
[6.908s] INFO:colcon.colcon_core.shell:Creating environment hook '/home/sjamil/exercises_ws/build/ros2_exercises/share/ros2_exercises/hook/pythonpath_develop.ps1'
[6.909s] INFO:colcon.colcon_core.shell:Creating environment descriptor '/home/sjamil/exercises_ws/build/ros2_exercises/share/ros2_exercises/hook/pythonpath_develop.dsv'
[6.910s] INFO:colcon.colcon_core.shell:Creating environment hook '/home/sjamil/exercises_ws/build/ros2_exercises/share/ros2_exercises/hook/pythonpath_develop.sh'
[6.912s] Level 1:colcon.colcon_core.environment:checking '/home/sjamil/exercises_ws/install/ros2_exercises' for CMake module files
[6.913s] DEBUG:colcon.colcon_core.event_handler.log_command:Invoked command in '/home/sjamil/exercises_ws/build/ros2_exercises' returned '0': PYTHONPATH=/home/sjamil/exercises_ws/build/ros2_exercises/prefix_override:/usr/lib/python3/dist-packages/colcon_core/task/python/colcon_distutils_commands:/home/sjamil/exercises_ws/install/ros2_exercises/lib/python3.10/site-packages:${PYTHONPATH} /usr/bin/python3 -W ignore:setup.py install is deprecated -W ignore:easy_install command is deprecated setup.py develop --editable --build-directory /home/sjamil/exercises_ws/build/ros2_exercises/build --no-deps symlink_data
[6.914s] Level 1:colcon.colcon_core.environment:checking '/home/sjamil/exercises_ws/install/ros2_exercises' for CMake config files
[6.917s] Level 1:colcon.colcon_core.environment:checking '/home/sjamil/exercises_ws/install/ros2_exercises/lib'
[6.917s] Level 1:colcon.colcon_core.environment:checking '/home/sjamil/exercises_ws/install/ros2_exercises/bin'
[6.918s] Level 1:colcon.colcon_core.environment:checking '/home/sjamil/exercises_ws/install/ros2_exercises/lib/pkgconfig/ros2_exercises.pc'
[6.918s] Level 1:colcon.colcon_core.environment:checking '/home/sjamil/exercises_ws/install/ros2_exercises/lib/python3.10/site-packages'
[6.918s] Level 1:colcon.colcon_core.shell:create_environment_hook('ros2_exercises', 'pythonpath')
[6.920s] INFO:colcon.colcon_core.shell:Creating environment hook '/home/sjamil/exercises_ws/install/ros2_exercises/share/ros2_exercises/hook/pythonpath.ps1'
[6.921s] INFO:colcon.colcon_core.shell:Creating environment descriptor '/home/sjamil/exercises_ws/install/ros2_exercises/share/ros2_exercises/hook/pythonpath.dsv'
[6.921s] INFO:colcon.colcon_core.shell:Creating environment hook '/home/sjamil/exercises_ws/install/ros2_exercises/share/ros2_exercises/hook/pythonpath.sh'
[6.922s] Level 1:colcon.colcon_core.environment:checking '/home/sjamil/exercises_ws/install/ros2_exercises/bin'
[6.924s] Level 1:colcon.colcon_core.environment:create_environment_scripts_only(ros2_exercises)
[6.925s] INFO:colcon.colcon_core.shell:Creating package script '/home/sjamil/exercises_ws/install/ros2_exercises/share/ros2_exercises/package.ps1'
[6.929s] INFO:colcon.colcon_core.shell:Creating package descriptor '/home/sjamil/exercises_ws/install/ros2_exercises/share/ros2_exercises/package.dsv'
[6.934s] INFO:colcon.colcon_core.shell:Creating package script '/home/sjamil/exercises_ws/install/ros2_exercises/share/ros2_exercises/package.sh'
[6.937s] INFO:colcon.colcon_core.shell:Creating package script '/home/sjamil/exercises_ws/install/ros2_exercises/share/ros2_exercises/package.bash'
[6.940s] INFO:colcon.colcon_core.shell:Creating package script '/home/sjamil/exercises_ws/install/ros2_exercises/share/ros2_exercises/package.zsh'
[6.942s] Level 1:colcon.colcon_core.environment:create_file_with_runtime_dependencies(/home/sjamil/exercises_ws/install/ros2_exercises/share/colcon-core/packages/ros2_exercises)
[7.588s] Level 1:colcon.colcon_core.shell:create_environment_hook('path_planner_example', 'pythonpath_develop')
[7.589s] INFO:colcon.colcon_core.shell:Creating environment hook '/home/sjamil/exercises_ws/build/path_planner_example/share/path_planner_example/hook/pythonpath_develop.ps1'
[7.590s] DEBUG:colcon.colcon_core.event_handler.log_command:Invoked command in '/home/sjamil/exercises_ws/build/path_planner_example' returned '0': PYTHONPATH=/home/sjamil/exercises_ws/build/path_planner_example/prefix_override:/usr/lib/python3/dist-packages/colcon_core/task/python/colcon_distutils_commands:/home/sjamil/exercises_ws/install/path_planner_example/lib/python3.10/site-packages:${PYTHONPATH} /usr/bin/python3 -W ignore:setup.py install is deprecated -W ignore:easy_install command is deprecated setup.py develop --editable --build-directory /home/sjamil/exercises_ws/build/path_planner_example/build --no-deps symlink_data
[7.592s] INFO:colcon.colcon_core.shell:Creating environment descriptor '/home/sjamil/exercises_ws/build/path_planner_example/share/path_planner_example/hook/pythonpath_develop.dsv'
[7.593s] INFO:colcon.colcon_core.shell:Creating environment hook '/home/sjamil/exercises_ws/build/path_planner_example/share/path_planner_example/hook/pythonpath_develop.sh'
[7.596s] Level 1:colcon.colcon_core.environment:checking '/home/sjamil/exercises_ws/install/path_planner_example' for CMake module files
[7.597s] Level 1:colcon.colcon_core.environment:checking '/home/sjamil/exercises_ws/install/path_planner_example' for CMake config files
[7.598s] Level 1:colcon.colcon_core.environment:checking '/home/sjamil/exercises_ws/install/path_planner_example/lib'
[7.599s] Level 1:colcon.colcon_core.environment:checking '/home/sjamil/exercises_ws/install/path_planner_example/bin'
[7.599s] Level 1:colcon.colcon_core.environment:checking '/home/sjamil/exercises_ws/install/path_planner_example/lib/pkgconfig/path_planner_example.pc'
[7.603s] Level 1:colcon.colcon_core.environment:checking '/home/sjamil/exercises_ws/install/path_planner_example/lib/python3.10/site-packages'
[7.604s] Level 1:colcon.colcon_core.shell:create_environment_hook('path_planner_example', 'pythonpath')
[7.604s] INFO:colcon.colcon_core.shell:Creating environment hook '/home/sjamil/exercises_ws/install/path_planner_example/share/path_planner_example/hook/pythonpath.ps1'
[7.608s] INFO:colcon.colcon_core.shell:Creating environment descriptor '/home/sjamil/exercises_ws/install/path_planner_example/share/path_planner_example/hook/pythonpath.dsv'
[7.609s] INFO:colcon.colcon_core.shell:Creating environment hook '/home/sjamil/exercises_ws/install/path_planner_example/share/path_planner_example/hook/pythonpath.sh'
[7.627s] Level 1:colcon.colcon_core.environment:checking '/home/sjamil/exercises_ws/install/path_planner_example/bin'
[7.627s] Level 1:colcon.colcon_core.environment:create_environment_scripts_only(path_planner_example)
[7.631s] INFO:colcon.colcon_core.shell:Creating package script '/home/sjamil/exercises_ws/install/path_planner_example/share/path_planner_example/package.ps1'
[7.636s] INFO:colcon.colcon_core.shell:Creating package descriptor '/home/sjamil/exercises_ws/install/path_planner_example/share/path_planner_example/package.dsv'
[7.640s] INFO:colcon.colcon_core.shell:Creating package script '/home/sjamil/exercises_ws/install/path_planner_example/share/path_planner_example/package.sh'
[7.648s] INFO:colcon.colcon_core.shell:Creating package script '/home/sjamil/exercises_ws/install/path_planner_example/share/path_planner_example/package.bash'
[7.649s] INFO:colcon.colcon_core.shell:Creating package script '/home/sjamil/exercises_ws/install/path_planner_example/share/path_planner_example/package.zsh'
[7.651s] Level 1:colcon.colcon_core.environment:create_file_with_runtime_dependencies(/home/sjamil/exercises_ws/install/path_planner_example/share/colcon-core/packages/path_planner_example)
[7.652s] DEBUG:colcon.colcon_parallel_executor.executor.parallel:closing loop
[7.652s] DEBUG:colcon.colcon_parallel_executor.executor.parallel:loop closed
[7.652s] DEBUG:colcon.colcon_parallel_executor.executor.parallel:run_until_complete finished with '0'
[7.658s] DEBUG:colcon.colcon_core.event_reactor:joining thread
[7.680s] INFO:colcon.colcon_core.plugin_system:Skipping extension 'colcon_notification.desktop_notification.terminal_notifier': Not used on non-Darwin systems
[7.683s] INFO:colcon.colcon_core.plugin_system:Skipping extension 'colcon_notification.desktop_notification.win32': Not used on non-Windows systems
[7.683s] INFO:colcon.colcon_notification.desktop_notification:Sending desktop notification using 'notify2'
[8.653s] DEBUG:colcon.colcon_core.event_reactor:joined thread
[8.654s] INFO:colcon.colcon_core.shell:Creating prefix script '/home/sjamil/exercises_ws/install/local_setup.ps1'
[8.657s] INFO:colcon.colcon_core.shell:Creating prefix util module '/home/sjamil/exercises_ws/install/_local_setup_util_ps1.py'
[8.660s] INFO:colcon.colcon_core.shell:Creating prefix chain script '/home/sjamil/exercises_ws/install/setup.ps1'
[8.666s] INFO:colcon.colcon_core.shell:Creating prefix script '/home/sjamil/exercises_ws/install/local_setup.sh'
[8.667s] INFO:colcon.colcon_core.shell:Creating prefix util module '/home/sjamil/exercises_ws/install/_local_setup_util_sh.py'
[8.668s] INFO:colcon.colcon_core.shell:Creating prefix chain script '/home/sjamil/exercises_ws/install/setup.sh'
[8.673s] INFO:colcon.colcon_core.shell:Creating prefix script '/home/sjamil/exercises_ws/install/local_setup.bash'
[8.674s] INFO:colcon.colcon_core.shell:Creating prefix chain script '/home/sjamil/exercises_ws/install/setup.bash'
[8.678s] INFO:colcon.colcon_core.shell:Creating prefix script '/home/sjamil/exercises_ws/install/local_setup.zsh'
[8.680s] INFO:colcon.colcon_core.shell:Creating prefix chain script '/home/sjamil/exercises_ws/install/setup.zsh'
