running develop
running egg_info
creating ros2_exercises2.egg-info
writing ros2_exercises2.egg-info/PKG-INFO
writing dependency_links to ros2_exercises2.egg-info/dependency_links.txt
writing entry points to ros2_exercises2.egg-info/entry_points.txt
writing requirements to ros2_exercises2.egg-info/requires.txt
writing top-level names to ros2_exercises2.egg-info/top_level.txt
writing manifest file 'ros2_exercises2.egg-info/SOURCES.txt'
reading manifest file 'ros2_exercises2.egg-info/SOURCES.txt'
writing manifest file 'ros2_exercises2.egg-info/SOURCES.txt'
running build_ext
Creating /home/sjamil/exercises_ws/install/ros2_exercises2/lib/python3.10/site-packages/ros2-exercises2.egg-link (link to .)
Installing odometry_publsiher script to /home/sjamil/exercises_ws/install/ros2_exercises2/lib/ros2_exercises2

Installed /home/sjamil/exercises_ws/build/ros2_exercises2
running symlink_data
creating /home/sjamil/exercises_ws/install/ros2_exercises2/share/ament_index
creating /home/sjamil/exercises_ws/install/ros2_exercises2/share/ament_index/resource_index
creating /home/sjamil/exercises_ws/install/ros2_exercises2/share/ament_index/resource_index/packages
symbolically linking /home/sjamil/exercises_ws/build/ros2_exercises2/resource/ros2_exercises2 -> /home/sjamil/exercises_ws/install/ros2_exercises2/share/ament_index/resource_index/packages
symbolically linking /home/sjamil/exercises_ws/build/ros2_exercises2/package.xml -> /home/sjamil/exercises_ws/install/ros2_exercises2/share/ros2_exercises2
